<?xml version="1.0" encoding="UTF-8" ?>
<testsuites name="vitest tests" tests="96" failures="36" errors="0" time="7.7617886">
    <testsuite name="test/apps/account.test.tsx" timestamp="2026-08-07T00:22:45.157Z" hostname="Jane" tests="96" failures="36" errors="0" skipped="0" time="7.7617886">
        <testcase classname="test/apps/account.test.tsx" name="AccountPage — auth guard &gt; redirects to /auth/signin and renders nothing when there is no userUid" time="0.0175861">
        </testcase>
        <testcase classname="test/apps/account.test.tsx" name="AccountPage — profile loading &gt; shows &apos;there&apos; and no email when no profile exists yet (404)" time="0.0273737">
        </testcase>
        <testcase classname="test/apps/account.test.tsx" name="AccountPage — profile loading &gt; populates the form and header from an existing profile" time="0.0278337">
            <failure message="[2mexpect([22m[31melement[39m[2m).toHaveValue([22m[32mAda[39m[2m)[22m

Expected the element to have value:
[32m  Ada[39m
Received:
[31m[39m" type="Error">
Error: expect(element).toHaveValue(Ada)

Expected the element to have value:
  Ada
Received:

 ❯ test/apps/account.test.tsx:184:53
            </failure>
        </testcase>
        <testcase classname="test/apps/account.test.tsx" name="AccountPage — profile loading &gt; falls back to the e-mail contact and its initial when there is no name" time="0.0323696">
        </testcase>
        <testcase classname="test/apps/account.test.tsx" name="AccountPage — profile loading &gt; shows an error message for a non-404 profile load failure (ApiRequestError)" time="0.0302432">
        </testcase>
        <testcase classname="test/apps/account.test.tsx" name="AccountPage — profile loading &gt; shows a generic error message for a non-API profile load failure" time="0.0133851">
        </testcase>
        <testcase classname="test/apps/account.test.tsx" name="AccountPage — profile saving &gt; creates a profile (POST) the first time, when none existed" time="0.6075348">
        </testcase>
        <testcase classname="test/apps/account.test.tsx" name="AccountPage — profile saving &gt; updates the profile (PUT) with uid/version when one already exists" time="0.2342672">
        </testcase>
        <testcase classname="test/apps/account.test.tsx" name="AccountPage — profile saving &gt; clears the &apos;Saved.&apos; indicator again once a field changes" time="0.1279716">
        </testcase>
        <testcase classname="test/apps/account.test.tsx" name="AccountPage — profile saving &gt; shows the ApiRequestError message when saving fails" time="0.0752833">
        </testcase>
        <testcase classname="test/apps/account.test.tsx" name="AccountPage — profile saving &gt; shows a generic message when saving fails with a non-API error" time="0.0779224">
        </testcase>
        <testcase classname="test/apps/account.test.tsx" name="AccountPage — username &gt; shows an inline add form when there is no username alias" time="0.0072532">
        </testcase>
        <testcase classname="test/apps/account.test.tsx" name="AccountPage — username &gt; adds a username via the inline form" time="0.2542633">
        </testcase>
        <testcase classname="test/apps/account.test.tsx" name="AccountPage — username &gt; shows the ApiRequestError message when adding a username fails" time="0.2574889">
        </testcase>
        <testcase classname="test/apps/account.test.tsx" name="AccountPage — username &gt; shows a generic message when adding a username fails with a non-API error" time="0.2328327">
        </testcase>
        <testcase classname="test/apps/account.test.tsx" name="AccountPage — username &gt; shows the existing username read-only with a Change button" time="0.0128969">
        </testcase>
        <testcase classname="test/apps/account.test.tsx" name="AccountPage — username &gt; changes the username via the modal, replacing the old alias with the new one" time="0.3596065">
        </testcase>
        <testcase classname="test/apps/account.test.tsx" name="AccountPage — username &gt; shows the ApiRequestError message when changing the username fails, without closing the modal" time="0.375261">
        </testcase>
        <testcase classname="test/apps/account.test.tsx" name="AccountPage — username &gt; shows a generic message when changing the username fails with a non-API error" time="0.3420225">
        </testcase>
        <testcase classname="test/apps/account.test.tsx" name="AccountPage — username &gt; clears the error and value when the change-username modal is closed and reopened" time="0.501886">
        </testcase>
        <testcase classname="test/apps/account.test.tsx" name="AccountPage — contacts loading &gt; shows the ApiRequestError message on alias load failure" time="0.0120158">
        </testcase>
        <testcase classname="test/apps/account.test.tsx" name="AccountPage — contacts loading &gt; shows a generic message when listing aliases fails with a non-API error" time="0.0162434">
        </testcase>
        <testcase classname="test/apps/account.test.tsx" name="AccountPage — contacts loading &gt; renders no table when there are no contacts" time="0.0099376">
        </testcase>
        <testcase classname="test/apps/account.test.tsx" name="AccountPage — contacts table &gt; renders an unverified contact with a Verify action" time="0.0300876">
        </testcase>
        <testcase classname="test/apps/account.test.tsx" name="AccountPage — contacts table &gt; renders a verified contact with no matching alias as &apos;Enable&apos;" time="0.0198353">
        </testcase>
        <testcase classname="test/apps/account.test.tsx" name="AccountPage — contacts table &gt; renders a verified contact with a matching alias as &apos;Disable&apos;" time="0.0265548">
        </testcase>
        <testcase classname="test/apps/account.test.tsx" name="AccountPage — contacts table &gt; adds a contact (creating the profile, since none existed) and opens the verify modal" time="0.0177057">
            <failure message="Unable to find an accessible element with the role &quot;button&quot; and name &quot;+ Add&quot;

Here are the accessible roles:

  paragraph:

  Name &quot;&quot;:
  [36m&lt;p[39m
    [33mclass[39m=[32m&quot;rr-card__subtitle&quot;[39m
  [36m/&gt;[39m

  --------------------------------------------------
  button:

  Name &quot;+&quot;:
  [36m&lt;button[39m
    [33mclass[39m=[32m&quot;rr-button rr-button--secondary&quot;[39m
    [33mstyle[39m=[32m&quot;width: auto;&quot;[39m
    [33mtype[39m=[32m&quot;button&quot;[39m
  [36m/&gt;[39m

  --------------------------------------------------

Ignored nodes: comments, script, style
[36m&lt;div[39m
  [33mclass[39m=[32m&quot;rr-card&quot;[39m
[36m&gt;[39m
  [36m&lt;div[39m
    [33mstyle[39m=[32m&quot;display: flex; align-items: center; justify-content: space-between;&quot;[39m
  [36m&gt;[39m
    [36m&lt;div&gt;[39m
      [36m&lt;div[39m
        [33mclass[39m=[32m&quot;rr-card__title&quot;[39m
      [36m&gt;[39m
        [0mContacts[0m
      [36m&lt;/div&gt;[39m
      [36m&lt;p[39m
        [33mclass[39m=[32m&quot;rr-card__subtitle&quot;[39m
      [36m&gt;[39m
        [0mThe e-mail addresses and phone numbers on your account. Verify one to sign in with it.[0m
      [36m&lt;/p&gt;[39m
    [36m&lt;/div&gt;[39m
    [36m&lt;button[39m
      [33mclass[39m=[32m&quot;rr-button rr-button--secondary&quot;[39m
      [33mstyle[39m=[32m&quot;width: auto;&quot;[39m
      [33mtype[39m=[32m&quot;button&quot;[39m
    [36m&gt;[39m
      [0m+[0m
    [36m&lt;/button&gt;[39m
  [36m&lt;/div&gt;[39m
[36m&lt;/div&gt;[39m" type="TestingLibraryElementError">
TestingLibraryElementError: Unable to find an accessible element with the role &quot;button&quot; and name &quot;+ Add&quot;

Here are the accessible roles:

  paragraph:

  Name &quot;&quot;:
  &lt;p
    class=&quot;rr-card__subtitle&quot;
  /&gt;

  --------------------------------------------------
  button:

  Name &quot;+&quot;:
  &lt;button
    class=&quot;rr-button rr-button--secondary&quot;
    style=&quot;width: auto;&quot;
    type=&quot;button&quot;
  /&gt;

  --------------------------------------------------

Ignored nodes: comments, script, style
&lt;div
  class=&quot;rr-card&quot;
&gt;
  &lt;div
    style=&quot;display: flex; align-items: center; justify-content: space-between;&quot;
  &gt;
    &lt;div&gt;
      &lt;div
        class=&quot;rr-card__title&quot;
      &gt;
        Contacts
      &lt;/div&gt;
      &lt;p
        class=&quot;rr-card__subtitle&quot;
      &gt;
        The e-mail addresses and phone numbers on your account. Verify one to sign in with it.
      &lt;/p&gt;
    &lt;/div&gt;
    &lt;button
      class=&quot;rr-button rr-button--secondary&quot;
      style=&quot;width: auto;&quot;
      type=&quot;button&quot;
    &gt;
      +
    &lt;/button&gt;
  &lt;/div&gt;
&lt;/div&gt;
 ❯ Object.getElementError node_modules/@testing-library/dom/dist/config.js:37:19
 ❯ node_modules/@testing-library/dom/dist/query-helpers.js:76:38
 ❯ node_modules/@testing-library/dom/dist/query-helpers.js:52:17
 ❯ getByRole node_modules/@testing-library/dom/dist/query-helpers.js:95:19
 ❯ openAddContactModal test/apps/account.test.tsx:466:49
 ❯ test/apps/account.test.tsx:473:24
            </failure>
        </testcase>
        <testcase classname="test/apps/account.test.tsx" name="AccountPage — contacts table &gt; adds a phone contact via the type selector to an existing profile" time="0.0443932">
            <failure message="Unable to find an accessible element with the role &quot;button&quot; and name &quot;+ Add&quot;

Here are the accessible roles:

  paragraph:

  Name &quot;&quot;:
  [36m&lt;p[39m
    [33mclass[39m=[32m&quot;rr-card__subtitle&quot;[39m
  [36m/&gt;[39m

  --------------------------------------------------
  button:

  Name &quot;+&quot;:
  [36m&lt;button[39m
    [33mclass[39m=[32m&quot;rr-button rr-button--secondary&quot;[39m
    [33mstyle[39m=[32m&quot;width: auto;&quot;[39m
    [33mtype[39m=[32m&quot;button&quot;[39m
  [36m/&gt;[39m

  --------------------------------------------------table:

  Name &quot;&quot;:
  [36m&lt;table[39m
    [33mclass[39m=[32m&quot;rr-table&quot;[39m
  [36m/&gt;[39m

  --------------------------------------------------
  rowgroup:

  Name &quot;&quot;:
  [36m&lt;thead /&gt;[39m

  Name &quot;&quot;:
  [36m&lt;tbody /&gt;[39m

  --------------------------------------------------
  row:

  Name &quot;Contact Type Status Sign-in&quot;:
  [36m&lt;tr /&gt;[39m

  Name &quot;ada@example.com E-mail Verified Enable Remove&quot;:
  [36m&lt;tr /&gt;[39m

  --------------------------------------------------
  columnheader:

  Name &quot;Contact&quot;:
  [36m&lt;th /&gt;[39m

  Name &quot;Type&quot;:
  [36m&lt;th /&gt;[39m

  Name &quot;Status&quot;:
  [36m&lt;th /&gt;[39m

  Name &quot;Sign-in&quot;:
  [36m&lt;th /&gt;[39m

  Name &quot;&quot;:
  [36m&lt;th /&gt;[39m

  --------------------------------------------------
  cell:

  Name &quot;ada@example.com&quot;:
  [36m&lt;td /&gt;[39m

  Name &quot;E-mail&quot;:
  [36m&lt;td /&gt;[39m

  Name &quot;Verified&quot;:
  [36m&lt;td /&gt;[39m

  Name &quot;Enable&quot;:
  [36m&lt;td /&gt;[39m

  Name &quot;Remove&quot;:
  [36m&lt;td /&gt;[39m

  --------------------------------------------------
  button:

  Name &quot;Enable&quot;:
  [36m&lt;button[39m
    [33mclass[39m=[32m&quot;rr-button--text&quot;[39m
    [33mtype[39m=[32m&quot;button&quot;[39m
  [36m/&gt;[39m

  Name &quot;Remove&quot;:
  [36m&lt;button[39m
    [33mclass[39m=[32m&quot;rr-button--text&quot;[39m
    [33mdisabled[39m=[32m&quot;&quot;[39m
    [33mtitle[39m=[32m&quot;You must keep at least one verified contact.&quot;[39m
    [33mtype[39m=[32m&quot;button&quot;[39m
  [36m/&gt;[39m

  --------------------------------------------------

Ignored nodes: comments, script, style
[36m&lt;div[39m
  [33mclass[39m=[32m&quot;rr-card&quot;[39m
[36m&gt;[39m
  [36m&lt;div[39m
    [33mstyle[39m=[32m&quot;display: flex; align-items: center; justify-content: space-between;&quot;[39m
  [36m&gt;[39m
    [36m&lt;div&gt;[39m
      [36m&lt;div[39m
        [33mclass[39m=[32m&quot;rr-card__title&quot;[39m
      [36m&gt;[39m
        [0mContacts[0m
      [36m&lt;/div&gt;[39m
      [36m&lt;p[39m
        [33mclass[39m=[32m&quot;rr-card__subtitle&quot;[39m
      [36m&gt;[39m
        [0mThe e-mail addresses and phone numbers on your account. Verify one to sign in with it.[0m
      [36m&lt;/p&gt;[39m
    [36m&lt;/div&gt;[39m
    [36m&lt;button[39m
      [33mclass[39m=[32m&quot;rr-button rr-button--secondary&quot;[39m
      [33mstyle[39m=[32m&quot;width: auto;&quot;[39m
      [33mtype[39m=[32m&quot;button&quot;[39m
    [36m&gt;[39m
      [0m+[0m
    [36m&lt;/button&gt;[39m
  [36m&lt;/div&gt;[39m
  [36m&lt;div[39m
    [33mstyle[39m=[32m&quot;overflow-x: auto;&quot;[39m
  [36m&gt;[39m
    [36m&lt;table[39m
      [33mclass[39m=[32m&quot;rr-table&quot;[39m
    [36m&gt;[39m
      [36m&lt;thead&gt;[39m
        [36m&lt;tr&gt;[39m
          [36m&lt;th&gt;[39m
            [0mContact[0m
          [36m&lt;/th&gt;[39m
          [36m&lt;th&gt;[39m
            [0mType[0m
          [36m&lt;/th&gt;[39m
          [36m&lt;th&gt;[39m
            [0mStatus[0m
          [36m&lt;/th&gt;[39m
          [36m&lt;th&gt;[39m
            [0mSign-in[0m
          [36m&lt;/th&gt;[39m
          [36m&lt;th /&gt;[39m
        [36m&lt;/tr&gt;[39m
      [36m&lt;/thead&gt;[39m
      [36m&lt;tbody&gt;[39m
        [36m&lt;tr&gt;[39m
          [36m&lt;td&gt;[39m
            [0mada@example.com[0m
          [36m&lt;/td&gt;[39m
          [36m&lt;td&gt;[39m
            [0mE-mail[0m
          [36m&lt;/td&gt;[39m
          [36m&lt;td&gt;[39m
            [36m&lt;span[39m
              [33mclass[39m=[32m&quot;rr-badge rr-badge--success&quot;[39m
            [36m&gt;[39m
              [0mVerified[0m
            [36m&lt;/span&gt;[39m
          [36m&lt;/td&gt;[39m
          [36m&lt;td&gt;[39m
            [36m&lt;button[39m
              [33mclass[39m=[32m&quot;rr-button--text&quot;[39m
              [33mtype[39m=[32m&quot;button&quot;[39m
            [36m&gt;[39m
              [0mEnable[0m
            [36m&lt;/button&gt;[39m
          [36m&lt;/td&gt;[39m
          [36m&lt;td&gt;[39m
            [36m&lt;button[39m
              [33mclass[39m=[32m&quot;rr-button--text&quot;[39m
              [33mdisabled[39m=[32m&quot;&quot;[39m
              [33mtitle[39m=[32m&quot;You must keep at least one verified contact.&quot;[39m
              [33mtype[39m=[32m&quot;button&quot;[39m
            [36m&gt;[39m
              [0mRemove[0m
            [36m&lt;/button&gt;[39m
          [36m&lt;/td&gt;[39m
        [36m&lt;/tr&gt;[39m
      [36m&lt;/tbody&gt;[39m
    [36m&lt;/table&gt;[39m
  [36m&lt;/div&gt;[39m
[36m&lt;/div&gt;[39m" type="TestingLibraryElementError">
TestingLibraryElementError: Unable to find an accessible element with the role &quot;button&quot; and name &quot;+ Add&quot;

Here are the accessible roles:

  paragraph:

  Name &quot;&quot;:
  &lt;p
    class=&quot;rr-card__subtitle&quot;
  /&gt;

  --------------------------------------------------
  button:

  Name &quot;+&quot;:
  &lt;button
    class=&quot;rr-button rr-button--secondary&quot;
    style=&quot;width: auto;&quot;
    type=&quot;button&quot;
  /&gt;

  --------------------------------------------------table:

  Name &quot;&quot;:
  &lt;table
    class=&quot;rr-table&quot;
  /&gt;

  --------------------------------------------------
  rowgroup:

  Name &quot;&quot;:
  &lt;thead /&gt;

  Name &quot;&quot;:
  &lt;tbody /&gt;

  --------------------------------------------------
  row:

  Name &quot;Contact Type Status Sign-in&quot;:
  &lt;tr /&gt;

  Name &quot;ada@example.com E-mail Verified Enable Remove&quot;:
  &lt;tr /&gt;

  --------------------------------------------------
  columnheader:

  Name &quot;Contact&quot;:
  &lt;th /&gt;

  Name &quot;Type&quot;:
  &lt;th /&gt;

  Name &quot;Status&quot;:
  &lt;th /&gt;

  Name &quot;Sign-in&quot;:
  &lt;th /&gt;

  Name &quot;&quot;:
  &lt;th /&gt;

  --------------------------------------------------
  cell:

  Name &quot;ada@example.com&quot;:
  &lt;td /&gt;

  Name &quot;E-mail&quot;:
  &lt;td /&gt;

  Name &quot;Verified&quot;:
  &lt;td /&gt;

  Name &quot;Enable&quot;:
  &lt;td /&gt;

  Name &quot;Remove&quot;:
  &lt;td /&gt;

  --------------------------------------------------
  button:

  Name &quot;Enable&quot;:
  &lt;button
    class=&quot;rr-button--text&quot;
    type=&quot;button&quot;
  /&gt;

  Name &quot;Remove&quot;:
  &lt;button
    class=&quot;rr-button--text&quot;
    disabled=&quot;&quot;
    title=&quot;You must keep at least one verified contact.&quot;
    type=&quot;button&quot;
  /&gt;

  --------------------------------------------------

Ignored nodes: comments, script, style
&lt;div
  class=&quot;rr-card&quot;
&gt;
  &lt;div
    style=&quot;display: flex; align-items: center; justify-content: space-between;&quot;
  &gt;
    &lt;div&gt;
      &lt;div
        class=&quot;rr-card__title&quot;
      &gt;
        Contacts
      &lt;/div&gt;
      &lt;p
        class=&quot;rr-card__subtitle&quot;
      &gt;
        The e-mail addresses and phone numbers on your account. Verify one to sign in with it.
      &lt;/p&gt;
    &lt;/div&gt;
    &lt;button
      class=&quot;rr-button rr-button--secondary&quot;
      style=&quot;width: auto;&quot;
      type=&quot;button&quot;
    &gt;
      +
    &lt;/button&gt;
  &lt;/div&gt;
  &lt;div
    style=&quot;overflow-x: auto;&quot;
  &gt;
    &lt;table
      class=&quot;rr-table&quot;
    &gt;
      &lt;thead&gt;
        &lt;tr&gt;
          &lt;th&gt;
            Contact
          &lt;/th&gt;
          &lt;th&gt;
            Type
          &lt;/th&gt;
          &lt;th&gt;
            Status
          &lt;/th&gt;
          &lt;th&gt;
            Sign-in
          &lt;/th&gt;
          &lt;th /&gt;
        &lt;/tr&gt;
      &lt;/thead&gt;
      &lt;tbody&gt;
        &lt;tr&gt;
          &lt;td&gt;
            ada@example.com
          &lt;/td&gt;
          &lt;td&gt;
            E-mail
          &lt;/td&gt;
          &lt;td&gt;
            &lt;span
              class=&quot;rr-badge rr-badge--success&quot;
            &gt;
              Verified
            &lt;/span&gt;
          &lt;/td&gt;
          &lt;td&gt;
            &lt;button
              class=&quot;rr-button--text&quot;
              type=&quot;button&quot;
            &gt;
              Enable
            &lt;/button&gt;
          &lt;/td&gt;
          &lt;td&gt;
            &lt;button
              class=&quot;rr-button--text&quot;
              disabled=&quot;&quot;
              title=&quot;You must keep at least one verified contact.&quot;
              type=&quot;button&quot;
            &gt;
              Remove
            &lt;/button&gt;
          &lt;/td&gt;
        &lt;/tr&gt;
      &lt;/tbody&gt;
    &lt;/table&gt;
  &lt;/div&gt;
&lt;/div&gt;
 ❯ Object.getElementError node_modules/@testing-library/dom/dist/config.js:37:19
 ❯ node_modules/@testing-library/dom/dist/query-helpers.js:76:38
 ❯ node_modules/@testing-library/dom/dist/query-helpers.js:52:17
 ❯ getByRole node_modules/@testing-library/dom/dist/query-helpers.js:95:19
 ❯ openAddContactModal test/apps/account.test.tsx:466:49
 ❯ test/apps/account.test.tsx:491:24
            </failure>
        </testcase>
        <testcase classname="test/apps/account.test.tsx" name="AccountPage — contacts table &gt; shows the ApiRequestError message when adding a contact fails, without closing the modal" time="0.0153948">
            <failure message="Unable to find an accessible element with the role &quot;button&quot; and name &quot;+ Add&quot;

Here are the accessible roles:

  paragraph:

  Name &quot;&quot;:
  [36m&lt;p[39m
    [33mclass[39m=[32m&quot;rr-card__subtitle&quot;[39m
  [36m/&gt;[39m

  --------------------------------------------------
  button:

  Name &quot;+&quot;:
  [36m&lt;button[39m
    [33mclass[39m=[32m&quot;rr-button rr-button--secondary&quot;[39m
    [33mstyle[39m=[32m&quot;width: auto;&quot;[39m
    [33mtype[39m=[32m&quot;button&quot;[39m
  [36m/&gt;[39m

  --------------------------------------------------

Ignored nodes: comments, script, style
[36m&lt;div[39m
  [33mclass[39m=[32m&quot;rr-card&quot;[39m
[36m&gt;[39m
  [36m&lt;div[39m
    [33mstyle[39m=[32m&quot;display: flex; align-items: center; justify-content: space-between;&quot;[39m
  [36m&gt;[39m
    [36m&lt;div&gt;[39m
      [36m&lt;div[39m
        [33mclass[39m=[32m&quot;rr-card__title&quot;[39m
      [36m&gt;[39m
        [0mContacts[0m
      [36m&lt;/div&gt;[39m
      [36m&lt;p[39m
        [33mclass[39m=[32m&quot;rr-card__subtitle&quot;[39m
      [36m&gt;[39m
        [0mThe e-mail addresses and phone numbers on your account. Verify one to sign in with it.[0m
      [36m&lt;/p&gt;[39m
    [36m&lt;/div&gt;[39m
    [36m&lt;button[39m
      [33mclass[39m=[32m&quot;rr-button rr-button--secondary&quot;[39m
      [33mstyle[39m=[32m&quot;width: auto;&quot;[39m
      [33mtype[39m=[32m&quot;button&quot;[39m
    [36m&gt;[39m
      [0m+[0m
    [36m&lt;/button&gt;[39m
  [36m&lt;/div&gt;[39m
[36m&lt;/div&gt;[39m" type="TestingLibraryElementError">
TestingLibraryElementError: Unable to find an accessible element with the role &quot;button&quot; and name &quot;+ Add&quot;

Here are the accessible roles:

  paragraph:

  Name &quot;&quot;:
  &lt;p
    class=&quot;rr-card__subtitle&quot;
  /&gt;

  --------------------------------------------------
  button:

  Name &quot;+&quot;:
  &lt;button
    class=&quot;rr-button rr-button--secondary&quot;
    style=&quot;width: auto;&quot;
    type=&quot;button&quot;
  /&gt;

  --------------------------------------------------

Ignored nodes: comments, script, style
&lt;div
  class=&quot;rr-card&quot;
&gt;
  &lt;div
    style=&quot;display: flex; align-items: center; justify-content: space-between;&quot;
  &gt;
    &lt;div&gt;
      &lt;div
        class=&quot;rr-card__title&quot;
      &gt;
        Contacts
      &lt;/div&gt;
      &lt;p
        class=&quot;rr-card__subtitle&quot;
      &gt;
        The e-mail addresses and phone numbers on your account. Verify one to sign in with it.
      &lt;/p&gt;
    &lt;/div&gt;
    &lt;button
      class=&quot;rr-button rr-button--secondary&quot;
      style=&quot;width: auto;&quot;
      type=&quot;button&quot;
    &gt;
      +
    &lt;/button&gt;
  &lt;/div&gt;
&lt;/div&gt;
 ❯ Object.getElementError node_modules/@testing-library/dom/dist/config.js:37:19
 ❯ node_modules/@testing-library/dom/dist/query-helpers.js:76:38
 ❯ node_modules/@testing-library/dom/dist/query-helpers.js:52:17
 ❯ getByRole node_modules/@testing-library/dom/dist/query-helpers.js:95:19
 ❯ openAddContactModal test/apps/account.test.tsx:466:49
 ❯ test/apps/account.test.tsx:514:24
            </failure>
        </testcase>
        <testcase classname="test/apps/account.test.tsx" name="AccountPage — contacts table &gt; shows a generic message when adding a contact fails with a non-API error" time="0.0154617">
            <failure message="Unable to find an accessible element with the role &quot;button&quot; and name &quot;+ Add&quot;

Here are the accessible roles:

  paragraph:

  Name &quot;&quot;:
  [36m&lt;p[39m
    [33mclass[39m=[32m&quot;rr-card__subtitle&quot;[39m
  [36m/&gt;[39m

  --------------------------------------------------
  button:

  Name &quot;+&quot;:
  [36m&lt;button[39m
    [33mclass[39m=[32m&quot;rr-button rr-button--secondary&quot;[39m
    [33mstyle[39m=[32m&quot;width: auto;&quot;[39m
    [33mtype[39m=[32m&quot;button&quot;[39m
  [36m/&gt;[39m

  --------------------------------------------------

Ignored nodes: comments, script, style
[36m&lt;div[39m
  [33mclass[39m=[32m&quot;rr-card&quot;[39m
[36m&gt;[39m
  [36m&lt;div[39m
    [33mstyle[39m=[32m&quot;display: flex; align-items: center; justify-content: space-between;&quot;[39m
  [36m&gt;[39m
    [36m&lt;div&gt;[39m
      [36m&lt;div[39m
        [33mclass[39m=[32m&quot;rr-card__title&quot;[39m
      [36m&gt;[39m
        [0mContacts[0m
      [36m&lt;/div&gt;[39m
      [36m&lt;p[39m
        [33mclass[39m=[32m&quot;rr-card__subtitle&quot;[39m
      [36m&gt;[39m
        [0mThe e-mail addresses and phone numbers on your account. Verify one to sign in with it.[0m
      [36m&lt;/p&gt;[39m
    [36m&lt;/div&gt;[39m
    [36m&lt;button[39m
      [33mclass[39m=[32m&quot;rr-button rr-button--secondary&quot;[39m
      [33mstyle[39m=[32m&quot;width: auto;&quot;[39m
      [33mtype[39m=[32m&quot;button&quot;[39m
    [36m&gt;[39m
      [0m+[0m
    [36m&lt;/button&gt;[39m
  [36m&lt;/div&gt;[39m
[36m&lt;/div&gt;[39m" type="TestingLibraryElementError">
TestingLibraryElementError: Unable to find an accessible element with the role &quot;button&quot; and name &quot;+ Add&quot;

Here are the accessible roles:

  paragraph:

  Name &quot;&quot;:
  &lt;p
    class=&quot;rr-card__subtitle&quot;
  /&gt;

  --------------------------------------------------
  button:

  Name &quot;+&quot;:
  &lt;button
    class=&quot;rr-button rr-button--secondary&quot;
    style=&quot;width: auto;&quot;
    type=&quot;button&quot;
  /&gt;

  --------------------------------------------------

Ignored nodes: comments, script, style
&lt;div
  class=&quot;rr-card&quot;
&gt;
  &lt;div
    style=&quot;display: flex; align-items: center; justify-content: space-between;&quot;
  &gt;
    &lt;div&gt;
      &lt;div
        class=&quot;rr-card__title&quot;
      &gt;
        Contacts
      &lt;/div&gt;
      &lt;p
        class=&quot;rr-card__subtitle&quot;
      &gt;
        The e-mail addresses and phone numbers on your account. Verify one to sign in with it.
      &lt;/p&gt;
    &lt;/div&gt;
    &lt;button
      class=&quot;rr-button rr-button--secondary&quot;
      style=&quot;width: auto;&quot;
      type=&quot;button&quot;
    &gt;
      +
    &lt;/button&gt;
  &lt;/div&gt;
&lt;/div&gt;
 ❯ Object.getElementError node_modules/@testing-library/dom/dist/config.js:37:19
 ❯ node_modules/@testing-library/dom/dist/query-helpers.js:76:38
 ❯ node_modules/@testing-library/dom/dist/query-helpers.js:52:17
 ❯ getByRole node_modules/@testing-library/dom/dist/query-helpers.js:95:19
 ❯ openAddContactModal test/apps/account.test.tsx:466:49
 ❯ test/apps/account.test.tsx:527:24
            </failure>
        </testcase>
        <testcase classname="test/apps/account.test.tsx" name="AccountPage — contacts table &gt; clears the type/value and error when the add-contact modal is closed and reopened" time="0.015334">
            <failure message="Unable to find an accessible element with the role &quot;button&quot; and name &quot;+ Add&quot;

Here are the accessible roles:

  paragraph:

  Name &quot;&quot;:
  [36m&lt;p[39m
    [33mclass[39m=[32m&quot;rr-card__subtitle&quot;[39m
  [36m/&gt;[39m

  --------------------------------------------------
  button:

  Name &quot;+&quot;:
  [36m&lt;button[39m
    [33mclass[39m=[32m&quot;rr-button rr-button--secondary&quot;[39m
    [33mstyle[39m=[32m&quot;width: auto;&quot;[39m
    [33mtype[39m=[32m&quot;button&quot;[39m
  [36m/&gt;[39m

  --------------------------------------------------

Ignored nodes: comments, script, style
[36m&lt;div[39m
  [33mclass[39m=[32m&quot;rr-card&quot;[39m
[36m&gt;[39m
  [36m&lt;div[39m
    [33mstyle[39m=[32m&quot;display: flex; align-items: center; justify-content: space-between;&quot;[39m
  [36m&gt;[39m
    [36m&lt;div&gt;[39m
      [36m&lt;div[39m
        [33mclass[39m=[32m&quot;rr-card__title&quot;[39m
      [36m&gt;[39m
        [0mContacts[0m
      [36m&lt;/div&gt;[39m
      [36m&lt;p[39m
        [33mclass[39m=[32m&quot;rr-card__subtitle&quot;[39m
      [36m&gt;[39m
        [0mThe e-mail addresses and phone numbers on your account. Verify one to sign in with it.[0m
      [36m&lt;/p&gt;[39m
    [36m&lt;/div&gt;[39m
    [36m&lt;button[39m
      [33mclass[39m=[32m&quot;rr-button rr-button--secondary&quot;[39m
      [33mstyle[39m=[32m&quot;width: auto;&quot;[39m
      [33mtype[39m=[32m&quot;button&quot;[39m
    [36m&gt;[39m
      [0m+[0m
    [36m&lt;/button&gt;[39m
  [36m&lt;/div&gt;[39m
[36m&lt;/div&gt;[39m" type="TestingLibraryElementError">
TestingLibraryElementError: Unable to find an accessible element with the role &quot;button&quot; and name &quot;+ Add&quot;

Here are the accessible roles:

  paragraph:

  Name &quot;&quot;:
  &lt;p
    class=&quot;rr-card__subtitle&quot;
  /&gt;

  --------------------------------------------------
  button:

  Name &quot;+&quot;:
  &lt;button
    class=&quot;rr-button rr-button--secondary&quot;
    style=&quot;width: auto;&quot;
    type=&quot;button&quot;
  /&gt;

  --------------------------------------------------

Ignored nodes: comments, script, style
&lt;div
  class=&quot;rr-card&quot;
&gt;
  &lt;div
    style=&quot;display: flex; align-items: center; justify-content: space-between;&quot;
  &gt;
    &lt;div&gt;
      &lt;div
        class=&quot;rr-card__title&quot;
      &gt;
        Contacts
      &lt;/div&gt;
      &lt;p
        class=&quot;rr-card__subtitle&quot;
      &gt;
        The e-mail addresses and phone numbers on your account. Verify one to sign in with it.
      &lt;/p&gt;
    &lt;/div&gt;
    &lt;button
      class=&quot;rr-button rr-button--secondary&quot;
      style=&quot;width: auto;&quot;
      type=&quot;button&quot;
    &gt;
      +
    &lt;/button&gt;
  &lt;/div&gt;
&lt;/div&gt;
 ❯ Object.getElementError node_modules/@testing-library/dom/dist/config.js:37:19
 ❯ node_modules/@testing-library/dom/dist/query-helpers.js:76:38
 ❯ node_modules/@testing-library/dom/dist/query-helpers.js:52:17
 ❯ getByRole node_modules/@testing-library/dom/dist/query-helpers.js:95:19
 ❯ openAddContactModal test/apps/account.test.tsx:466:49
 ❯ test/apps/account.test.tsx:539:22
            </failure>
        </testcase>
        <testcase classname="test/apps/account.test.tsx" name="AccountPage — contacts table &gt; verifies a contact successfully, updating the profile and closing the modal" time="0.2742369">
        </testcase>
        <testcase classname="test/apps/account.test.tsx" name="AccountPage — contacts table &gt; shows a fixed message on an invalid verification code" time="0.2932465">
        </testcase>
        <testcase classname="test/apps/account.test.tsx" name="AccountPage — contacts table &gt; shows a generic message when verification fails with a non-API error" time="0.3274982">
        </testcase>
        <testcase classname="test/apps/account.test.tsx" name="AccountPage — contacts table &gt; resends a verification code and shows a confirmation" time="0.1727564">
        </testcase>
        <testcase classname="test/apps/account.test.tsx" name="AccountPage — contacts table &gt; shows the ApiRequestError message when resending fails" time="0.1753428">
        </testcase>
        <testcase classname="test/apps/account.test.tsx" name="AccountPage — contacts table &gt; shows a generic message when resending fails with a non-API error" time="0.1690674">
        </testcase>
        <testcase classname="test/apps/account.test.tsx" name="AccountPage — contacts table &gt; clears the resend confirmation and error when the verify modal is closed and reopened" time="0.2696097">
        </testcase>
        <testcase classname="test/apps/account.test.tsx" name="AccountPage — contacts table &gt; enables sign-in for a verified contact" time="0.1061921">
        </testcase>
        <testcase classname="test/apps/account.test.tsx" name="AccountPage — contacts table &gt; disables sign-in for a verified contact when another enabled alias remains" time="0.0925989">
        </testcase>
        <testcase classname="test/apps/account.test.tsx" name="AccountPage — contacts table &gt; disables the Disable action when it is the only enabled sign-in method" time="0.0173807">
        </testcase>
        <testcase classname="test/apps/account.test.tsx" name="AccountPage — contacts table &gt; shows the ApiRequestError message when toggling sign-in fails" time="0.0922477">
        </testcase>
        <testcase classname="test/apps/account.test.tsx" name="AccountPage — contacts table &gt; shows a generic message when toggling sign-in fails with a non-API error" time="0.0917141">
        </testcase>
        <testcase classname="test/apps/account.test.tsx" name="AccountPage — contacts table &gt; does nothing when contact removal is declined" time="0.0787587">
        </testcase>
        <testcase classname="test/apps/account.test.tsx" name="AccountPage — contacts table &gt; removes a contact (no matching alias), updating the profile only" time="0.0794496">
        </testcase>
        <testcase classname="test/apps/account.test.tsx" name="AccountPage — contacts table &gt; removes a contact and cascades to deleting its matching alias" time="0.0755642">
        </testcase>
        <testcase classname="test/apps/account.test.tsx" name="AccountPage — contacts table &gt; shows the ApiRequestError message when removing a contact fails" time="0.0785921">
        </testcase>
        <testcase classname="test/apps/account.test.tsx" name="AccountPage — contacts table &gt; shows a generic message when removing a contact fails with a non-API error" time="0.0906907">
        </testcase>
        <testcase classname="test/apps/account.test.tsx" name="AccountPage — contacts table &gt; disables Remove when the contact is the account&apos;s last verified contact" time="0.019569">
        </testcase>
        <testcase classname="test/apps/account.test.tsx" name="AccountPage — contacts table &gt; disables Remove when the contact is the account&apos;s last enabled sign-in alias, even if not the last verified contact" time="0.0222346">
        </testcase>
        <testcase classname="test/apps/account.test.tsx" name="AccountPage — formatDate fallback &gt; falls back to the raw ISO string if toLocaleDateString throws" time="0.0191037">
        </testcase>
        <testcase classname="test/apps/account.test.tsx" name="AccountPage — formatDate fallback &gt; renders an empty date when dateCreated is missing" time="0.0233208">
        </testcase>
        <testcase classname="test/apps/account.test.tsx" name="AccountPage — secrets loading &gt; shows the ApiRequestError message on failure" time="0.024347">
        </testcase>
        <testcase classname="test/apps/account.test.tsx" name="AccountPage — secrets loading &gt; shows a generic message when listing secrets fails with a non-API error" time="0.0152574">
        </testcase>
        <testcase classname="test/apps/account.test.tsx" name="AccountPage — secrets loading &gt; renders an empty state with no sign-in methods" time="0.0176057">
        </testcase>
        <testcase classname="test/apps/account.test.tsx" name="AccountPage — secrets loading &gt; renders a table row per existing secret" time="0.0331119">
        </testcase>
        <testcase classname="test/apps/account.test.tsx" name="AccountPage — secrets loading &gt; removes a secret after confirmation" time="0.0772627">
        </testcase>
        <testcase classname="test/apps/account.test.tsx" name="AccountPage — secrets loading &gt; does nothing to remove a secret when the confirmation is declined" time="0.0776221">
        </testcase>
        <testcase classname="test/apps/account.test.tsx" name="AccountPage — secrets loading &gt; shows the ApiRequestError message when removal fails" time="0.0782069">
        </testcase>
        <testcase classname="test/apps/account.test.tsx" name="AccountPage — secrets loading &gt; shows a generic message when removal fails with a non-API error" time="0.0779521">
        </testcase>
        <testcase classname="test/apps/account.test.tsx" name="AccountPage — add sign-in method modal &gt; shows the four type options, and none of their forms, until one is picked" time="0.0164664">
            <failure message="Unable to find an accessible element with the role &quot;button&quot; and name &quot;+ Add&quot;

Here are the accessible roles:

  paragraph:

  Name &quot;&quot;:
  [36m&lt;p[39m
    [33mclass[39m=[32m&quot;rr-card__subtitle&quot;[39m
  [36m/&gt;[39m

  --------------------------------------------------
  button:

  Name &quot;+&quot;:
  [36m&lt;button[39m
    [33mclass[39m=[32m&quot;rr-button rr-button--secondary&quot;[39m
    [33mstyle[39m=[32m&quot;width: auto;&quot;[39m
    [33mtype[39m=[32m&quot;button&quot;[39m
  [36m/&gt;[39m

  --------------------------------------------------paragraph:

  Name &quot;&quot;:
  [36m&lt;p[39m
    [33mclass[39m=[32m&quot;rr-hint&quot;[39m
  [36m/&gt;[39m

  --------------------------------------------------

Ignored nodes: comments, script, style
[36m&lt;div[39m
  [33mclass[39m=[32m&quot;rr-card&quot;[39m
[36m&gt;[39m
  [36m&lt;div[39m
    [33mstyle[39m=[32m&quot;display: flex; align-items: center; justify-content: space-between;&quot;[39m
  [36m&gt;[39m
    [36m&lt;div&gt;[39m
      [36m&lt;div[39m
        [33mclass[39m=[32m&quot;rr-card__title&quot;[39m
      [36m&gt;[39m
        [0mSign-in methods[0m
      [36m&lt;/div&gt;[39m
      [36m&lt;p[39m
        [33mclass[39m=[32m&quot;rr-card__subtitle&quot;[39m
      [36m&gt;[39m
        [0mPasswords, authenticator apps, passkeys, and security keys.[0m
      [36m&lt;/p&gt;[39m
    [36m&lt;/div&gt;[39m
    [36m&lt;button[39m
      [33mclass[39m=[32m&quot;rr-button rr-button--secondary&quot;[39m
      [33mstyle[39m=[32m&quot;width: auto;&quot;[39m
      [33mtype[39m=[32m&quot;button&quot;[39m
    [36m&gt;[39m
      [0m+[0m
    [36m&lt;/button&gt;[39m
  [36m&lt;/div&gt;[39m
  [36m&lt;p[39m
    [33mclass[39m=[32m&quot;rr-hint&quot;[39m
  [36m&gt;[39m
    [0mNo sign-in methods added yet.[0m
  [36m&lt;/p&gt;[39m
[36m&lt;/div&gt;[39m" type="TestingLibraryElementError">
TestingLibraryElementError: Unable to find an accessible element with the role &quot;button&quot; and name &quot;+ Add&quot;

Here are the accessible roles:

  paragraph:

  Name &quot;&quot;:
  &lt;p
    class=&quot;rr-card__subtitle&quot;
  /&gt;

  --------------------------------------------------
  button:

  Name &quot;+&quot;:
  &lt;button
    class=&quot;rr-button rr-button--secondary&quot;
    style=&quot;width: auto;&quot;
    type=&quot;button&quot;
  /&gt;

  --------------------------------------------------paragraph:

  Name &quot;&quot;:
  &lt;p
    class=&quot;rr-hint&quot;
  /&gt;

  --------------------------------------------------

Ignored nodes: comments, script, style
&lt;div
  class=&quot;rr-card&quot;
&gt;
  &lt;div
    style=&quot;display: flex; align-items: center; justify-content: space-between;&quot;
  &gt;
    &lt;div&gt;
      &lt;div
        class=&quot;rr-card__title&quot;
      &gt;
        Sign-in methods
      &lt;/div&gt;
      &lt;p
        class=&quot;rr-card__subtitle&quot;
      &gt;
        Passwords, authenticator apps, passkeys, and security keys.
      &lt;/p&gt;
    &lt;/div&gt;
    &lt;button
      class=&quot;rr-button rr-button--secondary&quot;
      style=&quot;width: auto;&quot;
      type=&quot;button&quot;
    &gt;
      +
    &lt;/button&gt;
  &lt;/div&gt;
  &lt;p
    class=&quot;rr-hint&quot;
  &gt;
    No sign-in methods added yet.
  &lt;/p&gt;
&lt;/div&gt;
 ❯ Object.getElementError node_modules/@testing-library/dom/dist/config.js:37:19
 ❯ node_modules/@testing-library/dom/dist/query-helpers.js:76:38
 ❯ node_modules/@testing-library/dom/dist/query-helpers.js:52:17
 ❯ getByRole node_modules/@testing-library/dom/dist/query-helpers.js:95:19
 ❯ openAddModal test/apps/account.test.tsx:966:48
 ❯ test/apps/account.test.tsx:972:9
            </failure>
        </testcase>
        <testcase classname="test/apps/account.test.tsx" name="AccountPage — add sign-in method modal &gt; resets the picked type and any in-progress input when the modal is closed and reopened" time="0.0199074">
            <failure message="Unable to find an accessible element with the role &quot;button&quot; and name &quot;+ Add&quot;

Here are the accessible roles:

  paragraph:

  Name &quot;&quot;:
  [36m&lt;p[39m
    [33mclass[39m=[32m&quot;rr-card__subtitle&quot;[39m
  [36m/&gt;[39m

  --------------------------------------------------
  button:

  Name &quot;+&quot;:
  [36m&lt;button[39m
    [33mclass[39m=[32m&quot;rr-button rr-button--secondary&quot;[39m
    [33mstyle[39m=[32m&quot;width: auto;&quot;[39m
    [33mtype[39m=[32m&quot;button&quot;[39m
  [36m/&gt;[39m

  --------------------------------------------------paragraph:

  Name &quot;&quot;:
  [36m&lt;p[39m
    [33mclass[39m=[32m&quot;rr-hint&quot;[39m
  [36m/&gt;[39m

  --------------------------------------------------

Ignored nodes: comments, script, style
[36m&lt;div[39m
  [33mclass[39m=[32m&quot;rr-card&quot;[39m
[36m&gt;[39m
  [36m&lt;div[39m
    [33mstyle[39m=[32m&quot;display: flex; align-items: center; justify-content: space-between;&quot;[39m
  [36m&gt;[39m
    [36m&lt;div&gt;[39m
      [36m&lt;div[39m
        [33mclass[39m=[32m&quot;rr-card__title&quot;[39m
      [36m&gt;[39m
        [0mSign-in methods[0m
      [36m&lt;/div&gt;[39m
      [36m&lt;p[39m
        [33mclass[39m=[32m&quot;rr-card__subtitle&quot;[39m
      [36m&gt;[39m
        [0mPasswords, authenticator apps, passkeys, and security keys.[0m
      [36m&lt;/p&gt;[39m
    [36m&lt;/div&gt;[39m
    [36m&lt;button[39m
      [33mclass[39m=[32m&quot;rr-button rr-button--secondary&quot;[39m
      [33mstyle[39m=[32m&quot;width: auto;&quot;[39m
      [33mtype[39m=[32m&quot;button&quot;[39m
    [36m&gt;[39m
      [0m+[0m
    [36m&lt;/button&gt;[39m
  [36m&lt;/div&gt;[39m
  [36m&lt;p[39m
    [33mclass[39m=[32m&quot;rr-hint&quot;[39m
  [36m&gt;[39m
    [0mNo sign-in methods added yet.[0m
  [36m&lt;/p&gt;[39m
[36m&lt;/div&gt;[39m" type="TestingLibraryElementError">
TestingLibraryElementError: Unable to find an accessible element with the role &quot;button&quot; and name &quot;+ Add&quot;

Here are the accessible roles:

  paragraph:

  Name &quot;&quot;:
  &lt;p
    class=&quot;rr-card__subtitle&quot;
  /&gt;

  --------------------------------------------------
  button:

  Name &quot;+&quot;:
  &lt;button
    class=&quot;rr-button rr-button--secondary&quot;
    style=&quot;width: auto;&quot;
    type=&quot;button&quot;
  /&gt;

  --------------------------------------------------paragraph:

  Name &quot;&quot;:
  &lt;p
    class=&quot;rr-hint&quot;
  /&gt;

  --------------------------------------------------

Ignored nodes: comments, script, style
&lt;div
  class=&quot;rr-card&quot;
&gt;
  &lt;div
    style=&quot;display: flex; align-items: center; justify-content: space-between;&quot;
  &gt;
    &lt;div&gt;
      &lt;div
        class=&quot;rr-card__title&quot;
      &gt;
        Sign-in methods
      &lt;/div&gt;
      &lt;p
        class=&quot;rr-card__subtitle&quot;
      &gt;
        Passwords, authenticator apps, passkeys, and security keys.
      &lt;/p&gt;
    &lt;/div&gt;
    &lt;button
      class=&quot;rr-button rr-button--secondary&quot;
      style=&quot;width: auto;&quot;
      type=&quot;button&quot;
    &gt;
      +
    &lt;/button&gt;
  &lt;/div&gt;
  &lt;p
    class=&quot;rr-hint&quot;
  &gt;
    No sign-in methods added yet.
  &lt;/p&gt;
&lt;/div&gt;
 ❯ Object.getElementError node_modules/@testing-library/dom/dist/config.js:37:19
 ❯ node_modules/@testing-library/dom/dist/query-helpers.js:76:38
 ❯ node_modules/@testing-library/dom/dist/query-helpers.js:52:17
 ❯ getByRole node_modules/@testing-library/dom/dist/query-helpers.js:95:19
 ❯ openAddModal test/apps/account.test.tsx:966:48
 ❯ test/apps/account.test.tsx:982:9
            </failure>
        </testcase>
        <testcase classname="test/apps/account.test.tsx" name="AccountPage — password &gt; validates live as you type and disables submit for a weak password" time="0.0153748">
            <failure message="Unable to find an accessible element with the role &quot;button&quot; and name &quot;+ Add&quot;

Here are the accessible roles:

  paragraph:

  Name &quot;&quot;:
  [36m&lt;p[39m
    [33mclass[39m=[32m&quot;rr-card__subtitle&quot;[39m
  [36m/&gt;[39m

  --------------------------------------------------
  button:

  Name &quot;+&quot;:
  [36m&lt;button[39m
    [33mclass[39m=[32m&quot;rr-button rr-button--secondary&quot;[39m
    [33mstyle[39m=[32m&quot;width: auto;&quot;[39m
    [33mtype[39m=[32m&quot;button&quot;[39m
  [36m/&gt;[39m

  --------------------------------------------------paragraph:

  Name &quot;&quot;:
  [36m&lt;p[39m
    [33mclass[39m=[32m&quot;rr-hint&quot;[39m
  [36m/&gt;[39m

  --------------------------------------------------

Ignored nodes: comments, script, style
[36m&lt;div[39m
  [33mclass[39m=[32m&quot;rr-card&quot;[39m
[36m&gt;[39m
  [36m&lt;div[39m
    [33mstyle[39m=[32m&quot;display: flex; align-items: center; justify-content: space-between;&quot;[39m
  [36m&gt;[39m
    [36m&lt;div&gt;[39m
      [36m&lt;div[39m
        [33mclass[39m=[32m&quot;rr-card__title&quot;[39m
      [36m&gt;[39m
        [0mSign-in methods[0m
      [36m&lt;/div&gt;[39m
      [36m&lt;p[39m
        [33mclass[39m=[32m&quot;rr-card__subtitle&quot;[39m
      [36m&gt;[39m
        [0mPasswords, authenticator apps, passkeys, and security keys.[0m
      [36m&lt;/p&gt;[39m
    [36m&lt;/div&gt;[39m
    [36m&lt;button[39m
      [33mclass[39m=[32m&quot;rr-button rr-button--secondary&quot;[39m
      [33mstyle[39m=[32m&quot;width: auto;&quot;[39m
      [33mtype[39m=[32m&quot;button&quot;[39m
    [36m&gt;[39m
      [0m+[0m
    [36m&lt;/button&gt;[39m
  [36m&lt;/div&gt;[39m
  [36m&lt;p[39m
    [33mclass[39m=[32m&quot;rr-hint&quot;[39m
  [36m&gt;[39m
    [0mNo sign-in methods added yet.[0m
  [36m&lt;/p&gt;[39m
[36m&lt;/div&gt;[39m" type="TestingLibraryElementError">
TestingLibraryElementError: Unable to find an accessible element with the role &quot;button&quot; and name &quot;+ Add&quot;

Here are the accessible roles:

  paragraph:

  Name &quot;&quot;:
  &lt;p
    class=&quot;rr-card__subtitle&quot;
  /&gt;

  --------------------------------------------------
  button:

  Name &quot;+&quot;:
  &lt;button
    class=&quot;rr-button rr-button--secondary&quot;
    style=&quot;width: auto;&quot;
    type=&quot;button&quot;
  /&gt;

  --------------------------------------------------paragraph:

  Name &quot;&quot;:
  &lt;p
    class=&quot;rr-hint&quot;
  /&gt;

  --------------------------------------------------

Ignored nodes: comments, script, style
&lt;div
  class=&quot;rr-card&quot;
&gt;
  &lt;div
    style=&quot;display: flex; align-items: center; justify-content: space-between;&quot;
  &gt;
    &lt;div&gt;
      &lt;div
        class=&quot;rr-card__title&quot;
      &gt;
        Sign-in methods
      &lt;/div&gt;
      &lt;p
        class=&quot;rr-card__subtitle&quot;
      &gt;
        Passwords, authenticator apps, passkeys, and security keys.
      &lt;/p&gt;
    &lt;/div&gt;
    &lt;button
      class=&quot;rr-button rr-button--secondary&quot;
      style=&quot;width: auto;&quot;
      type=&quot;button&quot;
    &gt;
      +
    &lt;/button&gt;
  &lt;/div&gt;
  &lt;p
    class=&quot;rr-hint&quot;
  &gt;
    No sign-in methods added yet.
  &lt;/p&gt;
&lt;/div&gt;
 ❯ Object.getElementError node_modules/@testing-library/dom/dist/config.js:37:19
 ❯ node_modules/@testing-library/dom/dist/query-helpers.js:76:38
 ❯ node_modules/@testing-library/dom/dist/query-helpers.js:52:17
 ❯ getByRole node_modules/@testing-library/dom/dist/query-helpers.js:95:19
 ❯ goToPasswordForm test/apps/account.test.tsx:999:48
 ❯ test/apps/account.test.tsx:1005:9
            </failure>
        </testcase>
        <testcase classname="test/apps/account.test.tsx" name="AccountPage — password &gt; shows a mismatch error and disables submit when confirmation differs" time="0.0149466">
            <failure message="Unable to find an accessible element with the role &quot;button&quot; and name &quot;+ Add&quot;

Here are the accessible roles:

  paragraph:

  Name &quot;&quot;:
  [36m&lt;p[39m
    [33mclass[39m=[32m&quot;rr-card__subtitle&quot;[39m
  [36m/&gt;[39m

  --------------------------------------------------
  button:

  Name &quot;+&quot;:
  [36m&lt;button[39m
    [33mclass[39m=[32m&quot;rr-button rr-button--secondary&quot;[39m
    [33mstyle[39m=[32m&quot;width: auto;&quot;[39m
    [33mtype[39m=[32m&quot;button&quot;[39m
  [36m/&gt;[39m

  --------------------------------------------------paragraph:

  Name &quot;&quot;:
  [36m&lt;p[39m
    [33mclass[39m=[32m&quot;rr-hint&quot;[39m
  [36m/&gt;[39m

  --------------------------------------------------

Ignored nodes: comments, script, style
[36m&lt;div[39m
  [33mclass[39m=[32m&quot;rr-card&quot;[39m
[36m&gt;[39m
  [36m&lt;div[39m
    [33mstyle[39m=[32m&quot;display: flex; align-items: center; justify-content: space-between;&quot;[39m
  [36m&gt;[39m
    [36m&lt;div&gt;[39m
      [36m&lt;div[39m
        [33mclass[39m=[32m&quot;rr-card__title&quot;[39m
      [36m&gt;[39m
        [0mSign-in methods[0m
      [36m&lt;/div&gt;[39m
      [36m&lt;p[39m
        [33mclass[39m=[32m&quot;rr-card__subtitle&quot;[39m
      [36m&gt;[39m
        [0mPasswords, authenticator apps, passkeys, and security keys.[0m
      [36m&lt;/p&gt;[39m
    [36m&lt;/div&gt;[39m
    [36m&lt;button[39m
      [33mclass[39m=[32m&quot;rr-button rr-button--secondary&quot;[39m
      [33mstyle[39m=[32m&quot;width: auto;&quot;[39m
      [33mtype[39m=[32m&quot;button&quot;[39m
    [36m&gt;[39m
      [0m+[0m
    [36m&lt;/button&gt;[39m
  [36m&lt;/div&gt;[39m
  [36m&lt;p[39m
    [33mclass[39m=[32m&quot;rr-hint&quot;[39m
  [36m&gt;[39m
    [0mNo sign-in methods added yet.[0m
  [36m&lt;/p&gt;[39m
[36m&lt;/div&gt;[39m" type="TestingLibraryElementError">
TestingLibraryElementError: Unable to find an accessible element with the role &quot;button&quot; and name &quot;+ Add&quot;

Here are the accessible roles:

  paragraph:

  Name &quot;&quot;:
  &lt;p
    class=&quot;rr-card__subtitle&quot;
  /&gt;

  --------------------------------------------------
  button:

  Name &quot;+&quot;:
  &lt;button
    class=&quot;rr-button rr-button--secondary&quot;
    style=&quot;width: auto;&quot;
    type=&quot;button&quot;
  /&gt;

  --------------------------------------------------paragraph:

  Name &quot;&quot;:
  &lt;p
    class=&quot;rr-hint&quot;
  /&gt;

  --------------------------------------------------

Ignored nodes: comments, script, style
&lt;div
  class=&quot;rr-card&quot;
&gt;
  &lt;div
    style=&quot;display: flex; align-items: center; justify-content: space-between;&quot;
  &gt;
    &lt;div&gt;
      &lt;div
        class=&quot;rr-card__title&quot;
      &gt;
        Sign-in methods
      &lt;/div&gt;
      &lt;p
        class=&quot;rr-card__subtitle&quot;
      &gt;
        Passwords, authenticator apps, passkeys, and security keys.
      &lt;/p&gt;
    &lt;/div&gt;
    &lt;button
      class=&quot;rr-button rr-button--secondary&quot;
      style=&quot;width: auto;&quot;
      type=&quot;button&quot;
    &gt;
      +
    &lt;/button&gt;
  &lt;/div&gt;
  &lt;p
    class=&quot;rr-hint&quot;
  &gt;
    No sign-in methods added yet.
  &lt;/p&gt;
&lt;/div&gt;
 ❯ Object.getElementError node_modules/@testing-library/dom/dist/config.js:37:19
 ❯ node_modules/@testing-library/dom/dist/query-helpers.js:76:38
 ❯ node_modules/@testing-library/dom/dist/query-helpers.js:52:17
 ❯ getByRole node_modules/@testing-library/dom/dist/query-helpers.js:95:19
 ❯ goToPasswordForm test/apps/account.test.tsx:999:48
 ❯ test/apps/account.test.tsx:1014:9
            </failure>
        </testcase>
        <testcase classname="test/apps/account.test.tsx" name="AccountPage — password &gt; re-validates a weak password on a force-submit" time="0.0151222">
            <failure message="Unable to find an accessible element with the role &quot;button&quot; and name &quot;+ Add&quot;

Here are the accessible roles:

  paragraph:

  Name &quot;&quot;:
  [36m&lt;p[39m
    [33mclass[39m=[32m&quot;rr-card__subtitle&quot;[39m
  [36m/&gt;[39m

  --------------------------------------------------
  button:

  Name &quot;+&quot;:
  [36m&lt;button[39m
    [33mclass[39m=[32m&quot;rr-button rr-button--secondary&quot;[39m
    [33mstyle[39m=[32m&quot;width: auto;&quot;[39m
    [33mtype[39m=[32m&quot;button&quot;[39m
  [36m/&gt;[39m

  --------------------------------------------------paragraph:

  Name &quot;&quot;:
  [36m&lt;p[39m
    [33mclass[39m=[32m&quot;rr-hint&quot;[39m
  [36m/&gt;[39m

  --------------------------------------------------

Ignored nodes: comments, script, style
[36m&lt;div[39m
  [33mclass[39m=[32m&quot;rr-card&quot;[39m
[36m&gt;[39m
  [36m&lt;div[39m
    [33mstyle[39m=[32m&quot;display: flex; align-items: center; justify-content: space-between;&quot;[39m
  [36m&gt;[39m
    [36m&lt;div&gt;[39m
      [36m&lt;div[39m
        [33mclass[39m=[32m&quot;rr-card__title&quot;[39m
      [36m&gt;[39m
        [0mSign-in methods[0m
      [36m&lt;/div&gt;[39m
      [36m&lt;p[39m
        [33mclass[39m=[32m&quot;rr-card__subtitle&quot;[39m
      [36m&gt;[39m
        [0mPasswords, authenticator apps, passkeys, and security keys.[0m
      [36m&lt;/p&gt;[39m
    [36m&lt;/div&gt;[39m
    [36m&lt;button[39m
      [33mclass[39m=[32m&quot;rr-button rr-button--secondary&quot;[39m
      [33mstyle[39m=[32m&quot;width: auto;&quot;[39m
      [33mtype[39m=[32m&quot;button&quot;[39m
    [36m&gt;[39m
      [0m+[0m
    [36m&lt;/button&gt;[39m
  [36m&lt;/div&gt;[39m
  [36m&lt;p[39m
    [33mclass[39m=[32m&quot;rr-hint&quot;[39m
  [36m&gt;[39m
    [0mNo sign-in methods added yet.[0m
  [36m&lt;/p&gt;[39m
[36m&lt;/div&gt;[39m" type="TestingLibraryElementError">
TestingLibraryElementError: Unable to find an accessible element with the role &quot;button&quot; and name &quot;+ Add&quot;

Here are the accessible roles:

  paragraph:

  Name &quot;&quot;:
  &lt;p
    class=&quot;rr-card__subtitle&quot;
  /&gt;

  --------------------------------------------------
  button:

  Name &quot;+&quot;:
  &lt;button
    class=&quot;rr-button rr-button--secondary&quot;
    style=&quot;width: auto;&quot;
    type=&quot;button&quot;
  /&gt;

  --------------------------------------------------paragraph:

  Name &quot;&quot;:
  &lt;p
    class=&quot;rr-hint&quot;
  /&gt;

  --------------------------------------------------

Ignored nodes: comments, script, style
&lt;div
  class=&quot;rr-card&quot;
&gt;
  &lt;div
    style=&quot;display: flex; align-items: center; justify-content: space-between;&quot;
  &gt;
    &lt;div&gt;
      &lt;div
        class=&quot;rr-card__title&quot;
      &gt;
        Sign-in methods
      &lt;/div&gt;
      &lt;p
        class=&quot;rr-card__subtitle&quot;
      &gt;
        Passwords, authenticator apps, passkeys, and security keys.
      &lt;/p&gt;
    &lt;/div&gt;
    &lt;button
      class=&quot;rr-button rr-button--secondary&quot;
      style=&quot;width: auto;&quot;
      type=&quot;button&quot;
    &gt;
      +
    &lt;/button&gt;
  &lt;/div&gt;
  &lt;p
    class=&quot;rr-hint&quot;
  &gt;
    No sign-in methods added yet.
  &lt;/p&gt;
&lt;/div&gt;
 ❯ Object.getElementError node_modules/@testing-library/dom/dist/config.js:37:19
 ❯ node_modules/@testing-library/dom/dist/query-helpers.js:76:38
 ❯ node_modules/@testing-library/dom/dist/query-helpers.js:52:17
 ❯ getByRole node_modules/@testing-library/dom/dist/query-helpers.js:95:19
 ❯ goToPasswordForm test/apps/account.test.tsx:999:48
 ❯ test/apps/account.test.tsx:1025:9
            </failure>
        </testcase>
        <testcase classname="test/apps/account.test.tsx" name="AccountPage — password &gt; re-validates a mismatch on a force-submit" time="0.0158404">
            <failure message="Unable to find an accessible element with the role &quot;button&quot; and name &quot;+ Add&quot;

Here are the accessible roles:

  paragraph:

  Name &quot;&quot;:
  [36m&lt;p[39m
    [33mclass[39m=[32m&quot;rr-card__subtitle&quot;[39m
  [36m/&gt;[39m

  --------------------------------------------------
  button:

  Name &quot;+&quot;:
  [36m&lt;button[39m
    [33mclass[39m=[32m&quot;rr-button rr-button--secondary&quot;[39m
    [33mstyle[39m=[32m&quot;width: auto;&quot;[39m
    [33mtype[39m=[32m&quot;button&quot;[39m
  [36m/&gt;[39m

  --------------------------------------------------paragraph:

  Name &quot;&quot;:
  [36m&lt;p[39m
    [33mclass[39m=[32m&quot;rr-hint&quot;[39m
  [36m/&gt;[39m

  --------------------------------------------------

Ignored nodes: comments, script, style
[36m&lt;div[39m
  [33mclass[39m=[32m&quot;rr-card&quot;[39m
[36m&gt;[39m
  [36m&lt;div[39m
    [33mstyle[39m=[32m&quot;display: flex; align-items: center; justify-content: space-between;&quot;[39m
  [36m&gt;[39m
    [36m&lt;div&gt;[39m
      [36m&lt;div[39m
        [33mclass[39m=[32m&quot;rr-card__title&quot;[39m
      [36m&gt;[39m
        [0mSign-in methods[0m
      [36m&lt;/div&gt;[39m
      [36m&lt;p[39m
        [33mclass[39m=[32m&quot;rr-card__subtitle&quot;[39m
      [36m&gt;[39m
        [0mPasswords, authenticator apps, passkeys, and security keys.[0m
      [36m&lt;/p&gt;[39m
    [36m&lt;/div&gt;[39m
    [36m&lt;button[39m
      [33mclass[39m=[32m&quot;rr-button rr-button--secondary&quot;[39m
      [33mstyle[39m=[32m&quot;width: auto;&quot;[39m
      [33mtype[39m=[32m&quot;button&quot;[39m
    [36m&gt;[39m
      [0m+[0m
    [36m&lt;/button&gt;[39m
  [36m&lt;/div&gt;[39m
  [36m&lt;p[39m
    [33mclass[39m=[32m&quot;rr-hint&quot;[39m
  [36m&gt;[39m
    [0mNo sign-in methods added yet.[0m
  [36m&lt;/p&gt;[39m
[36m&lt;/div&gt;[39m" type="TestingLibraryElementError">
TestingLibraryElementError: Unable to find an accessible element with the role &quot;button&quot; and name &quot;+ Add&quot;

Here are the accessible roles:

  paragraph:

  Name &quot;&quot;:
  &lt;p
    class=&quot;rr-card__subtitle&quot;
  /&gt;

  --------------------------------------------------
  button:

  Name &quot;+&quot;:
  &lt;button
    class=&quot;rr-button rr-button--secondary&quot;
    style=&quot;width: auto;&quot;
    type=&quot;button&quot;
  /&gt;

  --------------------------------------------------paragraph:

  Name &quot;&quot;:
  &lt;p
    class=&quot;rr-hint&quot;
  /&gt;

  --------------------------------------------------

Ignored nodes: comments, script, style
&lt;div
  class=&quot;rr-card&quot;
&gt;
  &lt;div
    style=&quot;display: flex; align-items: center; justify-content: space-between;&quot;
  &gt;
    &lt;div&gt;
      &lt;div
        class=&quot;rr-card__title&quot;
      &gt;
        Sign-in methods
      &lt;/div&gt;
      &lt;p
        class=&quot;rr-card__subtitle&quot;
      &gt;
        Passwords, authenticator apps, passkeys, and security keys.
      &lt;/p&gt;
    &lt;/div&gt;
    &lt;button
      class=&quot;rr-button rr-button--secondary&quot;
      style=&quot;width: auto;&quot;
      type=&quot;button&quot;
    &gt;
      +
    &lt;/button&gt;
  &lt;/div&gt;
  &lt;p
    class=&quot;rr-hint&quot;
  &gt;
    No sign-in methods added yet.
  &lt;/p&gt;
&lt;/div&gt;
 ❯ Object.getElementError node_modules/@testing-library/dom/dist/config.js:37:19
 ❯ node_modules/@testing-library/dom/dist/query-helpers.js:76:38
 ❯ node_modules/@testing-library/dom/dist/query-helpers.js:52:17
 ❯ getByRole node_modules/@testing-library/dom/dist/query-helpers.js:95:19
 ❯ goToPasswordForm test/apps/account.test.tsx:999:48
 ❯ test/apps/account.test.tsx:1036:9
            </failure>
        </testcase>
        <testcase classname="test/apps/account.test.tsx" name="AccountPage — password &gt; sets a first password (no prior password secret to delete), closing the modal" time="0.0151637">
            <failure message="Unable to find an accessible element with the role &quot;button&quot; and name &quot;+ Add&quot;

Here are the accessible roles:

  paragraph:

  Name &quot;&quot;:
  [36m&lt;p[39m
    [33mclass[39m=[32m&quot;rr-card__subtitle&quot;[39m
  [36m/&gt;[39m

  --------------------------------------------------
  button:

  Name &quot;+&quot;:
  [36m&lt;button[39m
    [33mclass[39m=[32m&quot;rr-button rr-button--secondary&quot;[39m
    [33mstyle[39m=[32m&quot;width: auto;&quot;[39m
    [33mtype[39m=[32m&quot;button&quot;[39m
  [36m/&gt;[39m

  --------------------------------------------------paragraph:

  Name &quot;&quot;:
  [36m&lt;p[39m
    [33mclass[39m=[32m&quot;rr-hint&quot;[39m
  [36m/&gt;[39m

  --------------------------------------------------

Ignored nodes: comments, script, style
[36m&lt;div[39m
  [33mclass[39m=[32m&quot;rr-card&quot;[39m
[36m&gt;[39m
  [36m&lt;div[39m
    [33mstyle[39m=[32m&quot;display: flex; align-items: center; justify-content: space-between;&quot;[39m
  [36m&gt;[39m
    [36m&lt;div&gt;[39m
      [36m&lt;div[39m
        [33mclass[39m=[32m&quot;rr-card__title&quot;[39m
      [36m&gt;[39m
        [0mSign-in methods[0m
      [36m&lt;/div&gt;[39m
      [36m&lt;p[39m
        [33mclass[39m=[32m&quot;rr-card__subtitle&quot;[39m
      [36m&gt;[39m
        [0mPasswords, authenticator apps, passkeys, and security keys.[0m
      [36m&lt;/p&gt;[39m
    [36m&lt;/div&gt;[39m
    [36m&lt;button[39m
      [33mclass[39m=[32m&quot;rr-button rr-button--secondary&quot;[39m
      [33mstyle[39m=[32m&quot;width: auto;&quot;[39m
      [33mtype[39m=[32m&quot;button&quot;[39m
    [36m&gt;[39m
      [0m+[0m
    [36m&lt;/button&gt;[39m
  [36m&lt;/div&gt;[39m
  [36m&lt;p[39m
    [33mclass[39m=[32m&quot;rr-hint&quot;[39m
  [36m&gt;[39m
    [0mNo sign-in methods added yet.[0m
  [36m&lt;/p&gt;[39m
[36m&lt;/div&gt;[39m" type="TestingLibraryElementError">
TestingLibraryElementError: Unable to find an accessible element with the role &quot;button&quot; and name &quot;+ Add&quot;

Here are the accessible roles:

  paragraph:

  Name &quot;&quot;:
  &lt;p
    class=&quot;rr-card__subtitle&quot;
  /&gt;

  --------------------------------------------------
  button:

  Name &quot;+&quot;:
  &lt;button
    class=&quot;rr-button rr-button--secondary&quot;
    style=&quot;width: auto;&quot;
    type=&quot;button&quot;
  /&gt;

  --------------------------------------------------paragraph:

  Name &quot;&quot;:
  &lt;p
    class=&quot;rr-hint&quot;
  /&gt;

  --------------------------------------------------

Ignored nodes: comments, script, style
&lt;div
  class=&quot;rr-card&quot;
&gt;
  &lt;div
    style=&quot;display: flex; align-items: center; justify-content: space-between;&quot;
  &gt;
    &lt;div&gt;
      &lt;div
        class=&quot;rr-card__title&quot;
      &gt;
        Sign-in methods
      &lt;/div&gt;
      &lt;p
        class=&quot;rr-card__subtitle&quot;
      &gt;
        Passwords, authenticator apps, passkeys, and security keys.
      &lt;/p&gt;
    &lt;/div&gt;
    &lt;button
      class=&quot;rr-button rr-button--secondary&quot;
      style=&quot;width: auto;&quot;
      type=&quot;button&quot;
    &gt;
      +
    &lt;/button&gt;
  &lt;/div&gt;
  &lt;p
    class=&quot;rr-hint&quot;
  &gt;
    No sign-in methods added yet.
  &lt;/p&gt;
&lt;/div&gt;
 ❯ Object.getElementError node_modules/@testing-library/dom/dist/config.js:37:19
 ❯ node_modules/@testing-library/dom/dist/query-helpers.js:76:38
 ❯ node_modules/@testing-library/dom/dist/query-helpers.js:52:17
 ❯ getByRole node_modules/@testing-library/dom/dist/query-helpers.js:95:19
 ❯ goToPasswordForm test/apps/account.test.tsx:999:48
 ❯ test/apps/account.test.tsx:1048:9
            </failure>
        </testcase>
        <testcase classname="test/apps/account.test.tsx" name="AccountPage — password &gt; passes a trimmed label through as the hint when one is entered" time="0.0152914">
            <failure message="Unable to find an accessible element with the role &quot;button&quot; and name &quot;+ Add&quot;

Here are the accessible roles:

  paragraph:

  Name &quot;&quot;:
  [36m&lt;p[39m
    [33mclass[39m=[32m&quot;rr-card__subtitle&quot;[39m
  [36m/&gt;[39m

  --------------------------------------------------
  button:

  Name &quot;+&quot;:
  [36m&lt;button[39m
    [33mclass[39m=[32m&quot;rr-button rr-button--secondary&quot;[39m
    [33mstyle[39m=[32m&quot;width: auto;&quot;[39m
    [33mtype[39m=[32m&quot;button&quot;[39m
  [36m/&gt;[39m

  --------------------------------------------------paragraph:

  Name &quot;&quot;:
  [36m&lt;p[39m
    [33mclass[39m=[32m&quot;rr-hint&quot;[39m
  [36m/&gt;[39m

  --------------------------------------------------

Ignored nodes: comments, script, style
[36m&lt;div[39m
  [33mclass[39m=[32m&quot;rr-card&quot;[39m
[36m&gt;[39m
  [36m&lt;div[39m
    [33mstyle[39m=[32m&quot;display: flex; align-items: center; justify-content: space-between;&quot;[39m
  [36m&gt;[39m
    [36m&lt;div&gt;[39m
      [36m&lt;div[39m
        [33mclass[39m=[32m&quot;rr-card__title&quot;[39m
      [36m&gt;[39m
        [0mSign-in methods[0m
      [36m&lt;/div&gt;[39m
      [36m&lt;p[39m
        [33mclass[39m=[32m&quot;rr-card__subtitle&quot;[39m
      [36m&gt;[39m
        [0mPasswords, authenticator apps, passkeys, and security keys.[0m
      [36m&lt;/p&gt;[39m
    [36m&lt;/div&gt;[39m
    [36m&lt;button[39m
      [33mclass[39m=[32m&quot;rr-button rr-button--secondary&quot;[39m
      [33mstyle[39m=[32m&quot;width: auto;&quot;[39m
      [33mtype[39m=[32m&quot;button&quot;[39m
    [36m&gt;[39m
      [0m+[0m
    [36m&lt;/button&gt;[39m
  [36m&lt;/div&gt;[39m
  [36m&lt;p[39m
    [33mclass[39m=[32m&quot;rr-hint&quot;[39m
  [36m&gt;[39m
    [0mNo sign-in methods added yet.[0m
  [36m&lt;/p&gt;[39m
[36m&lt;/div&gt;[39m" type="TestingLibraryElementError">
TestingLibraryElementError: Unable to find an accessible element with the role &quot;button&quot; and name &quot;+ Add&quot;

Here are the accessible roles:

  paragraph:

  Name &quot;&quot;:
  &lt;p
    class=&quot;rr-card__subtitle&quot;
  /&gt;

  --------------------------------------------------
  button:

  Name &quot;+&quot;:
  &lt;button
    class=&quot;rr-button rr-button--secondary&quot;
    style=&quot;width: auto;&quot;
    type=&quot;button&quot;
  /&gt;

  --------------------------------------------------paragraph:

  Name &quot;&quot;:
  &lt;p
    class=&quot;rr-hint&quot;
  /&gt;

  --------------------------------------------------

Ignored nodes: comments, script, style
&lt;div
  class=&quot;rr-card&quot;
&gt;
  &lt;div
    style=&quot;display: flex; align-items: center; justify-content: space-between;&quot;
  &gt;
    &lt;div&gt;
      &lt;div
        class=&quot;rr-card__title&quot;
      &gt;
        Sign-in methods
      &lt;/div&gt;
      &lt;p
        class=&quot;rr-card__subtitle&quot;
      &gt;
        Passwords, authenticator apps, passkeys, and security keys.
      &lt;/p&gt;
    &lt;/div&gt;
    &lt;button
      class=&quot;rr-button rr-button--secondary&quot;
      style=&quot;width: auto;&quot;
      type=&quot;button&quot;
    &gt;
      +
    &lt;/button&gt;
  &lt;/div&gt;
  &lt;p
    class=&quot;rr-hint&quot;
  &gt;
    No sign-in methods added yet.
  &lt;/p&gt;
&lt;/div&gt;
 ❯ Object.getElementError node_modules/@testing-library/dom/dist/config.js:37:19
 ❯ node_modules/@testing-library/dom/dist/query-helpers.js:76:38
 ❯ node_modules/@testing-library/dom/dist/query-helpers.js:52:17
 ❯ getByRole node_modules/@testing-library/dom/dist/query-helpers.js:95:19
 ❯ goToPasswordForm test/apps/account.test.tsx:999:48
 ❯ test/apps/account.test.tsx:1063:9
            </failure>
        </testcase>
        <testcase classname="test/apps/account.test.tsx" name="AccountPage — password &gt; changes an existing password, deleting the old secret" time="0.0321412">
            <failure message="Unable to find an accessible element with the role &quot;button&quot; and name &quot;+ Add&quot;

Here are the accessible roles:

  paragraph:

  Name &quot;&quot;:
  [36m&lt;p[39m
    [33mclass[39m=[32m&quot;rr-card__subtitle&quot;[39m
  [36m/&gt;[39m

  --------------------------------------------------
  button:

  Name &quot;+&quot;:
  [36m&lt;button[39m
    [33mclass[39m=[32m&quot;rr-button rr-button--secondary&quot;[39m
    [33mstyle[39m=[32m&quot;width: auto;&quot;[39m
    [33mtype[39m=[32m&quot;button&quot;[39m
  [36m/&gt;[39m

  --------------------------------------------------table:

  Name &quot;&quot;:
  [36m&lt;table[39m
    [33mclass[39m=[32m&quot;rr-table&quot;[39m
  [36m/&gt;[39m

  --------------------------------------------------
  rowgroup:

  Name &quot;&quot;:
  [36m&lt;thead /&gt;[39m

  Name &quot;&quot;:
  [36m&lt;tbody /&gt;[39m

  --------------------------------------------------
  row:

  Name &quot;Method Added&quot;:
  [36m&lt;tr /&gt;[39m

  Name &quot;Password December 31, 2025 Remove&quot;:
  [36m&lt;tr /&gt;[39m

  --------------------------------------------------
  columnheader:

  Name &quot;Method&quot;:
  [36m&lt;th /&gt;[39m

  Name &quot;Added&quot;:
  [36m&lt;th /&gt;[39m

  Name &quot;&quot;:
  [36m&lt;th /&gt;[39m

  --------------------------------------------------
  cell:

  Name &quot;Password&quot;:
  [36m&lt;td /&gt;[39m

  Name &quot;December 31, 2025&quot;:
  [36m&lt;td /&gt;[39m

  Name &quot;Remove&quot;:
  [36m&lt;td /&gt;[39m

  --------------------------------------------------
  button:

  Name &quot;Remove&quot;:
  [36m&lt;button[39m
    [33mclass[39m=[32m&quot;rr-button--text&quot;[39m
    [33mtype[39m=[32m&quot;button&quot;[39m
  [36m/&gt;[39m

  --------------------------------------------------

Ignored nodes: comments, script, style
[36m&lt;div[39m
  [33mclass[39m=[32m&quot;rr-card&quot;[39m
[36m&gt;[39m
  [36m&lt;div[39m
    [33mstyle[39m=[32m&quot;display: flex; align-items: center; justify-content: space-between;&quot;[39m
  [36m&gt;[39m
    [36m&lt;div&gt;[39m
      [36m&lt;div[39m
        [33mclass[39m=[32m&quot;rr-card__title&quot;[39m
      [36m&gt;[39m
        [0mSign-in methods[0m
      [36m&lt;/div&gt;[39m
      [36m&lt;p[39m
        [33mclass[39m=[32m&quot;rr-card__subtitle&quot;[39m
      [36m&gt;[39m
        [0mPasswords, authenticator apps, passkeys, and security keys.[0m
      [36m&lt;/p&gt;[39m
    [36m&lt;/div&gt;[39m
    [36m&lt;button[39m
      [33mclass[39m=[32m&quot;rr-button rr-button--secondary&quot;[39m
      [33mstyle[39m=[32m&quot;width: auto;&quot;[39m
      [33mtype[39m=[32m&quot;button&quot;[39m
    [36m&gt;[39m
      [0m+[0m
    [36m&lt;/button&gt;[39m
  [36m&lt;/div&gt;[39m
  [36m&lt;div[39m
    [33mstyle[39m=[32m&quot;overflow-x: auto;&quot;[39m
  [36m&gt;[39m
    [36m&lt;table[39m
      [33mclass[39m=[32m&quot;rr-table&quot;[39m
    [36m&gt;[39m
      [36m&lt;thead&gt;[39m
        [36m&lt;tr&gt;[39m
          [36m&lt;th&gt;[39m
            [0mMethod[0m
          [36m&lt;/th&gt;[39m
          [36m&lt;th&gt;[39m
            [0mAdded[0m
          [36m&lt;/th&gt;[39m
          [36m&lt;th /&gt;[39m
        [36m&lt;/tr&gt;[39m
      [36m&lt;/thead&gt;[39m
      [36m&lt;tbody&gt;[39m
        [36m&lt;tr&gt;[39m
          [36m&lt;td&gt;[39m
            [0mPassword[0m
          [36m&lt;/td&gt;[39m
          [36m&lt;td&gt;[39m
            [0mDecember 31, 2025[0m
          [36m&lt;/td&gt;[39m
          [36m&lt;td&gt;[39m
            [36m&lt;button[39m
              [33mclass[39m=[32m&quot;rr-button--text&quot;[39m
              [33mtype[39m=[32m&quot;button&quot;[39m
            [36m&gt;[39m
              [0mRemove[0m
            [36m&lt;/button&gt;[39m
          [36m&lt;/td&gt;[39m
        [36m&lt;/tr&gt;[39m
      [36m&lt;/tbody&gt;[39m
    [36m&lt;/table&gt;[39m
  [36m&lt;/div&gt;[39m
[36m&lt;/div&gt;[39m" type="TestingLibraryElementError">
TestingLibraryElementError: Unable to find an accessible element with the role &quot;button&quot; and name &quot;+ Add&quot;

Here are the accessible roles:

  paragraph:

  Name &quot;&quot;:
  &lt;p
    class=&quot;rr-card__subtitle&quot;
  /&gt;

  --------------------------------------------------
  button:

  Name &quot;+&quot;:
  &lt;button
    class=&quot;rr-button rr-button--secondary&quot;
    style=&quot;width: auto;&quot;
    type=&quot;button&quot;
  /&gt;

  --------------------------------------------------table:

  Name &quot;&quot;:
  &lt;table
    class=&quot;rr-table&quot;
  /&gt;

  --------------------------------------------------
  rowgroup:

  Name &quot;&quot;:
  &lt;thead /&gt;

  Name &quot;&quot;:
  &lt;tbody /&gt;

  --------------------------------------------------
  row:

  Name &quot;Method Added&quot;:
  &lt;tr /&gt;

  Name &quot;Password December 31, 2025 Remove&quot;:
  &lt;tr /&gt;

  --------------------------------------------------
  columnheader:

  Name &quot;Method&quot;:
  &lt;th /&gt;

  Name &quot;Added&quot;:
  &lt;th /&gt;

  Name &quot;&quot;:
  &lt;th /&gt;

  --------------------------------------------------
  cell:

  Name &quot;Password&quot;:
  &lt;td /&gt;

  Name &quot;December 31, 2025&quot;:
  &lt;td /&gt;

  Name &quot;Remove&quot;:
  &lt;td /&gt;

  --------------------------------------------------
  button:

  Name &quot;Remove&quot;:
  &lt;button
    class=&quot;rr-button--text&quot;
    type=&quot;button&quot;
  /&gt;

  --------------------------------------------------

Ignored nodes: comments, script, style
&lt;div
  class=&quot;rr-card&quot;
&gt;
  &lt;div
    style=&quot;display: flex; align-items: center; justify-content: space-between;&quot;
  &gt;
    &lt;div&gt;
      &lt;div
        class=&quot;rr-card__title&quot;
      &gt;
        Sign-in methods
      &lt;/div&gt;
      &lt;p
        class=&quot;rr-card__subtitle&quot;
      &gt;
        Passwords, authenticator apps, passkeys, and security keys.
      &lt;/p&gt;
    &lt;/div&gt;
    &lt;button
      class=&quot;rr-button rr-button--secondary&quot;
      style=&quot;width: auto;&quot;
      type=&quot;button&quot;
    &gt;
      +
    &lt;/button&gt;
  &lt;/div&gt;
  &lt;div
    style=&quot;overflow-x: auto;&quot;
  &gt;
    &lt;table
      class=&quot;rr-table&quot;
    &gt;
      &lt;thead&gt;
        &lt;tr&gt;
          &lt;th&gt;
            Method
          &lt;/th&gt;
          &lt;th&gt;
            Added
          &lt;/th&gt;
          &lt;th /&gt;
        &lt;/tr&gt;
      &lt;/thead&gt;
      &lt;tbody&gt;
        &lt;tr&gt;
          &lt;td&gt;
            Password
          &lt;/td&gt;
          &lt;td&gt;
            December 31, 2025
          &lt;/td&gt;
          &lt;td&gt;
            &lt;button
              class=&quot;rr-button--text&quot;
              type=&quot;button&quot;
            &gt;
              Remove
            &lt;/button&gt;
          &lt;/td&gt;
        &lt;/tr&gt;
      &lt;/tbody&gt;
    &lt;/table&gt;
  &lt;/div&gt;
&lt;/div&gt;
 ❯ Object.getElementError node_modules/@testing-library/dom/dist/config.js:37:19
 ❯ node_modules/@testing-library/dom/dist/query-helpers.js:76:38
 ❯ node_modules/@testing-library/dom/dist/query-helpers.js:52:17
 ❯ getByRole node_modules/@testing-library/dom/dist/query-helpers.js:95:19
 ❯ goToPasswordForm test/apps/account.test.tsx:999:48
 ❯ test/apps/account.test.tsx:1080:9
            </failure>
        </testcase>
        <testcase classname="test/apps/account.test.tsx" name="AccountPage — password &gt; shows the ApiRequestError message when saving the password fails" time="0.0155155">
            <failure message="Unable to find an accessible element with the role &quot;button&quot; and name &quot;+ Add&quot;

Here are the accessible roles:

  paragraph:

  Name &quot;&quot;:
  [36m&lt;p[39m
    [33mclass[39m=[32m&quot;rr-card__subtitle&quot;[39m
  [36m/&gt;[39m

  --------------------------------------------------
  button:

  Name &quot;+&quot;:
  [36m&lt;button[39m
    [33mclass[39m=[32m&quot;rr-button rr-button--secondary&quot;[39m
    [33mstyle[39m=[32m&quot;width: auto;&quot;[39m
    [33mtype[39m=[32m&quot;button&quot;[39m
  [36m/&gt;[39m

  --------------------------------------------------paragraph:

  Name &quot;&quot;:
  [36m&lt;p[39m
    [33mclass[39m=[32m&quot;rr-hint&quot;[39m
  [36m/&gt;[39m

  --------------------------------------------------

Ignored nodes: comments, script, style
[36m&lt;div[39m
  [33mclass[39m=[32m&quot;rr-card&quot;[39m
[36m&gt;[39m
  [36m&lt;div[39m
    [33mstyle[39m=[32m&quot;display: flex; align-items: center; justify-content: space-between;&quot;[39m
  [36m&gt;[39m
    [36m&lt;div&gt;[39m
      [36m&lt;div[39m
        [33mclass[39m=[32m&quot;rr-card__title&quot;[39m
      [36m&gt;[39m
        [0mSign-in methods[0m
      [36m&lt;/div&gt;[39m
      [36m&lt;p[39m
        [33mclass[39m=[32m&quot;rr-card__subtitle&quot;[39m
      [36m&gt;[39m
        [0mPasswords, authenticator apps, passkeys, and security keys.[0m
      [36m&lt;/p&gt;[39m
    [36m&lt;/div&gt;[39m
    [36m&lt;button[39m
      [33mclass[39m=[32m&quot;rr-button rr-button--secondary&quot;[39m
      [33mstyle[39m=[32m&quot;width: auto;&quot;[39m
      [33mtype[39m=[32m&quot;button&quot;[39m
    [36m&gt;[39m
      [0m+[0m
    [36m&lt;/button&gt;[39m
  [36m&lt;/div&gt;[39m
  [36m&lt;p[39m
    [33mclass[39m=[32m&quot;rr-hint&quot;[39m
  [36m&gt;[39m
    [0mNo sign-in methods added yet.[0m
  [36m&lt;/p&gt;[39m
[36m&lt;/div&gt;[39m" type="TestingLibraryElementError">
TestingLibraryElementError: Unable to find an accessible element with the role &quot;button&quot; and name &quot;+ Add&quot;

Here are the accessible roles:

  paragraph:

  Name &quot;&quot;:
  &lt;p
    class=&quot;rr-card__subtitle&quot;
  /&gt;

  --------------------------------------------------
  button:

  Name &quot;+&quot;:
  &lt;button
    class=&quot;rr-button rr-button--secondary&quot;
    style=&quot;width: auto;&quot;
    type=&quot;button&quot;
  /&gt;

  --------------------------------------------------paragraph:

  Name &quot;&quot;:
  &lt;p
    class=&quot;rr-hint&quot;
  /&gt;

  --------------------------------------------------

Ignored nodes: comments, script, style
&lt;div
  class=&quot;rr-card&quot;
&gt;
  &lt;div
    style=&quot;display: flex; align-items: center; justify-content: space-between;&quot;
  &gt;
    &lt;div&gt;
      &lt;div
        class=&quot;rr-card__title&quot;
      &gt;
        Sign-in methods
      &lt;/div&gt;
      &lt;p
        class=&quot;rr-card__subtitle&quot;
      &gt;
        Passwords, authenticator apps, passkeys, and security keys.
      &lt;/p&gt;
    &lt;/div&gt;
    &lt;button
      class=&quot;rr-button rr-button--secondary&quot;
      style=&quot;width: auto;&quot;
      type=&quot;button&quot;
    &gt;
      +
    &lt;/button&gt;
  &lt;/div&gt;
  &lt;p
    class=&quot;rr-hint&quot;
  &gt;
    No sign-in methods added yet.
  &lt;/p&gt;
&lt;/div&gt;
 ❯ Object.getElementError node_modules/@testing-library/dom/dist/config.js:37:19
 ❯ node_modules/@testing-library/dom/dist/query-helpers.js:76:38
 ❯ node_modules/@testing-library/dom/dist/query-helpers.js:52:17
 ❯ getByRole node_modules/@testing-library/dom/dist/query-helpers.js:95:19
 ❯ goToPasswordForm test/apps/account.test.tsx:999:48
 ❯ test/apps/account.test.tsx:1093:9
            </failure>
        </testcase>
        <testcase classname="test/apps/account.test.tsx" name="AccountPage — password &gt; shows a generic message when saving the password fails with a non-API error" time="0.0148779">
            <failure message="Unable to find an accessible element with the role &quot;button&quot; and name &quot;+ Add&quot;

Here are the accessible roles:

  paragraph:

  Name &quot;&quot;:
  [36m&lt;p[39m
    [33mclass[39m=[32m&quot;rr-card__subtitle&quot;[39m
  [36m/&gt;[39m

  --------------------------------------------------
  button:

  Name &quot;+&quot;:
  [36m&lt;button[39m
    [33mclass[39m=[32m&quot;rr-button rr-button--secondary&quot;[39m
    [33mstyle[39m=[32m&quot;width: auto;&quot;[39m
    [33mtype[39m=[32m&quot;button&quot;[39m
  [36m/&gt;[39m

  --------------------------------------------------paragraph:

  Name &quot;&quot;:
  [36m&lt;p[39m
    [33mclass[39m=[32m&quot;rr-hint&quot;[39m
  [36m/&gt;[39m

  --------------------------------------------------

Ignored nodes: comments, script, style
[36m&lt;div[39m
  [33mclass[39m=[32m&quot;rr-card&quot;[39m
[36m&gt;[39m
  [36m&lt;div[39m
    [33mstyle[39m=[32m&quot;display: flex; align-items: center; justify-content: space-between;&quot;[39m
  [36m&gt;[39m
    [36m&lt;div&gt;[39m
      [36m&lt;div[39m
[...]
      &lt;div
        class=&quot;rr-card__title&quot;
      &gt;
        Sign-in methods
      &lt;/div&gt;
      &lt;p
        class=&quot;rr-card__subtitle&quot;
      &gt;
        Passwords, authenticator apps, passkeys, and security keys.
      &lt;/p&gt;
    &lt;/div&gt;
    &lt;button
      class=&quot;rr-button rr-button--secondary&quot;
      style=&quot;width: auto;&quot;
      type=&quot;button&quot;
    &gt;
      +
    &lt;/button&gt;
  &lt;/div&gt;
  &lt;p
    class=&quot;rr-hint&quot;
  &gt;
    No sign-in methods added yet.
  &lt;/p&gt;
&lt;/div&gt;
 ❯ Object.getElementError node_modules/@testing-library/dom/dist/config.js:37:19
 ❯ node_modules/@testing-library/dom/dist/query-helpers.js:76:38
 ❯ node_modules/@testing-library/dom/dist/query-helpers.js:52:17
 ❯ getByRole node_modules/@testing-library/dom/dist/query-helpers.js:95:19
 ❯ goToFido2 test/apps/account.test.tsx:1277:48
 ❯ test/apps/account.test.tsx:1328:9
            </failure>
        </testcase>
        <testcase classname="test/apps/account.test.tsx" name="AccountPage — FIDO2 security key &gt; shows a generic message on a non-API, non-cancellation error" time="0.0156063">
            <failure message="Unable to find an accessible element with the role &quot;button&quot; and name &quot;+ Add&quot;

Here are the accessible roles:

  paragraph:

  Name &quot;&quot;:
  [36m&lt;p[39m
    [33mclass[39m=[32m&quot;rr-card__subtitle&quot;[39m
  [36m/&gt;[39m

  --------------------------------------------------
  button:

  Name &quot;+&quot;:
  [36m&lt;button[39m
    [33mclass[39m=[32m&quot;rr-button rr-button--secondary&quot;[39m
    [33mstyle[39m=[32m&quot;width: auto;&quot;[39m
    [33mtype[39m=[32m&quot;button&quot;[39m
  [36m/&gt;[39m

  --------------------------------------------------paragraph:

  Name &quot;&quot;:
  [36m&lt;p[39m
    [33mclass[39m=[32m&quot;rr-hint&quot;[39m
  [36m/&gt;[39m

  --------------------------------------------------

Ignored nodes: comments, script, style
[36m&lt;div[39m
  [33mclass[39m=[32m&quot;rr-card&quot;[39m
[36m&gt;[39m
  [36m&lt;div[39m
    [33mstyle[39m=[32m&quot;display: flex; align-items: center; justify-content: space-between;&quot;[39m
  [36m&gt;[39m
    [36m&lt;div&gt;[39m
      [36m&lt;div[39m
        [33mclass[39m=[32m&quot;rr-card__title&quot;[39m
      [36m&gt;[39m
        [0mSign-in methods[0m
      [36m&lt;/div&gt;[39m
      [36m&lt;p[39m
        [33mclass[39m=[32m&quot;rr-card__subtitle&quot;[39m
      [36m&gt;[39m
        [0mPasswords, authenticator apps, passkeys, and security keys.[0m
      [36m&lt;/p&gt;[39m
    [36m&lt;/div&gt;[39m
    [36m&lt;button[39m
      [33mclass[39m=[32m&quot;rr-button rr-button--secondary&quot;[39m
      [33mstyle[39m=[32m&quot;width: auto;&quot;[39m
      [33mtype[39m=[32m&quot;button&quot;[39m
    [36m&gt;[39m
      [0m+[0m
    [36m&lt;/button&gt;[39m
  [36m&lt;/div&gt;[39m
  [36m&lt;p[39m
    [33mclass[39m=[32m&quot;rr-hint&quot;[39m
  [36m&gt;[39m
    [0mNo sign-in methods added yet.[0m
  [36m&lt;/p&gt;[39m
[36m&lt;/div&gt;[39m" type="TestingLibraryElementError">
TestingLibraryElementError: Unable to find an accessible element with the role &quot;button&quot; and name &quot;+ Add&quot;

Here are the accessible roles:

  paragraph:

  Name &quot;&quot;:
  &lt;p
    class=&quot;rr-card__subtitle&quot;
  /&gt;

  --------------------------------------------------
  button:

  Name &quot;+&quot;:
  &lt;button
    class=&quot;rr-button rr-button--secondary&quot;
    style=&quot;width: auto;&quot;
    type=&quot;button&quot;
  /&gt;

  --------------------------------------------------paragraph:

  Name &quot;&quot;:
  &lt;p
    class=&quot;rr-hint&quot;
  /&gt;

  --------------------------------------------------

Ignored nodes: comments, script, style
&lt;div
  class=&quot;rr-card&quot;
&gt;
  &lt;div
    style=&quot;display: flex; align-items: center; justify-content: space-between;&quot;
  &gt;
    &lt;div&gt;
      &lt;div
        class=&quot;rr-card__title&quot;
      &gt;
        Sign-in methods
      &lt;/div&gt;
      &lt;p
        class=&quot;rr-card__subtitle&quot;
      &gt;
        Passwords, authenticator apps, passkeys, and security keys.
      &lt;/p&gt;
    &lt;/div&gt;
    &lt;button
      class=&quot;rr-button rr-button--secondary&quot;
      style=&quot;width: auto;&quot;
      type=&quot;button&quot;
    &gt;
      +
    &lt;/button&gt;
  &lt;/div&gt;
  &lt;p
    class=&quot;rr-hint&quot;
  &gt;
    No sign-in methods added yet.
  &lt;/p&gt;
&lt;/div&gt;
 ❯ Object.getElementError node_modules/@testing-library/dom/dist/config.js:37:19
 ❯ node_modules/@testing-library/dom/dist/query-helpers.js:76:38
 ❯ node_modules/@testing-library/dom/dist/query-helpers.js:52:17
 ❯ getByRole node_modules/@testing-library/dom/dist/query-helpers.js:95:19
 ❯ goToFido2 test/apps/account.test.tsx:1277:48
 ❯ test/apps/account.test.tsx:1337:9
            </failure>
        </testcase>
        <testcase classname="test/apps/account.test.tsx" name="AccountPage — state updaters fire while the initial list is still loading &gt; handleAddUsername seeds the list from [] when aliases hadn&apos;t loaded yet" time="0.2305664">
        </testcase>
        <testcase classname="test/apps/account.test.tsx" name="AccountPage — state updaters fire while the initial list is still loading &gt; handleToggleContactSignIn seeds the list from [] when aliases hadn&apos;t loaded yet" time="0.1242193">
        </testcase>
        <testcase classname="test/apps/account.test.tsx" name="AccountPage — state updaters fire while the initial list is still loading &gt; handlePasswordSubmit seeds the list from [] when secrets hadn&apos;t loaded yet" time="0.0147277">
            <failure message="Unable to find an accessible element with the role &quot;button&quot; and name &quot;+ Add&quot;

Here are the accessible roles:

  paragraph:

  Name &quot;&quot;:
  [36m&lt;p[39m
    [33mclass[39m=[32m&quot;rr-card__subtitle&quot;[39m
  [36m/&gt;[39m

  --------------------------------------------------
  button:

  Name &quot;+&quot;:
  [36m&lt;button[39m
    [33mclass[39m=[32m&quot;rr-button rr-button--secondary&quot;[39m
    [33mstyle[39m=[32m&quot;width: auto;&quot;[39m
    [33mtype[39m=[32m&quot;button&quot;[39m
  [36m/&gt;[39m

  --------------------------------------------------

Ignored nodes: comments, script, style
[36m&lt;div[39m
  [33mclass[39m=[32m&quot;rr-card&quot;[39m
[36m&gt;[39m
  [36m&lt;div[39m
    [33mstyle[39m=[32m&quot;display: flex; align-items: center; justify-content: space-between;&quot;[39m
  [36m&gt;[39m
    [36m&lt;div&gt;[39m
      [36m&lt;div[39m
        [33mclass[39m=[32m&quot;rr-card__title&quot;[39m
      [36m&gt;[39m
        [0mSign-in methods[0m
      [36m&lt;/div&gt;[39m
      [36m&lt;p[39m
        [33mclass[39m=[32m&quot;rr-card__subtitle&quot;[39m
      [36m&gt;[39m
        [0mPasswords, authenticator apps, passkeys, and security keys.[0m
      [36m&lt;/p&gt;[39m
    [36m&lt;/div&gt;[39m
    [36m&lt;button[39m
      [33mclass[39m=[32m&quot;rr-button rr-button--secondary&quot;[39m
      [33mstyle[39m=[32m&quot;width: auto;&quot;[39m
      [33mtype[39m=[32m&quot;button&quot;[39m
    [36m&gt;[39m
      [0m+[0m
    [36m&lt;/button&gt;[39m
  [36m&lt;/div&gt;[39m
[36m&lt;/div&gt;[39m" type="TestingLibraryElementError">
TestingLibraryElementError: Unable to find an accessible element with the role &quot;button&quot; and name &quot;+ Add&quot;

Here are the accessible roles:

  paragraph:

  Name &quot;&quot;:
  &lt;p
    class=&quot;rr-card__subtitle&quot;
  /&gt;

  --------------------------------------------------
  button:

  Name &quot;+&quot;:
  &lt;button
    class=&quot;rr-button rr-button--secondary&quot;
    style=&quot;width: auto;&quot;
    type=&quot;button&quot;
  /&gt;

  --------------------------------------------------

Ignored nodes: comments, script, style
&lt;div
  class=&quot;rr-card&quot;
&gt;
  &lt;div
    style=&quot;display: flex; align-items: center; justify-content: space-between;&quot;
  &gt;
    &lt;div&gt;
      &lt;div
        class=&quot;rr-card__title&quot;
      &gt;
        Sign-in methods
      &lt;/div&gt;
      &lt;p
        class=&quot;rr-card__subtitle&quot;
      &gt;
        Passwords, authenticator apps, passkeys, and security keys.
      &lt;/p&gt;
    &lt;/div&gt;
    &lt;button
      class=&quot;rr-button rr-button--secondary&quot;
      style=&quot;width: auto;&quot;
      type=&quot;button&quot;
    &gt;
      +
    &lt;/button&gt;
  &lt;/div&gt;
&lt;/div&gt;
 ❯ Object.getElementError node_modules/@testing-library/dom/dist/config.js:37:19
 ❯ node_modules/@testing-library/dom/dist/query-helpers.js:76:38
 ❯ node_modules/@testing-library/dom/dist/query-helpers.js:52:17
 ❯ getByRole node_modules/@testing-library/dom/dist/query-helpers.js:95:19
 ❯ test/apps/account.test.tsx:1385:48
            </failure>
        </testcase>
        <testcase classname="test/apps/account.test.tsx" name="AccountPage — state updaters fire while the initial list is still loading &gt; handleAddTotp seeds the list from [] when secrets hadn&apos;t loaded yet" time="0.0155833">
            <failure message="Unable to find an accessible element with the role &quot;button&quot; and name &quot;+ Add&quot;

Here are the accessible roles:

  paragraph:

  Name &quot;&quot;:
  [36m&lt;p[39m
    [33mclass[39m=[32m&quot;rr-card__subtitle&quot;[39m
  [36m/&gt;[39m

  --------------------------------------------------
  button:

  Name &quot;+&quot;:
  [36m&lt;button[39m
    [33mclass[39m=[32m&quot;rr-button rr-button--secondary&quot;[39m
    [33mstyle[39m=[32m&quot;width: auto;&quot;[39m
    [33mtype[39m=[32m&quot;button&quot;[39m
  [36m/&gt;[39m

  --------------------------------------------------

Ignored nodes: comments, script, style
[36m&lt;div[39m
  [33mclass[39m=[32m&quot;rr-card&quot;[39m
[36m&gt;[39m
  [36m&lt;div[39m
    [33mstyle[39m=[32m&quot;display: flex; align-items: center; justify-content: space-between;&quot;[39m
  [36m&gt;[39m
    [36m&lt;div&gt;[39m
      [36m&lt;div[39m
        [33mclass[39m=[32m&quot;rr-card__title&quot;[39m
      [36m&gt;[39m
        [0mSign-in methods[0m
      [36m&lt;/div&gt;[39m
      [36m&lt;p[39m
        [33mclass[39m=[32m&quot;rr-card__subtitle&quot;[39m
      [36m&gt;[39m
        [0mPasswords, authenticator apps, passkeys, and security keys.[0m
      [36m&lt;/p&gt;[39m
    [36m&lt;/div&gt;[39m
    [36m&lt;button[39m
      [33mclass[39m=[32m&quot;rr-button rr-button--secondary&quot;[39m
      [33mstyle[39m=[32m&quot;width: auto;&quot;[39m
      [33mtype[39m=[32m&quot;button&quot;[39m
    [36m&gt;[39m
      [0m+[0m
    [36m&lt;/button&gt;[39m
  [36m&lt;/div&gt;[39m
[36m&lt;/div&gt;[39m" type="TestingLibraryElementError">
TestingLibraryElementError: Unable to find an accessible element with the role &quot;button&quot; and name &quot;+ Add&quot;

Here are the accessible roles:

  paragraph:

  Name &quot;&quot;:
  &lt;p
    class=&quot;rr-card__subtitle&quot;
  /&gt;

  --------------------------------------------------
  button:

  Name &quot;+&quot;:
  &lt;button
    class=&quot;rr-button rr-button--secondary&quot;
    style=&quot;width: auto;&quot;
    type=&quot;button&quot;
  /&gt;

  --------------------------------------------------

Ignored nodes: comments, script, style
&lt;div
  class=&quot;rr-card&quot;
&gt;
  &lt;div
    style=&quot;display: flex; align-items: center; justify-content: space-between;&quot;
  &gt;
    &lt;div&gt;
      &lt;div
        class=&quot;rr-card__title&quot;
      &gt;
        Sign-in methods
      &lt;/div&gt;
      &lt;p
        class=&quot;rr-card__subtitle&quot;
      &gt;
        Passwords, authenticator apps, passkeys, and security keys.
      &lt;/p&gt;
    &lt;/div&gt;
    &lt;button
      class=&quot;rr-button rr-button--secondary&quot;
      style=&quot;width: auto;&quot;
      type=&quot;button&quot;
    &gt;
      +
    &lt;/button&gt;
  &lt;/div&gt;
&lt;/div&gt;
 ❯ Object.getElementError node_modules/@testing-library/dom/dist/config.js:37:19
 ❯ node_modules/@testing-library/dom/dist/query-helpers.js:76:38
 ❯ node_modules/@testing-library/dom/dist/query-helpers.js:52:17
 ❯ getByRole node_modules/@testing-library/dom/dist/query-helpers.js:95:19
 ❯ test/apps/account.test.tsx:1403:48
            </failure>
        </testcase>
        <testcase classname="test/apps/account.test.tsx" name="AccountPage — state updaters fire while the initial list is still loading &gt; handleAddPasskey seeds the list from [] when secrets hadn&apos;t loaded yet" time="0.0143193">
            <failure message="Unable to find an accessible element with the role &quot;button&quot; and name &quot;+ Add&quot;

Here are the accessible roles:

  paragraph:

  Name &quot;&quot;:
  [36m&lt;p[39m
    [33mclass[39m=[32m&quot;rr-card__subtitle&quot;[39m
  [36m/&gt;[39m

  --------------------------------------------------
  button:

  Name &quot;+&quot;:
  [36m&lt;button[39m
    [33mclass[39m=[32m&quot;rr-button rr-button--secondary&quot;[39m
    [33mstyle[39m=[32m&quot;width: auto;&quot;[39m
    [33mtype[39m=[32m&quot;button&quot;[39m
  [36m/&gt;[39m

  --------------------------------------------------

Ignored nodes: comments, script, style
[36m&lt;div[39m
  [33mclass[39m=[32m&quot;rr-card&quot;[39m
[36m&gt;[39m
  [36m&lt;div[39m
    [33mstyle[39m=[32m&quot;display: flex; align-items: center; justify-content: space-between;&quot;[39m
  [36m&gt;[39m
    [36m&lt;div&gt;[39m
      [36m&lt;div[39m
        [33mclass[39m=[32m&quot;rr-card__title&quot;[39m
      [36m&gt;[39m
        [0mSign-in methods[0m
      [36m&lt;/div&gt;[39m
      [36m&lt;p[39m
        [33mclass[39m=[32m&quot;rr-card__subtitle&quot;[39m
      [36m&gt;[39m
        [0mPasswords, authenticator apps, passkeys, and security keys.[0m
      [36m&lt;/p&gt;[39m
    [36m&lt;/div&gt;[39m
    [36m&lt;button[39m
      [33mclass[39m=[32m&quot;rr-button rr-button--secondary&quot;[39m
      [33mstyle[39m=[32m&quot;width: auto;&quot;[39m
      [33mtype[39m=[32m&quot;button&quot;[39m
    [36m&gt;[39m
      [0m+[0m
    [36m&lt;/button&gt;[39m
  [36m&lt;/div&gt;[39m
[36m&lt;/div&gt;[39m" type="TestingLibraryElementError">
TestingLibraryElementError: Unable to find an accessible element with the role &quot;button&quot; and name &quot;+ Add&quot;

Here are the accessible roles:

  paragraph:

  Name &quot;&quot;:
  &lt;p
    class=&quot;rr-card__subtitle&quot;
  /&gt;

  --------------------------------------------------
  button:

  Name &quot;+&quot;:
  &lt;button
    class=&quot;rr-button rr-button--secondary&quot;
    style=&quot;width: auto;&quot;
    type=&quot;button&quot;
  /&gt;

  --------------------------------------------------

Ignored nodes: comments, script, style
&lt;div
  class=&quot;rr-card&quot;
&gt;
  &lt;div
    style=&quot;display: flex; align-items: center; justify-content: space-between;&quot;
  &gt;
    &lt;div&gt;
      &lt;div
        class=&quot;rr-card__title&quot;
      &gt;
        Sign-in methods
      &lt;/div&gt;
      &lt;p
        class=&quot;rr-card__subtitle&quot;
      &gt;
        Passwords, authenticator apps, passkeys, and security keys.
      &lt;/p&gt;
    &lt;/div&gt;
    &lt;button
      class=&quot;rr-button rr-button--secondary&quot;
      style=&quot;width: auto;&quot;
      type=&quot;button&quot;
    &gt;
      +
    &lt;/button&gt;
  &lt;/div&gt;
&lt;/div&gt;
 ❯ Object.getElementError node_modules/@testing-library/dom/dist/config.js:37:19
 ❯ node_modules/@testing-library/dom/dist/query-helpers.js:76:38
 ❯ node_modules/@testing-library/dom/dist/query-helpers.js:52:17
 ❯ getByRole node_modules/@testing-library/dom/dist/query-helpers.js:95:19
 ❯ test/apps/account.test.tsx:1424:48
            </failure>
        </testcase>
        <testcase classname="test/apps/account.test.tsx" name="AccountPage — state updaters fire while the initial list is still loading &gt; handleAddFido2 seeds the list from [] when secrets hadn&apos;t loaded yet" time="0.0139142">
            <failure message="Unable to find an accessible element with the role &quot;button&quot; and name &quot;+ Add&quot;

Here are the accessible roles:

  paragraph:

  Name &quot;&quot;:
  [36m&lt;p[39m
    [33mclass[39m=[32m&quot;rr-card__subtitle&quot;[39m
  [36m/&gt;[39m

  --------------------------------------------------
  button:

  Name &quot;+&quot;:
  [36m&lt;button[39m
    [33mclass[39m=[32m&quot;rr-button rr-button--secondary&quot;[39m
    [33mstyle[39m=[32m&quot;width: auto;&quot;[39m
    [33mtype[39m=[32m&quot;button&quot;[39m
  [36m/&gt;[39m

  --------------------------------------------------

Ignored nodes: comments, script, style
[36m&lt;div[39m
  [33mclass[39m=[32m&quot;rr-card&quot;[39m
[36m&gt;[39m
  [36m&lt;div[39m
    [33mstyle[39m=[32m&quot;display: flex; align-items: center; justify-content: space-between;&quot;[39m
  [36m&gt;[39m
    [36m&lt;div&gt;[39m
      [36m&lt;div[39m
        [33mclass[39m=[32m&quot;rr-card__title&quot;[39m
      [36m&gt;[39m
        [0mSign-in methods[0m
      [36m&lt;/div&gt;[39m
      [36m&lt;p[39m
        [33mclass[39m=[32m&quot;rr-card__subtitle&quot;[39m
      [36m&gt;[39m
        [0mPasswords, authenticator apps, passkeys, and security keys.[0m
      [36m&lt;/p&gt;[39m
    [36m&lt;/div&gt;[39m
    [36m&lt;button[39m
      [33mclass[39m=[32m&quot;rr-button rr-button--secondary&quot;[39m
      [33mstyle[39m=[32m&quot;width: auto;&quot;[39m
      [33mtype[39m=[32m&quot;button&quot;[39m
    [36m&gt;[39m
      [0m+[0m
    [36m&lt;/button&gt;[39m
  [36m&lt;/div&gt;[39m
[36m&lt;/div&gt;[39m" type="TestingLibraryElementError">
TestingLibraryElementError: Unable to find an accessible element with the role &quot;button&quot; and name &quot;+ Add&quot;

Here are the accessible roles:

  paragraph:

  Name &quot;&quot;:
  &lt;p
    class=&quot;rr-card__subtitle&quot;
  /&gt;

  --------------------------------------------------
  button:

  Name &quot;+&quot;:
  &lt;button
    class=&quot;rr-button rr-button--secondary&quot;
    style=&quot;width: auto;&quot;
    type=&quot;button&quot;
  /&gt;

  --------------------------------------------------

Ignored nodes: comments, script, style
&lt;div
  class=&quot;rr-card&quot;
&gt;
  &lt;div
    style=&quot;display: flex; align-items: center; justify-content: space-between;&quot;
  &gt;
    &lt;div&gt;
      &lt;div
        class=&quot;rr-card__title&quot;
      &gt;
        Sign-in methods
      &lt;/div&gt;
      &lt;p
        class=&quot;rr-card__subtitle&quot;
      &gt;
        Passwords, authenticator apps, passkeys, and security keys.
      &lt;/p&gt;
    &lt;/div&gt;
    &lt;button
      class=&quot;rr-button rr-button--secondary&quot;
      style=&quot;width: auto;&quot;
      type=&quot;button&quot;
    &gt;
      +
    &lt;/button&gt;
  &lt;/div&gt;
&lt;/div&gt;
 ❯ Object.getElementError node_modules/@testing-library/dom/dist/config.js:37:19
 ❯ node_modules/@testing-library/dom/dist/query-helpers.js:76:38
 ❯ node_modules/@testing-library/dom/dist/query-helpers.js:52:17
 ❯ getByRole node_modules/@testing-library/dom/dist/query-helpers.js:95:19
 ❯ test/apps/account.test.tsx:1442:48
            </failure>
        </testcase>
        <testcase classname="test/apps/account.test.tsx" name="AccountPage — logout &gt; logs out and redirects to /auth/signin" time="0.0681463">
        </testcase>
        <testcase classname="test/apps/account.test.tsx" name="AccountPage — admin console link &gt; does not show an admin console link for a non-admin account" time="0.0074228">
        </testcase>
        <testcase classname="test/apps/account.test.tsx" name="AccountPage — admin console link &gt; shows an admin console link pointing at /admin for an admin account" time="0.0242087">
        </testcase>
        <testcase classname="test/apps/account.test.tsx" name="AccountPage — admin console link &gt; does not show an admin console link (and does not error) when the role check fails" time="0.0076902">
        </testcase>
    </testsuite>
</testsuites>
