<?xml version="1.0" encoding="UTF-8" ?>
<testsuites name="vitest tests" tests="564" failures="0" errors="0" time="113.9645439">
    <testsuite name="test/AuthAppleRoute.mongo.test.ts" timestamp="2026-08-28T23:59:24.987Z" hostname="Jane" tests="2" failures="0" errors="0" skipped="0" time="0.0110232">
        <testcase classname="test/AuthAppleRoute.mongo.test.ts" name="AuthAppleRoute (mongo) &gt; delegates login() to the base OIDC route" time="0.0036492">
        </testcase>
        <testcase classname="test/AuthAppleRoute.mongo.test.ts" name="AuthAppleRoute (mongo) &gt; caches the generated client_secret JWT across calls instead of resigning it on every request" time="0.0032332">
        </testcase>
    </testsuite>
    <testsuite name="test/AuthAppleRoute.sql.test.ts" timestamp="2026-08-28T23:59:24.989Z" hostname="Jane" tests="2" failures="0" errors="0" skipped="0" time="0.0062622">
        <testcase classname="test/AuthAppleRoute.sql.test.ts" name="AuthAppleRoute (sql) &gt; delegates login() to the base OIDC route" time="0.0029264">
        </testcase>
        <testcase classname="test/AuthAppleRoute.sql.test.ts" name="AuthAppleRoute (sql) &gt; caches the generated client_secret JWT across calls instead of resigning it on every request" time="0.0022755">
        </testcase>
    </testsuite>
    <testsuite name="test/AuthFacebookRoute.mongo.test.ts" timestamp="2026-08-28T23:59:24.990Z" hostname="Jane" tests="1" failures="0" errors="0" skipped="0" time="0.0038162">
        <testcase classname="test/AuthFacebookRoute.mongo.test.ts" name="AuthFacebookRoute (mongo) &gt; delegates login() to the base OIDC route" time="0.0027864">
        </testcase>
    </testsuite>
    <testsuite name="test/AuthFacebookRoute.sql.test.ts" timestamp="2026-08-28T23:59:24.990Z" hostname="Jane" tests="1" failures="0" errors="0" skipped="0" time="0.0038824">
        <testcase classname="test/AuthFacebookRoute.sql.test.ts" name="AuthFacebookRoute (sql) &gt; delegates login() to the base OIDC route" time="0.0028437">
        </testcase>
    </testsuite>
    <testsuite name="test/AuthGoogleRoute.mongo.test.ts" timestamp="2026-08-28T23:59:24.990Z" hostname="Jane" tests="1" failures="0" errors="0" skipped="0" time="0.0038284">
        <testcase classname="test/AuthGoogleRoute.mongo.test.ts" name="AuthGoogleRoute (mongo) &gt; delegates login() to the base OIDC route" time="0.0027896">
        </testcase>
    </testsuite>
    <testsuite name="test/AuthGoogleRoute.sql.test.ts" timestamp="2026-08-28T23:59:24.991Z" hostname="Jane" tests="1" failures="0" errors="0" skipped="0" time="0.0038303">
        <testcase classname="test/AuthGoogleRoute.sql.test.ts" name="AuthGoogleRoute (sql) &gt; delegates login() to the base OIDC route" time="0.002827">
        </testcase>
    </testsuite>
    <testsuite name="test/AuthMFARoute.mongo.test.ts" timestamp="2026-08-28T23:59:24.991Z" hostname="Jane" tests="3" failures="0" errors="0" skipped="0" time="0.007036">
        <testcase classname="test/AuthMFARoute.mongo.test.ts" name="AuthMFARoute (mongo) — initialize() &gt; drives the registered &apos;mfa&apos; strategy&apos;s require2FA from auth:require_mfa when the strategy is found" time="0.0049381">
        </testcase>
        <testcase classname="test/AuthMFARoute.mongo.test.ts" name="AuthMFARoute (mongo) — initialize() &gt; forces require2FA on when auth:require_mfa is set" time="0.0002722">
        </testcase>
        <testcase classname="test/AuthMFARoute.mongo.test.ts" name="AuthMFARoute (mongo) — initialize() &gt; does nothing (and does not throw) when no &apos;mfa&apos; strategy is registered" time="0.000728">
        </testcase>
    </testsuite>
    <testsuite name="test/AuthMFARoute.sql.test.ts" timestamp="2026-08-28T23:59:24.992Z" hostname="Jane" tests="3" failures="0" errors="0" skipped="0" time="0.0036519">
        <testcase classname="test/AuthMFARoute.sql.test.ts" name="AuthMFARoute (sql) — initialize() &gt; drives the registered &apos;mfa&apos; strategy&apos;s require2FA from auth:require_mfa when the strategy is found" time="0.0018552">
        </testcase>
        <testcase classname="test/AuthMFARoute.sql.test.ts" name="AuthMFARoute (sql) — initialize() &gt; forces require2FA on when auth:require_mfa is set" time="0.000218">
        </testcase>
        <testcase classname="test/AuthMFARoute.sql.test.ts" name="AuthMFARoute (sql) — initialize() &gt; does nothing (and does not throw) when no &apos;mfa&apos; strategy is registered" time="0.0005651">
        </testcase>
    </testsuite>
    <testsuite name="test/AuthMicrosoftRoute.mongo.test.ts" timestamp="2026-08-28T23:59:24.992Z" hostname="Jane" tests="1" failures="0" errors="0" skipped="0" time="0.0037919">
        <testcase classname="test/AuthMicrosoftRoute.mongo.test.ts" name="AuthMicrosoftRoute (mongo) &gt; delegates login() to the base OIDC route" time="0.0027853">
        </testcase>
    </testsuite>
    <testsuite name="test/AuthMicrosoftRoute.sql.test.ts" timestamp="2026-08-28T23:59:24.992Z" hostname="Jane" tests="1" failures="0" errors="0" skipped="0" time="0.0038126">
        <testcase classname="test/AuthMicrosoftRoute.sql.test.ts" name="AuthMicrosoftRoute (sql) &gt; delegates login() to the base OIDC route" time="0.0028108">
        </testcase>
    </testsuite>
    <testsuite name="test/config.defaults.test.ts" timestamp="2026-08-28T23:59:24.993Z" hostname="Jane" tests="8" failures="0" errors="0" skipped="0" time="0.0064594">
        <testcase classname="test/config.defaults.test.ts" name="assertProductionSecretsAreSet &gt; is a no-op outside production, even with every default secret still in effect" time="0.0016473">
        </testcase>
        <testcase classname="test/config.defaults.test.ts" name="assertProductionSecretsAreSet &gt; throws in production when all three secrets still hold their default values" time="0.0002296">
        </testcase>
        <testcase classname="test/config.defaults.test.ts" name="assertProductionSecretsAreSet &gt; throws naming only the specific secret(s) still at their default" time="0.0001755">
        </testcase>
        <testcase classname="test/config.defaults.test.ts" name="assertProductionSecretsAreSet &gt; does not throw in production once all three secrets have been overridden" time="0.0006982">
            <system-err>
WARNING: starting in production with the default placeholder OAuth/OIDC credential(s) still in effect: AUTH__GOOGLE__CLIENTID, AUTH__GOOGLE__CLIENTSECRET, AUTH__MICROSOFT__CLIENTID, AUTH__MICROSOFT__CLIENTSECRET, AUTH__MICROSOFT__TENANT, AUTH__APPLE__CLIENTID, AUTH__APPLE__TEAMID, AUTH__APPLE__KEYID, AUTH__APPLE__PRIVATEKEY, AUTH__FACEBOOK__CLIENTID, AUTH__FACEBOOK__CLIENTSECRET. Sign-in with the affected provider(s) will not work until these are set to your real values. If you don&apos;t use that provider, this can be ignored.

            </system-err>
        </testcase>
        <testcase classname="test/config.defaults.test.ts" name="assertProductionSecretsAreSet &gt; OAuth/OIDC provider placeholder credentials &gt; warns (but does not throw) in production when the placeholder provider credentials are still in effect" time="0.0020208">
        </testcase>
        <testcase classname="test/config.defaults.test.ts" name="assertProductionSecretsAreSet &gt; OAuth/OIDC provider placeholder credentials &gt; names only the specific placeholder(s) still at their default" time="0.0003504">
        </testcase>
        <testcase classname="test/config.defaults.test.ts" name="assertProductionSecretsAreSet &gt; OAuth/OIDC provider placeholder credentials &gt; does not warn once every provider&apos;s credentials have been overridden" time="0.0001296">
        </testcase>
        <testcase classname="test/config.defaults.test.ts" name="assertProductionSecretsAreSet &gt; OAuth/OIDC provider placeholder credentials &gt; does not warn outside production even with the placeholder credentials still in effect" time="0.0000926">
        </testcase>
    </testsuite>
    <testsuite name="test/DefaultAccounts.mongo.test.ts" timestamp="2026-08-28T23:59:24.994Z" hostname="Jane" tests="2" failures="0" errors="0" skipped="0" time="4.0006764">
        <testcase classname="test/DefaultAccounts.mongo.test.ts" name="DefaultAccounts Tests (mongo) &gt; creates a default admin account on startup and logs its one-time password" time="1.4587151">
            <system-out>
[DerivedLogger.emit] 2026-08-28T23:57:56.628Z [32minfo[39m: Starting server...

[DerivedLogger.emit] 2026-08-28T23:57:56.632Z [32minfo[39m: Registering class OpenApiSpec
[DerivedLogger.emit] 2026-08-28T23:57:56.633Z [34mdebug[39m: Creating new instance of class [OpenApiSpec] with name [OpenApiSpec:default]

[DerivedLogger.emit] 2026-08-28T23:57:56.635Z [32minfo[39m: Registering class ConnectionManager
[DerivedLogger.emit] 2026-08-28T23:57:56.635Z [34mdebug[39m: Creating new instance of class [ConnectionManager] with name [ConnectionManager:default]

[DerivedLogger.emit] 2026-08-28T23:57:56.636Z [32minfo[39m: Loading all service classes...

[DerivedLogger.emit] 2026-08-28T23:57:56.746Z [32minfo[39m: Registering class DefaultAccountsMongo
[DerivedLogger.emit] 2026-08-28T23:57:56.747Z [32minfo[39m: Registering class UserMongo
[DerivedLogger.emit] 2026-08-28T23:57:56.747Z [32minfo[39m: Registering class AliasMongo
[DerivedLogger.emit] 2026-08-28T23:57:56.748Z [32minfo[39m: Registering class ProfileMongo
[DerivedLogger.emit] 2026-08-28T23:57:56.748Z [32minfo[39m: Registering class SecretMongo
[DerivedLogger.emit] 2026-08-28T23:57:56.748Z [32minfo[39m: Registering class routes.AccountRoute
[DerivedLogger.emit] 2026-08-28T23:57:56.749Z [32minfo[39m: Registering class routes.AdminRoute
[DerivedLogger.emit] 2026-08-28T23:57:56.749Z [32minfo[39m: Registering class routes.AliasRoute
[DerivedLogger.emit] 2026-08-28T23:57:56.749Z [32minfo[39m: Registering class routes.AuthDiscoverRoute
[DerivedLogger.emit] 2026-08-28T23:57:56.749Z [32minfo[39m: Registering class routes.AuthGoogleRoute
[DerivedLogger.emit] 2026-08-28T23:57:56.750Z [32minfo[39m: Registering class routes.AuthLogoutRoute
[DerivedLogger.emit] 2026-08-28T23:57:56.750Z [32minfo[39m: Registering class routes.AuthMFARoute
[DerivedLogger.emit] 2026-08-28T23:57:56.750Z [32minfo[39m: Registering class routes.AuthMicrosoftRoute
[DerivedLogger.emit] 2026-08-28T23:57:56.751Z [32minfo[39m: Registering class routes.AuthRefreshRoute
[DerivedLogger.emit] 2026-08-28T23:57:56.751Z [32minfo[39m: Registering class routes.AuthTOTPRoute
[DerivedLogger.emit] 2026-08-28T23:57:56.751Z [32minfo[39m: Registering class routes.MetricsRoute
[DerivedLogger.emit] 2026-08-28T23:57:56.752Z [32minfo[39m: Registering class routes.OpenAPIRoute
[DerivedLogger.emit] 2026-08-28T23:57:56.752Z [32minfo[39m: Registering class routes.AuthAppleRoute
[DerivedLogger.emit] 2026-08-28T23:57:56.752Z [32minfo[39m: Registering class routes.AuthBasicRoute
[DerivedLogger.emit] 2026-08-28T23:57:56.757Z [32minfo[39m: Registering class routes.StatusRoute
[DerivedLogger.emit] 2026-08-28T23:57:56.757Z [32minfo[39m: Registering class routes.UserRoute
[DerivedLogger.emit] 2026-08-28T23:57:56.758Z [32minfo[39m: Registering class routes.RegistrationRoute
[DerivedLogger.emit] 2026-08-28T23:57:56.758Z [32minfo[39m: Registering class routes.ProfileRoute
[DerivedLogger.emit] 2026-08-28T23:57:56.758Z [32minfo[39m: Registering class routes.AuthFacebookRoute
[DerivedLogger.emit] 2026-08-28T23:57:56.758Z [32minfo[39m: Registering class routes.AuthElevationRoute
[DerivedLogger.emit] 2026-08-28T23:57:56.759Z [32minfo[39m: Registering class routes.AuthFIDO2Route
[DerivedLogger.emit] 2026-08-28T23:57:56.759Z [32minfo[39m: Registering class routes.AuthPasskeyRoute
[DerivedLogger.emit] 2026-08-28T23:57:56.759Z [32minfo[39m: Registering class routes.AuthOTPRoute
[DerivedLogger.emit] 2026-08-28T23:57:56.760Z [32minfo[39m: Registering class routes.AdminConsoleRoute
[DerivedLogger.emit] 2026-08-28T23:57:56.760Z [32minfo[39m: Registering class routes.WwwRoute
[DerivedLogger.emit] 2026-08-28T23:57:56.760Z [32minfo[39m: Registering class routes.SecretRoute
[DerivedLogger.emit] 2026-08-28T23:57:56.761Z [32minfo[39m: Scanning for data models...
[DerivedLogger.emit] 2026-08-28T23:57:56.762Z [32minfo[39m: Initializing database connection(s)...
[ConnectionManager.emit] 2026-08-28T23:57:56.763Z [32minfo[39m: Connecting to database cache [redis://localhost]...

[ConnectionManager.emit] 2026-08-28T23:57:56.765Z [32minfo[39m: Connecting to database events [redis://localhost]...

[ConnectionManager.emit] 2026-08-28T23:57:56.766Z [32minfo[39m: Connecting to database logs [redis://localhost]...

[ConnectionManager.emit] 2026-08-28T23:57:56.767Z [32minfo[39m: Connecting to database acl [mongodb://localhost:9999/acls]...
[ConnectionManager.emit] 2026-08-28T23:57:56.767Z [32minfo[39m: Connecting to database mongo [mongodb://localhost:9999/rrst_auth]...

[ConnectionManager.emit] 2026-08-28T23:57:56.795Z [33mwarn[39m: Datastore &apos;mongo&apos; is a standalone MongoDB instance and does not support multi-document transactions. @Transactional will run without a transaction for models on this datastore. Configure MongoDB as a replica set (or sharded cluster) to enable it.

[ConnectionManager.emit] 2026-08-28T23:57:56.797Z [33mwarn[39m: Datastore &apos;acl&apos; is a standalone MongoDB instance and does not support multi-document transactions. @Transactional will run without a transaction for models on this datastore. Configure MongoDB as a replica set (or sharded cluster) to enable it.

[ConnectionManager.emit] 2026-08-28T23:57:56.807Z [34mdebug[39m: Created collection: user_mongo

[ConnectionManager.emit] 2026-08-28T23:57:56.809Z [34mdebug[39m: Created collection: access_control_list_mongo

[ConnectionManager.emit] 2026-08-28T23:57:56.810Z [34mdebug[39m: Creating index uid on collection user_mongo.

[ConnectionManager.emit] 2026-08-28T23:57:56.811Z [34mdebug[39m: Creating index parentUid on collection access_control_list_mongo.

[ConnectionManager.emit] 2026-08-28T23:57:56.813Z [34mdebug[39m: Creating index uid_version on collection user_mongo.

[ConnectionManager.emit] 2026-08-28T23:57:56.815Z [34mdebug[39m: Creating index uid on collection access_control_list_mongo.

[ConnectionManager.emit] 2026-08-28T23:57:56.819Z [34mdebug[39m: Creating index uid_version on collection access_control_list_mongo.

[ConnectionManager.emit] 2026-08-28T23:57:56.824Z [34mdebug[39m: Created collection: alias_mongo

[ConnectionManager.emit] 2026-08-28T23:57:56.824Z [34mdebug[39m: Creating index alias on collection alias_mongo.

[ConnectionManager.emit] 2026-08-28T23:57:56.827Z [34mdebug[39m: Creating index alias_userUid on collection alias_mongo.

[ConnectionManager.emit] 2026-08-28T23:57:56.830Z [34mdebug[39m: Creating index uid on collection alias_mongo.

[ConnectionManager.emit] 2026-08-28T23:57:56.833Z [34mdebug[39m: Creating index uid_version on collection alias_mongo.

[ConnectionManager.emit] 2026-08-28T23:57:56.840Z [34mdebug[39m: Created collection: profile_mongo

[ConnectionManager.emit] 2026-08-28T23:57:56.840Z [34mdebug[39m: Creating index uid on collection profile_mongo.

[ConnectionManager.emit] 2026-08-28T23:57:56.843Z [34mdebug[39m: Creating index uid_version on collection profile_mongo.

[ConnectionManager.emit] 2026-08-28T23:57:56.850Z [34mdebug[39m: Created collection: secret_mongo

[ConnectionManager.emit] 2026-08-28T23:57:56.851Z [34mdebug[39m: Creating index secret_userUid on collection secret_mongo.

[ConnectionManager.emit] 2026-08-28T23:57:56.854Z [34mdebug[39m: Creating index uid on collection secret_mongo.

[ConnectionManager.emit] 2026-08-28T23:57:56.858Z [34mdebug[39m: Creating index uid_version on collection secret_mongo.

[ConnectionManager.emit] 2026-08-28T23:57:56.861Z [32minfo[39m: Successfully connected to all configured databases.

[DerivedLogger.emit] 2026-08-28T23:57:56.861Z [32minfo[39m: Registering class ACLUtils
[DerivedLogger.emit] 2026-08-28T23:57:56.862Z [34mdebug[39m: Creating new instance of class [ACLUtils] with name [ACLUtils:default]
[DerivedLogger.emit] 2026-08-28T23:57:56.863Z [32minfo[39m: Registering class RedisCache
[DerivedLogger.emit] 2026-08-28T23:57:56.864Z [34mdebug[39m: Creating new instance of class [RedisCache] with name [RedisCache:AccessControlListMongo]

[ACLUtils.emit] 2026-08-28T23:57:56.865Z [32minfo[39m: RBAC system is enabled and ready.

[DerivedLogger.emit] 2026-08-28T23:57:56.868Z [32minfo[39m: Registering class SessionManager
[DerivedLogger.emit] 2026-08-28T23:57:56.869Z [34mdebug[39m: Creating new instance of class [SessionManager] with name [SessionManager:default]

[DerivedLogger.emit] 2026-08-28T23:57:56.870Z [32minfo[39m: Registering class RedisSessionStore
[DerivedLogger.emit] 2026-08-28T23:57:56.870Z [34mdebug[39m: Creating new instance of class [RedisSessionStore] with name [RedisSessionStore:e31dbae9-b5da-45de-b4fc-e5f70526893c]

[SessionManager.emit] 2026-08-28T23:57:56.871Z [32minfo[39m: Session support enabled (store: redis).

[DerivedLogger.emit] 2026-08-28T23:57:56.871Z [32minfo[39m: Registering class RouteUtils
[DerivedLogger.emit] 2026-08-28T23:57:56.872Z [34mdebug[39m: Creating new instance of class [RouteUtils] with name [RouteUtils:default]
[DerivedLogger.emit] 2026-08-28T23:57:56.872Z [32minfo[39m: Registering class AuthMiddleware
[DerivedLogger.emit] 2026-08-28T23:57:56.872Z [34mdebug[39m: Creating new instance of class [AuthMiddleware] with name [AuthMiddleware:default]
[DerivedLogger.emit] 2026-08-28T23:57:56.873Z [32minfo[39m: Registering class auth.JWTStrategy
[DerivedLogger.emit] 2026-08-28T23:57:56.874Z [34mdebug[39m: Creating new instance of class [auth.JWTStrategy] with name [auth.JWTStrategy:b363e562-1f51-4181-a012-b6b7615abd0e]

[DerivedLogger.emit] 2026-08-28T23:57:56.874Z [32minfo[39m: Starting background services...
[DerivedLogger.emit] 2026-08-28T23:57:56.875Z [32minfo[39m: Registering class BackgroundServiceManager
[DerivedLogger.emit] 2026-08-28T23:57:56.875Z [34mdebug[39m: Creating new instance of class [BackgroundServiceManager] with name [BackgroundServiceManager:default]

[BackgroundServiceManager.emit] 2026-08-28T23:57:56.876Z [32minfo[39m: Starting service DefaultAccountsMongo...
[DerivedLogger.emit] 2026-08-28T23:57:56.876Z [34mdebug[39m: Creating new instance of class [DefaultAccountsMongo] with name [DefaultAccountsMongo:DefaultAccountsMongo]
[DerivedLogger.emit] 2026-08-28T23:57:56.877Z [32minfo[39m: Registering class RepoUtils
[DerivedLogger.emit] 2026-08-28T23:57:56.878Z [34mdebug[39m: Creating new instance of class [RepoUtils] with name [RepoUtils:AliasMongo]
[DerivedLogger.emit] 2026-08-28T23:57:56.878Z [32minfo[39m: Unable to register class undefined for ACLUtils/undefined
[DerivedLogger.emit] 2026-08-28T23:57:56.879Z [32minfo[39m: Registering class NotificationUtils
[DerivedLogger.emit] 2026-08-28T23:57:56.879Z [34mdebug[39m: Creating new instance of class [NotificationUtils] with name [NotificationUtils:default]

[DerivedLogger.emit] 2026-08-28T23:57:56.885Z [34mdebug[39m: Creating new instance of class [RepoUtils] with name [RepoUtils:ProfileMongo]
[DerivedLogger.emit] 2026-08-28T23:57:56.886Z [32minfo[39m: Unable to register class undefined for ACLUtils/undefined

[DerivedLogger.emit] 2026-08-28T23:57:56.888Z [34mdebug[39m: Creating new instance of class [RepoUtils] with name [RepoUtils:SecretMongo]
[DerivedLogger.emit] 2026-08-28T23:57:56.889Z [32minfo[39m: Unable to register class undefined for ACLUtils/undefined

[DerivedLogger.emit] 2026-08-28T23:57:56.892Z [34mdebug[39m: Creating new instance of class [RepoUtils] with name [RepoUtils:UserMongo]
[DerivedLogger.emit] 2026-08-28T23:57:56.892Z [32minfo[39m: Unable to register class undefined for ACLUtils/undefined

[DefaultAccountsMongo.emit] 2026-08-28T23:57:56.943Z [32minfo[39m: ================================================================================
[DefaultAccountsMongo.emit] 2026-08-28T23:57:56.943Z [32minfo[39m: !!!IMPORTANT!!! Write down this information. It won&apos;t be shown again.
[DefaultAccountsMongo.emit] 2026-08-28T23:57:56.944Z [32minfo[39m: ================================================================================
[DefaultAccountsMongo.emit] 2026-08-28T23:57:56.944Z [32minfo[39m: An account has been created with the following details:
[DefaultAccountsMongo.emit] 2026-08-28T23:57:56.945Z [32minfo[39m: ------------------------------
[DefaultAccountsMongo.emit] 2026-08-28T23:57:56.945Z [32minfo[39m: Name: admin
[DefaultAccountsMongo.emit] 2026-08-28T23:57:56.946Z [32minfo[39m: Password: &apos;@ggmxVR%8qBn^90?jMO5Kgw&amp;5%Bs%i4I&apos;
[DefaultAccountsMongo.emit] 2026-08-28T23:57:56.946Z [32minfo[39m: Roles: admin
[DefaultAccountsMongo.emit] 2026-08-28T23:57:56.947Z [32minfo[39m: ================================================================================

[DerivedLogger.emit] 2026-08-28T23:57:56.947Z [32minfo[39m: Initializing event manager...
[DerivedLogger.emit] 2026-08-28T23:57:56.948Z [32minfo[39m: Registering class EventListenerManager
[DerivedLogger.emit] 2026-08-28T23:57:56.948Z [34mdebug[39m: Creating new instance of class [EventListenerManager] with name [EventListenerManager:default]

[DerivedLogger.emit] 2026-08-28T23:57:56.949Z [32minfo[39m: Scanning for routes...
[DerivedLogger.emit] 2026-08-28T23:57:56.950Z [34mdebug[39m: Creating new instance of class [routes.AccountRoute] with name [routes.AccountRoute:default]
[DerivedLogger.emit] 2026-08-28T23:57:56.950Z [32minfo[39m: Registering class MessagingUtils
[DerivedLogger.emit] 2026-08-28T23:57:56.951Z [34mdebug[39m: Creating new instance of class [MessagingUtils] with name [MessagingUtils:default]
[DerivedLogger.emit] 2026-08-28T23:57:56.951Z [32minfo[39m: Registering class TokenUtils
[DerivedLogger.emit] 2026-08-28T23:57:56.952Z [34mdebug[39m: Creating new instance of class [TokenUtils] with name [TokenUtils:default]
[DerivedLogger.emit] 2026-08-28T23:57:56.952Z [32minfo[39m: Registering class RateLimiter
[DerivedLogger.emit] 2026-08-28T23:57:56.953Z [34mdebug[39m: Creating new instance of class [RateLimiter] with name [RateLimiter:default]
[DerivedLogger.emit] 2026-08-28T23:57:56.953Z [32minfo[39m: Registering class MemoryStore
[DerivedLogger.emit] 2026-08-28T23:57:56.954Z [34mdebug[39m: Creating new instance of class [MemoryStore] with name [MemoryStore:default]

[RouteUtils.emit] 2026-08-28T23:57:56.955Z [32minfo[39m: Registered Route: DELETE /api/accounts/:id
[RouteUtils.emit] 2026-08-28T23:57:56.957Z [32minfo[39m: Registered Route: GET /api/accounts/:id
[RouteUtils.emit] 2026-08-28T23:57:56.958Z [32minfo[39m: Registered Route: POST /api/accounts/:id/revokeSessions

[DerivedLogger.emit] 2026-08-28T23:57:56.958Z [34mdebug[39m: Creating new instance of class [routes.AdminRoute] with name [routes.AdminRoute:default]

[routes.AdminRoute.emit] 2026-08-28T23:57:56.959Z [32minfo[39m: Cache is enabled and ready.

[RouteUtils.emit] 2026-08-28T23:57:56.960Z [32minfo[39m: Registered Route: GET /api/admin/clear-cache
[RouteUtils.emit] 2026-08-28T23:57:56.961Z [32minfo[39m: Registered Route: WS /api/admin/logs
[RouteUtils.emit] 2026-08-28T23:57:56.961Z [32minfo[39m: Registered Route: GET /api/admin/release-notes
[RouteUtils.emit] 2026-08-28T23:57:56.962Z [32minfo[39m: Registered Route: GET /api/admin/restart

[DerivedLogger.emit] 2026-08-28T23:57:56.962Z [34mdebug[39m: Creating new instance of class [routes.AliasRoute] with name [routes.AliasRoute:default]

[RouteUtils.emit] 2026-08-28T23:57:56.963Z [32minfo[39m: Registered Route: POST /api/aliases
[RouteUtils.emit] 2026-08-28T23:57:56.964Z [32minfo[39m: Registered Route: DELETE /api/aliases/:id
[RouteUtils.emit] 2026-08-28T23:57:56.964Z [32minfo[39m: Registered Route: GET /api/aliases
[RouteUtils.emit] 2026-08-28T23:57:56.965Z [32minfo[39m: Registered Route: GET /api/aliases/:id/sendCode
[RouteUtils.emit] 2026-08-28T23:57:56.965Z [32minfo[39m: Registered Route: PUT /api/aliases/:id
[RouteUtils.emit] 2026-08-28T23:57:56.966Z [32minfo[39m: Registered Route: PUT /api/aliases
[RouteUtils.emit] 2026-08-28T23:57:56.966Z [32minfo[39m: Registered Route: PUT /api/aliases/:id/:property
[RouteUtils.emit] 2026-08-28T23:57:56.967Z [32minfo[39m: Registered Route: POST /api/aliases/:id/verify
[RouteUtils.emit] 2026-08-28T23:57:56.967Z [32minfo[39m: Registered Route: HEAD /api/aliases
[RouteUtils.emit] 2026-08-28T23:57:56.967Z [32minfo[39m: Registered Route: HEAD /api/aliases/:id
[RouteUtils.emit] 2026-08-28T23:57:56.968Z [32minfo[39m: Registered Route: GET /api/aliases/:id
[RouteUtils.emit] 2026-08-28T23:57:56.968Z [32minfo[39m: Registered Route: DELETE /api/aliases

[DerivedLogger.emit] 2026-08-28T23:57:56.969Z [34mdebug[39m: Creating new instance of class [routes.AuthDiscoverRoute] with name [routes.AuthDiscoverRoute:default]

[DerivedLogger.emit] 2026-08-28T23:57:56.970Z [32minfo[39m: Registering class UserUtils
[DerivedLogger.emit] 2026-08-28T23:57:56.970Z [34mdebug[39m: Creating new instance of class [UserUtils] with name [UserUtils:default]

[RouteUtils.emit] 2026-08-28T23:57:56.971Z [32minfo[39m: Registered Route: GET /api/auth/discover

[DerivedLogger.emit] 2026-08-28T23:57:56.971Z [34mdebug[39m: Creating new instance of class [routes.AuthGoogleRoute] with name [routes.AuthGoogleRoute:default]

[DerivedLogger.emit] 2026-08-28T23:57:56.972Z [32minfo[39m: Registering class OIDCStrategy
[DerivedLogger.emit] 2026-08-28T23:57:56.973Z [34mdebug[39m: Creating new instance of class [OIDCStrategy] with name [OIDCStrategy:google]

[RouteUtils.emit] 2026-08-28T23:57:56.974Z [32minfo[39m: Registered Route: POST /api/auth/google
[RouteUtils.emit] 2026-08-28T23:57:56.974Z [32minfo[39m: Registered Route: GET /api/auth/google
[RouteUtils.emit] 2026-08-28T23:57:56.975Z [32minfo[39m: Registered Route: GET /api/auth/google/authorize

[DerivedLogger.emit] 2026-08-28T23:57:56.975Z [34mdebug[39m: Creating new instance of class [routes.AuthLogoutRoute] with name [routes.AuthLogoutRoute:default]

[RouteUtils.emit] 2026-08-28T23:57:56.976Z [32minfo[39m: Registered Route: POST /api/auth/logout

[DerivedLogger.emit] 2026-08-28T23:57:56.976Z [34mdebug[39m: Creating new instance of class [routes.AuthMFARoute] with name [routes.AuthMFARoute:default]

[DerivedLogger.emit] 2026-08-28T23:57:56.977Z [32minfo[39m: Registering class MFAStrategy
[DerivedLogger.emit] 2026-08-28T23:57:56.978Z [34mdebug[39m: Creating new instance of class [MFAStrategy] with name [MFAStrategy:default]

[RouteUtils.emit] 2026-08-28T23:57:56.979Z [32minfo[39m: Registered Route: POST /api/auth/mfa
[RouteUtils.emit] 2026-08-28T23:57:56.979Z [32minfo[39m: Registered Route: GET /api/auth/mfa

[DerivedLogger.emit] 2026-08-28T23:57:56.980Z [34mdebug[39m: Creating new instance of class [routes.AuthMicrosoftRoute] with name [routes.AuthMicrosoftRoute:default]

[DerivedLogger.emit] 2026-08-28T23:57:56.981Z [34mdebug[39m: Creating new instance of class [OIDCStrategy] with name [OIDCStrategy:microsoft]

[RouteUtils.emit] 2026-08-28T23:57:56.981Z [32minfo[39m: Registered Route: POST /api/auth/microsoft
[RouteUtils.emit] 2026-08-28T23:57:56.982Z [32minfo[39m: Registered Route: GET /api/auth/microsoft
[RouteUtils.emit] 2026-08-28T23:57:56.982Z [32minfo[39m: Registered Route: GET /api/auth/microsoft/authorize

[DerivedLogger.emit] 2026-08-28T23:57:56.982Z [34mdebug[39m: Creating new instance of class [routes.AuthRefreshRoute] with name [routes.AuthRefreshRoute:default]

[RouteUtils.emit] 2026-08-28T23:57:56.983Z [32minfo[39m: Registered Route: POST /api/auth/refresh
[RouteUtils.emit] 2026-08-28T23:57:56.984Z [32minfo[39m: Registered Route: GET /api/auth/refresh

[DerivedLogger.emit] 2026-08-28T23:57:56.984Z [34mdebug[39m: Creating new instance of class [routes.AuthTOTPRoute] with name [routes.AuthTOTPRoute:default]

[DerivedLogger.emit] 2026-08-28T23:57:56.985Z [32minfo[39m: Registering class TOTPStrategy
[DerivedLogger.emit] 2026-08-28T23:57:56.986Z [34mdebug[39m: Creating new instance of class [TOTPStrategy] with name [TOTPStrategy:default]

[RouteUtils.emit] 2026-08-28T23:57:56.986Z [32minfo[39m: Registered Route: POST /api/auth/totp
[RouteUtils.emit] 2026-08-28T23:57:56.987Z [32minfo[39m: Registered Route: GET /api/auth/totp

[DerivedLogger.emit] 2026-08-28T23:57:56.987Z [34mdebug[39m: Creating new instance of class [routes.MetricsRoute] with name [routes.MetricsRoute:default]

[RouteUtils.emit] 2026-08-28T23:57:56.988Z [32minfo[39m: Registered Route: GET /api/metrics
[RouteUtils.emit] 2026-08-28T23:57:56.988Z [32minfo[39m: Registered Route: GET /api/metrics/:metric

[DerivedLogger.emit] 2026-08-28T23:57:56.988Z [34mdebug[39m: Creating new instance of class [routes.OpenAPIRoute] with name [routes.OpenAPIRoute:default]

[RouteUtils.emit] 2026-08-28T23:57:56.989Z [32minfo[39m: Registered Route: GET /api/openapi
[RouteUtils.emit] 2026-08-28T23:57:56.989Z [32minfo[39m: Registered Route: GET /api/openapi/json
[RouteUtils.emit] 2026-08-28T23:57:56.990Z [32minfo[39m: Registered Route: GET /api/openapi/yaml

[DerivedLogger.emit] 2026-08-28T23:57:56.990Z [34mdebug[39m: Creating new instance of class [routes.AuthAppleRoute] with name [routes.AuthAppleRoute:default]

[DerivedLogger.emit] 2026-08-28T23:57:56.993Z [34mdebug[39m: Creating new instance of class [OIDCStrategy] with name [OIDCStrategy:apple]

[RouteUtils.emit] 2026-08-28T23:57:56.994Z [32minfo[39m: Registered Route: POST /api/auth/apple
[RouteUtils.emit] 2026-08-28T23:57:56.994Z [32minfo[39m: Registered Route: GET /api/auth/apple
[RouteUtils.emit] 2026-08-28T23:57:56.995Z [32minfo[39m: Registered Route: GET /api/auth/apple/authorize

[DerivedLogger.emit] 2026-08-28T23:57:56.995Z [34mdebug[39m: Creating new instance of class [routes.AuthBasicRoute] with name [routes.AuthBasicRoute:default]

[DerivedLogger.emit] 2026-08-28T23:57:57.001Z [32minfo[39m: Registering class BasicStrategy
[DerivedLogger.emit] 2026-08-28T23:57:57.002Z [34mdebug[39m: Creating new instance of class [BasicStrategy] with name [BasicStrategy:default]

[RouteUtils.emit] 2026-08-28T23:57:57.002Z [32minfo[39m: Registered Route: GET /api/auth/password

[DerivedLogger.emit] 2026-08-28T23:57:57.003Z [34mdebug[39m: Creating new instance of class [routes.StatusRoute] with name [routes.StatusRoute:default]
[DerivedLogger.emit] 2026-08-28T23:57:57.004Z [32minfo[39m: Registering class StatusExtraData
[DerivedLogger.emit] 2026-08-28T23:57:57.004Z [34mdebug[39m: Creating new instance of class [StatusExtraData] with name [StatusExtraData:default]

[RouteUtils.emit] 2026-08-28T23:57:57.005Z [32minfo[39m: Registered Route: GET /api/status

[DerivedLogger.emit] 2026-08-28T23:57:57.005Z [34mdebug[39m: Creating new instance of class [routes.UserRoute] with name [routes.UserRoute:default]

[RouteUtils.emit] 2026-08-28T23:57:57.006Z [32minfo[39m: Registered Route: HEAD /api/users
[RouteUtils.emit] 2026-08-28T23:57:57.007Z [32minfo[39m: Registered Route: POST /api/users
[RouteUtils.emit] 2026-08-28T23:57:57.007Z [32minfo[39m: Registered Route: DELETE /api/users/:id
[RouteUtils.emit] 2026-08-28T23:57:57.007Z [32minfo[39m: Registered Route: HEAD /api/users/:id
[RouteUtils.emit] 2026-08-28T23:57:57.008Z [32minfo[39m: Registered Route: GET /api/users
[RouteUtils.emit] 2026-08-28T23:57:57.008Z [32minfo[39m: Registered Route: GET /api/users/:id
[RouteUtils.emit] 2026-08-28T23:57:57.009Z [32minfo[39m: Registered Route: DELETE /api/users
[RouteUtils.emit] 2026-08-28T23:57:57.009Z [32minfo[39m: Registered Route: PUT /api/users/:id

[DerivedLogger.emit] 2026-08-28T23:57:57.010Z [34mdebug[39m: Creating new instance of class [routes.RegistrationRoute] with name [routes.RegistrationRoute:default]

[RouteUtils.emit] 2026-08-28T23:57:57.011Z [32minfo[39m: Registered Route: POST /api/register/start
[RouteUtils.emit] 2026-08-28T23:57:57.011Z [32minfo[39m: Registered Route: POST /api/register/verify

[DerivedLogger.emit] 2026-08-28T23:57:57.012Z [34mdebug[39m: Creating new instance of class [routes.ProfileRoute] with name [routes.ProfileRoute:default]

[RouteUtils.emit] 2026-08-28T23:57:57.013Z [32minfo[39m: Registered Route: POST /api/profiles
[RouteUtils.emit] 2026-08-28T23:57:57.014Z [32minfo[39m: Registered Route: DELETE /api/profiles/:id
[RouteUtils.emit] 2026-08-28T23:57:57.014Z [32minfo[39m: Registered Route: GET /api/profiles
[RouteUtils.emit] 2026-08-28T23:57:57.015Z [32minfo[39m: Registered Route: GET /api/profiles/:id
[RouteUtils.emit] 2026-08-28T23:57:57.015Z [32minfo[39m: Registered Route: GET /api/profiles/:id/contacts/sendCode
[RouteUtils.emit] 2026-08-28T23:57:57.016Z [32minfo[39m: Registered Route: PUT /api/profiles/:id
[RouteUtils.emit] 2026-08-28T23:57:57.016Z [32minfo[39m: Registered Route: POST /api/profiles/:id/contacts/verify
[RouteUtils.emit] 2026-08-28T23:57:57.016Z [32minfo[39m: Registered Route: PUT /api/profiles/:id/:property
[RouteUtils.emit] 2026-08-28T23:57:57.017Z [32minfo[39m: Registered Route: HEAD /api/profiles
[RouteUtils.emit] 2026-08-28T23:57:57.017Z [32minfo[39m: Registered Route: HEAD /api/profiles/:id
[RouteUtils.emit] 2026-08-28T23:57:57.018Z [32minfo[39m: Registered Route: DELETE /api/profiles
[RouteUtils.emit] 2026-08-28T23:57:57.018Z [32minfo[39m: Registered Route: PUT /api/profiles

[DerivedLogger.emit] 2026-08-28T23:57:57.019Z [34mdebug[39m: Creating new instance of class [routes.AuthFacebookRoute] with name [routes.AuthFacebookRoute:default]

[DerivedLogger.emit] 2026-08-28T23:57:57.020Z [34mdebug[39m: Creating new instance of class [OIDCStrategy] with name [OIDCStrategy:facebook]

[RouteUtils.emit] 2026-08-28T23:57:57.020Z [32minfo[39m: Registered Route: POST /api/auth/facebook
[RouteUtils.emit] 2026-08-28T23:57:57.021Z [32minfo[39m: Registered Route: GET /api/auth/facebook
[RouteUtils.emit] 2026-08-28T23:57:57.021Z [32minfo[39m: Registered Route: GET /api/auth/facebook/authorize

[DerivedLogger.emit] 2026-08-28T23:57:57.022Z [34mdebug[39m: Creating new instance of class [routes.AuthElevationRoute] with name [routes.AuthElevationRoute:default]

[RouteUtils.emit] 2026-08-28T23:57:57.023Z [32minfo[39m: Registered Route: GET /api/auth/elevation
[RouteUtils.emit] 2026-08-28T23:57:57.023Z [32minfo[39m: Registered Route: POST /api/auth/elevation

[DerivedLogger.emit] 2026-08-28T23:57:57.023Z [34mdebug[39m: Creating new instance of class [routes.AuthFIDO2Route] with name [routes.AuthFIDO2Route:default]

[DerivedLogger.emit] 2026-08-28T23:57:57.024Z [32minfo[39m: Registering class FIDO2Strategy
[DerivedLogger.emit] 2026-08-28T23:57:57.025Z [34mdebug[39m: Creating new instance of class [FIDO2Strategy] with name [FIDO2Strategy:default]

[RouteUtils.emit] 2026-08-28T23:57:57.026Z [32minfo[39m: Registered Route: POST /api/auth/fido2
[RouteUtils.emit] 2026-08-28T23:57:57.026Z [32minfo[39m: Registered Route: GET /api/auth/fido2

[DerivedLogger.emit] 2026-08-28T23:57:57.027Z [34mdebug[39m: Creating new instance of class [routes.AuthPasskeyRoute] with name [routes.AuthPasskeyRoute:default]

[DerivedLogger.emit] 2026-08-28T23:57:57.027Z [32minfo[39m: Registering class PasskeyStrategy
[DerivedLogger.emit] 2026-08-28T23:57:57.028Z [34mdebug[39m: Creating new instance of class [PasskeyStrategy] with name [PasskeyStrategy:default]

[RouteUtils.emit] 2026-08-28T23:57:57.029Z [32minfo[39m: Registered Route: POST /api/auth/passkey
[RouteUtils.emit] 2026-08-28T23:57:57.029Z [32minfo[39m: Registered Route: GET /api/auth/passkey

[DerivedLogger.emit] 2026-08-28T23:57:57.029Z [34mdebug[39m: Creating new instance of class [routes.AuthOTPRoute] with name [routes.AuthOTPRoute:default]

[DerivedLogger.emit] 2026-08-28T23:57:57.030Z [32minfo[39m: Registering class OTPStrategy
[DerivedLogger.emit] 2026-08-28T23:57:57.031Z [34mdebug[39m: Creating new instance of class [OTPStrategy] with name [OTPStrategy:default]

[RouteUtils.emit] 2026-08-28T23:57:57.032Z [32minfo[39m: Registered Route: POST /api/auth/otp
[RouteUtils.emit] 2026-08-28T23:57:57.032Z [32minfo[39m: Registered Route: GET /api/auth/otp

[DerivedLogger.emit] 2026-08-28T23:57:57.033Z [34mdebug[39m: Creating new instance of class [routes.AdminConsoleRoute] with name [routes.AdminConsoleRoute:default]
[DerivedLogger.emit] 2026-08-28T23:57:57.033Z [32minfo[39m: Registering class RedisStore
[DerivedLogger.emit] 2026-08-28T23:57:57.034Z [34mdebug[39m: Creating new instance of class [RedisStore] with name [RedisStore:default]
[DerivedLogger.emit] 2026-08-28T23:57:57.034Z [32minfo[39m: Registering class ObjectFactory

[RouteUtils.emit] 2026-08-28T23:57:57.035Z [32minfo[39m: Registered Route: GET /admin/*
[RouteUtils.emit] 2026-08-28T23:57:57.036Z [32minfo[39m: Registered Route: GET /admin

[DerivedLogger.emit] 2026-08-28T23:57:57.036Z [34mdebug[39m: Creating new instance of class [routes.WwwRoute] with name [routes.WwwRoute:default]

[RouteUtils.emit] 2026-08-28T23:57:57.037Z [32minfo[39m: Registered Route: GET /*
[RouteUtils.emit] 2026-08-28T23:57:57.037Z [32minfo[39m: Registered Route: GET /

[DerivedLogger.emit] 2026-08-28T23:57:57.038Z [34mdebug[39m: Creating new instance of class [routes.SecretRoute] with name [routes.SecretRoute:default]

[RouteUtils.emit] 2026-08-28T23:57:57.039Z [32minfo[39m: Registered Route: HEAD /api/secrets
[RouteUtils.emit] 2026-08-28T23:57:57.039Z [32minfo[39m: Registered Route: GET /api/secrets/passkey/register
[RouteUtils.emit] 2026-08-28T23:57:57.040Z [32minfo[39m: Registered Route: GET /api/secrets/password
[RouteUtils.emit] 2026-08-28T23:57:57.040Z [32minfo[39m: Registered Route: GET /api/secrets/fido2/register
[RouteUtils.emit] 2026-08-28T23:57:57.041Z [32minfo[39m: Registered Route: POST /api/secrets
[RouteUtils.emit] 2026-08-28T23:57:57.041Z [32minfo[39m: Registered Route: DELETE /api/secrets/:id
[RouteUtils.emit] 2026-08-28T23:57:57.042Z [32minfo[39m: Registered Route: HEAD /api/secrets/:id
[RouteUtils.emit] 2026-08-28T23:57:57.042Z [32minfo[39m: Registered Route: GET /api/secrets
[RouteUtils.emit] 2026-08-28T23:57:57.043Z [32minfo[39m: Registered Route: GET /api/secrets/:id
[RouteUtils.emit] 2026-08-28T23:57:57.043Z [32minfo[39m: Registered Route: DELETE /api/secrets
[RouteUtils.emit] 2026-08-28T23:57:57.043Z [32minfo[39m: Registered Route: PUT /api/secrets/:id

[DerivedLogger.emit] 2026-08-28T23:57:57.044Z [32minfo[39m: Listening on 0.0.0.0:3000...

[DerivedLogger.emit] 2026-08-28T23:57:58.080Z [32minfo[39m: Stopping background services...

[DerivedLogger.emit] 2026-08-28T23:57:58.081Z [32minfo[39m: Stopping server...
[DerivedLogger.emit] 2026-08-28T23:57:58.081Z [32minfo[39m: Closing database connections...

[ConnectionManager.emit] 2026-08-28T23:57:58.084Z [32minfo[39m: Successfully disconnected from all configured databases.

            </system-out>
        </testcase>
        <testcase classname="test/DefaultAccounts.mongo.test.ts" name="DefaultAccounts Tests (mongo) &gt; does not recreate the account (or log a new password) on a second startup" time="2.1515221">
            <system-out>
[DerivedLogger.emit] 2026-08-28T23:57:58.085Z [32minfo[39m: Starting server...

[DerivedLogger.emit] 2026-08-28T23:57:58.086Z [32minfo[39m: Loading all service classes...

[DerivedLogger.emit] 2026-08-28T23:57:58.093Z [32minfo[39m: Scanning for data models...
[DerivedLogger.emit] 2026-08-28T23:57:58.094Z [32minfo[39m: Initializing database connection(s)...
[ConnectionManager.emit] 2026-08-28T23:57:58.094Z [32minfo[39m: Connecting to database cache [redis://localhost]...

[ConnectionManager.emit] 2026-08-28T23:57:58.094Z [32minfo[39m: Connecting to database events [redis://localhost]...

[ConnectionManager.emit] 2026-08-28T23:57:58.095Z [32minfo[39m: Connecting to database logs [redis://localhost]...

[ConnectionManager.emit] 2026-08-28T23:57:58.095Z [32minfo[39m: Connecting to database acl [mongodb://localhost:9999/acls]...
[ConnectionManager.emit] 2026-08-28T23:57:58.096Z [32minfo[39m: Connecting to database mongo [mongodb://localhost:9999/rrst_auth]...

[ConnectionManager.emit] 2026-08-28T23:57:58.106Z [33mwarn[39m: Datastore &apos;acl&apos; is a standalone MongoDB instance and does not support multi-document transactions. @Transactional will run without a transaction for models on this datastore. Configure MongoDB as a replica set (or sharded cluster) to enable it.

[ConnectionManager.emit] 2026-08-28T23:57:58.107Z [33mwarn[39m: Datastore &apos;mongo&apos; is a standalone MongoDB instance and does not support multi-document transactions. @Transactional will run without a transaction for models on this datastore. Configure MongoDB as a replica set (or sharded cluster) to enable it.

[ConnectionManager.emit] 2026-08-28T23:57:58.111Z [32minfo[39m: Successfully connected to all configured databases.

[DerivedLogger.emit] 2026-08-28T23:57:58.112Z [32minfo[39m: Starting background services...

[BackgroundServiceManager.emit] 2026-08-28T23:57:58.112Z [32minfo[39m: Starting service DefaultAccountsMongo...
[DerivedLogger.emit] 2026-08-28T23:57:58.112Z [34mdebug[39m: Creating new instance of class [DefaultAccountsMongo] with name [DefaultAccountsMongo:DefaultAccountsMongo]

[BackgroundServiceManager.emit] 2026-08-28T23:57:58.113Z [31merror[39m: Failed to start service: DefaultAccountsMongo
[BackgroundServiceManager.emit] 2026-08-28T23:57:58.116Z [34mdebug[39m: Client must be connected before running operations

[DerivedLogger.emit] 2026-08-28T23:57:58.116Z [32minfo[39m: Initializing event manager...

[DerivedLogger.emit] 2026-08-28T23:57:58.116Z [32minfo[39m: Scanning for routes...

[RouteUtils.emit] 2026-08-28T23:57:58.117Z [32minfo[39m: Registered Route: DELETE /api/accounts/:id
[RouteUtils.emit] 2026-08-28T23:57:58.117Z [32minfo[39m: Registered Route: GET /api/accounts/:id
[RouteUtils.emit] 2026-08-28T23:57:58.118Z [32minfo[39m: Registered Route: POST /api/accounts/:id/revokeSessions

[RouteUtils.emit] 2026-08-28T23:57:58.118Z [32minfo[39m: Registered Route: GET /api/admin/clear-cache
[RouteUtils.emit] 2026-08-28T23:57:58.119Z [32minfo[39m: Registered Route: WS /api/admin/logs
[RouteUtils.emit] 2026-08-28T23:57:58.119Z [32minfo[39m: Registered Route: GET /api/admin/release-notes
[RouteUtils.emit] 2026-08-28T23:57:58.119Z [32minfo[39m: Registered Route: GET /api/admin/restart

[RouteUtils.emit] 2026-08-28T23:57:58.120Z [32minfo[39m: Registered Route: POST /api/aliases
[RouteUtils.emit] 2026-08-28T23:57:58.120Z [32minfo[39m: Registered Route: DELETE /api/aliases/:id
[RouteUtils.emit] 2026-08-28T23:57:58.121Z [32minfo[39m: Registered Route: GET /api/aliases
[RouteUtils.emit] 2026-08-28T23:57:58.121Z [32minfo[39m: Registered Route: GET /api/aliases/:id/sendCode
[RouteUtils.emit] 2026-08-28T23:57:58.121Z [32minfo[39m: Registered Route: PUT /api/aliases/:id
[RouteUtils.emit] 2026-08-28T23:57:58.122Z [32minfo[39m: Registered Route: PUT /api/aliases
[RouteUtils.emit] 2026-08-28T23:57:58.122Z [32minfo[39m: Registered Route: PUT /api/aliases/:id/:property
[RouteUtils.emit] 2026-08-28T23:57:58.123Z [32minfo[39m: Registered Route: POST /api/aliases/:id/verify
[RouteUtils.emit] 2026-08-28T23:57:58.123Z [32minfo[39m: Registered Route: HEAD /api/aliases
[RouteUtils.emit] 2026-08-28T23:57:58.123Z [32minfo[39m: Registered Route: HEAD /api/aliases/:id
[RouteUtils.emit] 2026-08-28T23:57:58.124Z [32minfo[39m: Registered Route: GET /api/aliases/:id
[RouteUtils.emit] 2026-08-28T23:57:58.124Z [32minfo[39m: Registered Route: DELETE /api/aliases

[RouteUtils.emit] 2026-08-28T23:57:58.125Z [32minfo[39m: Registered Route: GET /api/auth/discover

[RouteUtils.emit] 2026-08-28T23:57:58.125Z [32minfo[39m: Registered Route: POST /api/auth/google
[RouteUtils.emit] 2026-08-28T23:57:58.126Z [32minfo[39m: Registered Route: GET /api/auth/google
[RouteUtils.emit] 2026-08-28T23:57:58.126Z [32minfo[39m: Registered Route: GET /api/auth/google/authorize

[RouteUtils.emit] 2026-08-28T23:57:58.126Z [32minfo[39m: Registered Route: POST /api/auth/logout

[RouteUtils.emit] 2026-08-28T23:57:58.127Z [32minfo[39m: Registered Route: POST /api/auth/mfa
[RouteUtils.emit] 2026-08-28T23:57:58.127Z [32minfo[39m: Registered Route: GET /api/auth/mfa

[RouteUtils.emit] 2026-08-28T23:57:58.128Z [32minfo[39m: Registered Route: POST /api/auth/microsoft
[RouteUtils.emit] 2026-08-28T23:57:58.128Z [32minfo[39m: Registered Route: GET /api/auth/microsoft
[RouteUtils.emit] 2026-08-28T23:57:58.128Z [32minfo[39m: Registered Route: GET /api/auth/microsoft/authorize

[RouteUtils.emit] 2026-08-28T23:57:58.129Z [32minfo[39m: Registered Route: POST /api/auth/refresh
[RouteUtils.emit] 2026-08-28T23:57:58.129Z [32minfo[39m: Registered Route: GET /api/auth/refresh

[RouteUtils.emit] 2026-08-28T23:57:58.130Z [32minfo[39m: Registered Route: POST /api/auth/totp
[RouteUtils.emit] 2026-08-28T23:57:58.130Z [32minfo[39m: Registered Route: GET /api/auth/totp

[RouteUtils.emit] 2026-08-28T23:57:58.131Z [32minfo[39m: Registered Route: GET /api/metrics
[RouteUtils.emit] 2026-08-28T23:57:58.131Z [32minfo[39m: Registered Route: GET /api/metrics/:metric

[RouteUtils.emit] 2026-08-28T23:57:58.131Z [32minfo[39m: Registered Route: GET /api/openapi
[RouteUtils.emit] 2026-08-28T23:57:58.132Z [32minfo[39m: Registered Route: GET /api/openapi/json
[RouteUtils.emit] 2026-08-28T23:57:58.132Z [32minfo[39m: Registered Route: GET /api/openapi/yaml

[RouteUtils.emit] 2026-08-28T23:57:58.132Z [32minfo[39m: Registered Route: POST /api/auth/apple
[RouteUtils.emit] 2026-08-28T23:57:58.133Z [32minfo[39m: Registered Route: GET /api/auth/apple
[RouteUtils.emit] 2026-08-28T23:57:58.133Z [32minfo[39m: Registered Route: GET /api/auth/apple/authorize

[RouteUtils.emit] 2026-08-28T23:57:58.134Z [32minfo[39m: Registered Route: GET /api/auth/password

[RouteUtils.emit] 2026-08-28T23:57:58.134Z [32minfo[39m: Registered Route: GET /api/status

[RouteUtils.emit] 2026-08-28T23:57:58.135Z [32minfo[39m: Registered Route: HEAD /api/users
[RouteUtils.emit] 2026-08-28T23:57:58.135Z [32minfo[39m: Registered Route: POST /api/users
[RouteUtils.emit] 2026-08-28T23:57:58.135Z [32minfo[39m: Registered Route: DELETE /api/users/:id
[RouteUtils.emit] 2026-08-28T23:57:58.136Z [32minfo[39m: Registered Route: HEAD /api/users/:id
[RouteUtils.emit] 2026-08-28T23:57:58.136Z [32minfo[39m: Registered Route: GET /api/users
[RouteUtils.emit] 2026-08-28T23:57:58.136Z [32minfo[39m: Registered Route: GET /api/users/:id
[RouteUtils.emit] 2026-08-28T23:57:58.137Z [32minfo[39m: Registered Route: DELETE /api/users
[RouteUtils.emit] 2026-08-28T23:57:58.137Z [32minfo[39m: Registered Route: PUT /api/users/:id

[RouteUtils.emit] 2026-08-28T23:57:58.138Z [32minfo[39m: Registered Route: POST /api/register/start
[RouteUtils.emit] 2026-08-28T23:57:58.138Z [32minfo[39m: Registered Route: POST /api/register/verify

[RouteUtils.emit] 2026-08-28T23:57:58.139Z [32minfo[39m: Registered Route: POST /api/profiles
[RouteUtils.emit] 2026-08-28T23:57:58.139Z [32minfo[39m: Registered Route: DELETE /api/profiles/:id
[RouteUtils.emit] 2026-08-28T23:57:58.139Z [32minfo[39m: Registered Route: GET /api/profiles
[RouteUtils.emit] 2026-08-28T23:57:58.140Z [32minfo[39m: Registered Route: GET /api/profiles/:id
[RouteUtils.emit] 2026-08-28T23:57:58.140Z [32minfo[39m: Registered Route: GET /api/profiles/:id/contacts/sendCode
[RouteUtils.emit] 2026-08-28T23:57:58.141Z [32minfo[39m: Registered Route: PUT /api/profiles/:id
[RouteUtils.emit] 2026-08-28T23:57:58.141Z [32minfo[39m: Registered Route: POST /api/profiles/:id/contacts/verify
[RouteUtils.emit] 2026-08-28T23:57:58.141Z [32minfo[39m: Registered Route: PUT /api/profiles/:id/:property
[RouteUtils.emit] 2026-08-28T23:57:58.142Z [32minfo[39m: Registered Route: HEAD /api/profiles
[RouteUtils.emit] 2026-08-28T23:57:58.142Z [32minfo[39m: Registered Route: HEAD /api/profiles/:id
[RouteUtils.emit] 2026-08-28T23:57:58.142Z [32minfo[39m: Registered Route: DELETE /api/profiles
[RouteUtils.emit] 2026-08-28T23:57:58.143Z [32minfo[39m: Registered Route: PUT /api/profiles

[RouteUtils.emit] 2026-08-28T23:57:58.144Z [32minfo[39m: Registered Route: POST /api/auth/facebook
[RouteUtils.emit] 2026-08-28T23:57:58.144Z [32minfo[39m: Registered Route: GET /api/auth/facebook
[RouteUtils.emit] 2026-08-28T23:57:58.144Z [32minfo[39m: Registered Route: GET /api/auth/facebook/authorize

[RouteUtils.emit] 2026-08-28T23:57:58.145Z [32minfo[39m: Registered Route: GET /api/auth/elevation
[RouteUtils.emit] 2026-08-28T23:57:58.145Z [32minfo[39m: Registered Route: POST /api/auth/elevation

[RouteUtils.emit] 2026-08-28T23:57:58.146Z [32minfo[39m: Registered Route: POST /api/auth/fido2
[RouteUtils.emit] 2026-08-28T23:57:58.146Z [32minfo[39m: Registered Route: GET /api/auth/fido2

[RouteUtils.emit] 2026-08-28T23:57:58.147Z [32minfo[39m: Registered Route: POST /api/auth/passkey
[RouteUtils.emit] 2026-08-28T23:57:58.147Z [32minfo[39m: Registered Route: GET /api/auth/passkey

[RouteUtils.emit] 2026-08-28T23:57:58.147Z [32minfo[39m: Registered Route: POST /api/auth/otp
[RouteUtils.emit] 2026-08-28T23:57:58.148Z [32minfo[39m: Registered Route: GET /api/auth/otp

[RouteUtils.emit] 2026-08-28T23:57:58.148Z [32minfo[39m: Registered Route: GET /admin/*
[RouteUtils.emit] 2026-08-28T23:57:58.148Z [32minfo[39m: Registered Route: GET /admin

[RouteUtils.emit] 2026-08-28T23:57:58.149Z [32minfo[39m: Registered Route: GET /*
[RouteUtils.emit] 2026-08-28T23:57:58.149Z [32minfo[39m: Registered Route: GET /

[RouteUtils.emit] 2026-08-28T23:57:58.150Z [32minfo[39m: Registered Route: HEAD /api/secrets
[RouteUtils.emit] 2026-08-28T23:57:58.150Z [32minfo[39m: Registered Route: GET /api/secrets/passkey/register
[RouteUtils.emit] 2026-08-28T23:57:58.150Z [32minfo[39m: Registered Route: GET /api/secrets/password
[RouteUtils.emit] 2026-08-28T23:57:58.151Z [32minfo[39m: Registered Route: GET /api/secrets/fido2/register
[RouteUtils.emit] 2026-08-28T23:57:58.151Z [32minfo[39m: Registered Route: POST /api/secrets
[RouteUtils.emit] 2026-08-28T23:57:58.151Z [32minfo[39m: Registered Route: DELETE /api/secrets/:id
[RouteUtils.emit] 2026-08-28T23:57:58.152Z [32minfo[39m: Registered Route: HEAD /api/secrets/:id
[RouteUtils.emit] 2026-08-28T23:57:58.152Z [32minfo[39m: Registered Route: GET /api/secrets
[RouteUtils.emit] 2026-08-28T23:57:58.152Z [32minfo[39m: Registered Route: GET /api/secrets/:id
[RouteUtils.emit] 2026-08-28T23:57:58.153Z [32minfo[39m: Registered Route: DELETE /api/secrets
[RouteUtils.emit] 2026-08-28T23:57:58.153Z [32minfo[39m: Registered Route: PUT /api/secrets/:id

[DerivedLogger.emit] 2026-08-28T23:57:58.154Z [32minfo[39m: Listening on 0.0.0.0:3000...

[DerivedLogger.emit] 2026-08-28T23:57:59.158Z [32minfo[39m: Stopping background services...

[DerivedLogger.emit] 2026-08-28T23:57:59.159Z [32minfo[39m: Stopping server...
[DerivedLogger.emit] 2026-08-28T23:57:59.159Z [32minfo[39m: Closing database connections...

[ConnectionManager.emit] 2026-08-28T23:57:59.161Z [32minfo[39m: Successfully disconnected from all configured databases.

[DerivedLogger.emit] 2026-08-28T23:57:59.161Z [32minfo[39m: Starting server...

[DerivedLogger.emit] 2026-08-28T23:57:59.162Z [32minfo[39m: Loading all service classes...

[DerivedLogger.emit] 2026-08-28T23:57:59.166Z [32minfo[39m: Scanning for data models...
[DerivedLogger.emit] 2026-08-28T23:57:59.167Z [32minfo[39m: Initializing database connection(s)...
[ConnectionManager.emit] 2026-08-28T23:57:59.167Z [32minfo[39m: Connecting to database cache [redis://localhost]...

[ConnectionManager.emit] 2026-08-28T23:57:59.168Z [32minfo[39m: Connecting to database events [redis://localhost]...

[ConnectionManager.emit] 2026-08-28T23:57:59.168Z [32minfo[39m: Connecting to database logs [redis://localhost]...

[ConnectionManager.emit] 2026-08-28T23:57:59.168Z [32minfo[39m: Connecting to database acl [mongodb://localhost:9999/acls]...
[ConnectionManager.emit] 2026-08-28T23:57:59.169Z [32minfo[39m: Connecting to database mongo [mongodb://localhost:9999/rrst_auth]...

[ConnectionManager.emit] 2026-08-28T23:57:59.175Z [33mwarn[39m: Datastore &apos;acl&apos; is a standalone MongoDB instance and does not support multi-document transactions. @Transactional will run without a transaction for models on this datastore. Configure MongoDB as a replica set (or sharded cluster) to enable it.

[ConnectionManager.emit] 2026-08-28T23:57:59.176Z [33mwarn[39m: Datastore &apos;mongo&apos; is a standalone MongoDB instance and does not support multi-document transactions. @Transactional will run without a transaction for models on this datastore. Configure MongoDB as a replica set (or sharded cluster) to enable it.

[ConnectionManager.emit] 2026-08-28T23:57:59.179Z [32minfo[39m: Successfully connected to all configured databases.

[DerivedLogger.emit] 2026-08-28T23:57:59.179Z [32minfo[39m: Starting background services...

[BackgroundServiceManager.emit] 2026-08-28T23:57:59.180Z [32minfo[39m: Starting service DefaultAccountsMongo...

[BackgroundServiceManager.emit] 2026-08-28T23:57:59.180Z [31merror[39m: Failed to start service: DefaultAccountsMongo
[BackgroundServiceManager.emit] 2026-08-28T23:57:59.181Z [34mdebug[39m: Client must be connected before running operations

[DerivedLogger.emit] 2026-08-28T23:57:59.181Z [32minfo[39m: Initializing event manager...

[DerivedLogger.emit] 2026-08-28T23:57:59.181Z [32minfo[39m: Scanning for routes...

[RouteUtils.emit] 2026-08-28T23:57:59.182Z [32minfo[39m: Registered Route: DELETE /api/accounts/:id
[RouteUtils.emit] 2026-08-28T23:57:59.182Z [32minfo[39m: Registered Route: GET /api/accounts/:id
[RouteUtils.emit] 2026-08-28T23:57:59.183Z [32minfo[39m: Registered Route: POST /api/accounts/:id/revokeSessions

[RouteUtils.emit] 2026-08-28T23:57:59.184Z [32minfo[39m: Registered Route: GET /api/admin/clear-cache
[RouteUtils.emit] 2026-08-28T23:57:59.184Z [32minfo[39m: Registered Route: WS /api/admin/logs
[RouteUtils.emit] 2026-08-28T23:57:59.185Z [32minfo[39m: Registered Route: GET /api/admin/release-notes
[RouteUtils.emit] 2026-08-28T23:57:59.185Z [32minfo[39m: Registered Route: GET /api/admin/restart

[RouteUtils.emit] 2026-08-28T23:57:59.186Z [32minfo[39m: Registered Route: POST /api/aliases
[RouteUtils.emit] 2026-08-28T23:57:59.186Z [32minfo[39m: Registered Route: DELETE /api/aliases/:id
[RouteUtils.emit] 2026-08-28T23:57:59.186Z [32minfo[39m: Registered Route: GET /api/aliases
[RouteUtils.emit] 2026-08-28T23:57:59.187Z [32minfo[39m: Registered Route: GET /api/aliases/:id/sendCode
[RouteUtils.emit] 2026-08-28T23:57:59.187Z [32minfo[39m: Registered Route: PUT /api/aliases/:id
[RouteUtils.emit] 2026-08-28T23:57:59.188Z [32minfo[39m: Registered Route: PUT /api/aliases
[RouteUtils.emit] 2026-08-28T23:57:59.188Z [32minfo[39m: Registered Route: PUT /api/aliases/:id/:property
[RouteUtils.emit] 2026-08-28T23:57:59.188Z [32minfo[39m: Registered Route: POST /api/aliases/:id/verify
[RouteUtils.emit] 2026-08-28T23:57:59.189Z [32minfo[39m: Registered Route: HEAD /api/aliases
[RouteUtils.emit] 2026-08-28T23:57:59.189Z [32minfo[39m: Registered Route: HEAD /api/aliases/:id
[RouteUtils.emit] 2026-08-28T23:57:59.190Z [32minfo[39m: Registered Route: GET /api/aliases/:id
[RouteUtils.emit] 2026-08-28T23:57:59.190Z [32minfo[39m: Registered Route: DELETE /api/aliases

[RouteUtils.emit] 2026-08-28T23:57:59.190Z [32minfo[39m: Registered Route: GET /api/auth/discover

[RouteUtils.emit] 2026-08-28T23:57:59.191Z [32minfo[39m: Registered Route: POST /api/auth/google
[RouteUtils.emit] 2026-08-28T23:57:59.191Z [32minfo[39m: Registered Route: GET /api/auth/google
[RouteUtils.emit] 2026-08-28T23:57:59.192Z [32minfo[39m: Registered Route: GET /api/auth/google/authorize

[RouteUtils.emit] 2026-08-28T23:57:59.192Z [32minfo[39m: Registered Route: POST /api/auth/logout

[RouteUtils.emit] 2026-08-28T23:57:59.193Z [32minfo[39m: Registered Route: POST /api/auth/mfa
[RouteUtils.emit] 2026-08-28T23:57:59.193Z [32minfo[39m: Registered Route: GET /api/auth/mfa

[RouteUtils.emit] 2026-08-28T23:57:59.194Z [32minfo[39m: Registered Route: POST /api/auth/microsoft
[RouteUtils.emit] 2026-08-28T23:57:59.194Z [32minfo[39m: Registered Route: GET /api/auth/microsoft
[RouteUtils.emit] 2026-08-28T23:57:59.195Z [32minfo[39m: Registered Route: GET /api/auth/microsoft/authorize

[RouteUtils.emit] 2026-08-28T23:57:59.195Z [32minfo[39m: Registered Route: POST /api/auth/refresh
[RouteUtils.emit] 2026-08-28T23:57:59.196Z [32minfo[39m: Registered Route: GET /api/auth/refresh

[RouteUtils.emit] 2026-08-28T23:57:59.196Z [32minfo[39m: Registered Route: POST /api/auth/totp
[RouteUtils.emit] 2026-08-28T23:57:59.196Z [32minfo[39m: Registered Route: GET /api/auth/totp

[RouteUtils.emit] 2026-08-28T23:57:59.197Z [32minfo[39m: Registered Route: GET /api/metrics
[RouteUtils.emit] 2026-08-28T23:57:59.197Z [32minfo[39m: Registered Route: GET /api/metrics/:metric

[RouteUtils.emit] 2026-08-28T23:57:59.198Z [32minfo[39m: Registered Route: GET /api/openapi
[RouteUtils.emit] 2026-08-28T23:57:59.198Z [32minfo[39m: Registered Route: GET /api/openapi/json
[RouteUtils.emit] 2026-08-28T23:57:59.198Z [32minfo[39m: Registered Route: GET /api/openapi/yaml

[RouteUtils.emit] 2026-08-28T23:57:59.199Z [32minfo[39m: Registered Route: POST /api/auth/apple
[RouteUtils.emit] 2026-08-28T23:57:59.199Z [32minfo[39m: Registered Route: GET /api/auth/apple
[RouteUtils.emit] 2026-08-28T23:57:59.200Z [32minfo[39m: Registered Route: GET /api/auth/apple/authorize

[RouteUtils.emit] 2026-08-28T23:57:59.200Z [32minfo[39m: Registered Route: GET /api/auth/password

[RouteUtils.emit] 2026-08-28T23:57:59.200Z [32minfo[39m: Registered Route: GET /api/status

[RouteUtils.emit] 2026-08-28T23:57:59.201Z [32minfo[39m: Registered Route: HEAD /api/users
[RouteUtils.emit] 2026-08-28T23:57:59.201Z [32minfo[39m: Registered Route: POST /api/users
[RouteUtils.emit] 2026-08-28T23:57:59.202Z [32minfo[39m: Registered Route: DELETE /api/users/:id
[RouteUtils.emit] 2026-08-28T23:57:59.202Z [32minfo[39m: Registered Route: HEAD /api/users/:id
[RouteUtils.emit] 2026-08-28T23:57:59.202Z [32minfo[39m: Registered Route: GET /api/users
[RouteUtils.emit] 2026-08-28T23:57:59.203Z [32minfo[39m: Registered Route: GET /api/users/:id
[RouteUtils.emit] 2026-08-28T23:57:59.203Z [32minfo[39m: Registered Route: DELETE /api/users
[RouteUtils.emit] 2026-08-28T23:57:59.203Z [32minfo[39m: Registered Route: PUT /api/users/:id

[RouteUtils.emit] 2026-08-28T23:57:59.204Z [32minfo[39m: Registered Route: POST /api/register/start
[RouteUtils.emit] 2026-08-28T23:57:59.205Z [32minfo[39m: Registered Route: POST /api/register/verify

[RouteUtils.emit] 2026-08-28T23:57:59.205Z [32minfo[39m: Registered Route: POST /api/profiles
[RouteUtils.emit] 2026-08-28T23:57:59.206Z [32minfo[39m: Registered Route: DELETE /api/profiles/:id
[RouteUtils.emit] 2026-08-28T23:57:59.206Z [32minfo[39m: Registered Route: GET /api/profiles
[RouteUtils.emit] 2026-08-28T23:57:59.207Z [32minfo[39m: Registered Route: GET /api/profiles/:id
[RouteUtils.emit] 2026-08-28T23:57:59.207Z [32minfo[39m: Registered Route: GET /api/profiles/:id/contacts/sendCode
[RouteUtils.emit] 2026-08-28T23:57:59.207Z [32minfo[39m: Registered Route: PUT /api/profiles/:id
[RouteUtils.emit] 2026-08-28T23:57:59.208Z [32minfo[39m: Registered Route: POST /api/profiles/:id/contacts/verify
[RouteUtils.emit] 2026-08-28T23:57:59.208Z [32minfo[39m: Registered Route: PUT /api/profiles/:id/:property
[RouteUtils.emit] 2026-08-28T23:57:59.209Z [32minfo[39m: Registered Route: HEAD /api/profiles
[RouteUtils.emit] 2026-08-28T23:57:59.209Z [32minfo[39m: Registered Route: HEAD /api/profiles/:id
[RouteUtils.emit] 2026-08-28T23:57:59.209Z [32minfo[39m: Registered Route: DELETE /api/profiles
[RouteUtils.emit] 2026-08-28T23:57:59.210Z [32minfo[39m: Registered Route: PUT /api/profiles

[RouteUtils.emit] 2026-08-28T23:57:59.210Z [32minfo[39m: Registered Route: POST /api/auth/facebook
[RouteUtils.emit] 2026-08-28T23:57:59.210Z [32minfo[39m: Registered Route: GET /api/auth/facebook
[RouteUtils.emit] 2026-08-28T23:57:59.211Z [32minfo[39m: Registered Route: GET /api/auth/facebook/authorize

[RouteUtils.emit] 2026-08-28T23:57:59.211Z [32minfo[39m: Registered Route: GET /api/auth/elevation
[RouteUtils.emit] 2026-08-28T23:57:59.212Z [32minfo[39m: Registered Route: POST /api/auth/elevation

[RouteUtils.emit] 2026-08-28T23:57:59.212Z [32minfo[39m: Registered Route: POST /api/auth/fido2
[RouteUtils.emit] 2026-08-28T23:57:59.213Z [32minfo[39m: Registered Route: GET /api/auth/fido2

[RouteUtils.emit] 2026-08-28T23:57:59.213Z [32minfo[39m: Registered Route: POST /api/auth/passkey
[RouteUtils.emit] 2026-08-28T23:57:59.214Z [32minfo[39m: Registered Route: GET /api/auth/passkey

[RouteUtils.emit] 2026-08-28T23:57:59.214Z [32minfo[39m: Registered Route: POST /api/auth/otp
[RouteUtils.emit] 2026-08-28T23:57:59.215Z [32minfo[39m: Registered Route: GET /api/auth/otp

[RouteUtils.emit] 2026-08-28T23:57:59.216Z [32minfo[39m: Registered Route: GET /admin/*
[RouteUtils.emit] 2026-08-28T23:57:59.216Z [32minfo[39m: Registered Route: GET /admin

[RouteUtils.emit] 2026-08-28T23:57:59.217Z [32minfo[39m: Registered Route: GET /*
[RouteUtils.emit] 2026-08-28T23:57:59.217Z [32minfo[39m: Registered Route: GET /

[RouteUtils.emit] 2026-08-28T23:57:59.218Z [32minfo[39m: Registered Route: HEAD /api/secrets
[RouteUtils.emit] 2026-08-28T23:57:59.218Z [32minfo[39m: Registered Route: GET /api/secrets/passkey/register
[RouteUtils.emit] 2026-08-28T23:57:59.219Z [32minfo[39m: Registered Route: GET /api/secrets/password
[RouteUtils.emit] 2026-08-28T23:57:59.219Z [32minfo[39m: Registered Route: GET /api/secrets/fido2/register
[RouteUtils.emit] 2026-08-28T23:57:59.220Z [32minfo[39m: Registered Route: POST /api/secrets
[RouteUtils.emit] 2026-08-28T23:57:59.220Z [32minfo[39m: Registered Route: DELETE /api/secrets/:id
[RouteUtils.emit] 2026-08-28T23:57:59.220Z [32minfo[39m: Registered Route: HEAD /api/secrets/:id
[RouteUtils.emit] 2026-08-28T23:57:59.221Z [32minfo[39m: Registered Route: GET /api/secrets
[RouteUtils.emit] 2026-08-28T23:57:59.221Z [32minfo[39m: Registered Route: GET /api/secrets/:id
[RouteUtils.emit] 2026-08-28T23:57:59.222Z [32minfo[39m: Registered Route: DELETE /api/secrets
[RouteUtils.emit] 2026-08-28T23:57:59.222Z [32minfo[39m: Registered Route: PUT /api/secrets/:id

[DerivedLogger.emit] 2026-08-28T23:57:59.223Z [32minfo[39m: Listening on 0.0.0.0:3000...

[DerivedLogger.emit] 2026-08-28T23:58:00.234Z [32minfo[39m: Stopping background services...

[DerivedLogger.emit] 2026-08-28T23:58:00.234Z [32minfo[39m: Stopping server...
[DerivedLogger.emit] 2026-08-28T23:58:00.235Z [32minfo[39m: Closing database connections...

[ConnectionManager.emit] 2026-08-28T23:58:00.236Z [32minfo[39m: Successfully disconnected from all configured databases.

            </system-out>
        </testcase>
    </testsuite>
    <testsuite name="test/DefaultAccounts.sql.test.ts" timestamp="2026-08-28T23:59:24.999Z" hostname="Jane" tests="2" failures="0" errors="0" skipped="0" time="3.8427989">
        <testcase classname="test/DefaultAccounts.sql.test.ts" name="DefaultAccounts Tests (sql) &gt; creates a default admin account on startup and logs its one-time password" time="1.6661538">
            <system-out>
[DerivedLogger.emit] 2026-08-28T23:58:07.314Z [32minfo[39m: Starting server...

[DerivedLogger.emit] 2026-08-28T23:58:07.319Z [32minfo[39m: Registering class OpenApiSpec
[DerivedLogger.emit] 2026-08-28T23:58:07.320Z [34mdebug[39m: Creating new instance of class [OpenApiSpec] with name [OpenApiSpec:default]

[DerivedLogger.emit] 2026-08-28T23:58:07.321Z [32minfo[39m: Registering class ConnectionManager
[DerivedLogger.emit] 2026-08-28T23:58:07.321Z [34mdebug[39m: Creating new instance of class [ConnectionManager] with name [ConnectionManager:default]

[DerivedLogger.emit] 2026-08-28T23:58:07.322Z [32minfo[39m: Loading all service classes...

[DerivedLogger.emit] 2026-08-28T23:58:07.442Z [32minfo[39m: Registering class DefaultAccountsSQL
[DerivedLogger.emit] 2026-08-28T23:58:07.442Z [32minfo[39m: Registering class UserSQL
[DerivedLogger.emit] 2026-08-28T23:58:07.443Z [32minfo[39m: Registering class AliasSQL
[DerivedLogger.emit] 2026-08-28T23:58:07.443Z [32minfo[39m: Registering class ProfileSQL
[DerivedLogger.emit] 2026-08-28T23:58:07.443Z [32minfo[39m: Registering class SecretSQL
[DerivedLogger.emit] 2026-08-28T23:58:07.444Z [32minfo[39m: Registering class routes.AccountRoute
[DerivedLogger.emit] 2026-08-28T23:58:07.444Z [32minfo[39m: Registering class routes.AuthBasicRoute
[DerivedLogger.emit] 2026-08-28T23:58:07.445Z [32minfo[39m: Registering class routes.AuthFacebookRoute
[DerivedLogger.emit] 2026-08-28T23:58:07.446Z [32minfo[39m: Registering class routes.AuthGoogleRoute
[DerivedLogger.emit] 2026-08-28T23:58:07.446Z [32minfo[39m: Registering class routes.AuthMFARoute
[DerivedLogger.emit] 2026-08-28T23:58:07.446Z [32minfo[39m: Registering class routes.AdminRoute
[DerivedLogger.emit] 2026-08-28T23:58:07.447Z [32minfo[39m: Registering class routes.AliasRoute
[DerivedLogger.emit] 2026-08-28T23:58:07.447Z [32minfo[39m: Registering class routes.AuthPasskeyRoute
[DerivedLogger.emit] 2026-08-28T23:58:07.448Z [32minfo[39m: Registering class routes.AdminConsoleRoute
[DerivedLogger.emit] 2026-08-28T23:58:07.448Z [32minfo[39m: Registering class routes.AuthRefreshRoute
[DerivedLogger.emit] 2026-08-28T23:58:07.448Z [32minfo[39m: Registering class routes.ProfileRoute
[DerivedLogger.emit] 2026-08-28T23:58:07.449Z [32minfo[39m: Registering class routes.SecretRoute
[DerivedLogger.emit] 2026-08-28T23:58:07.449Z [32minfo[39m: Registering class routes.AuthDiscoverRoute
[DerivedLogger.emit] 2026-08-28T23:58:07.449Z [32minfo[39m: Registering class routes.AuthElevationRoute
[DerivedLogger.emit] 2026-08-28T23:58:07.450Z [32minfo[39m: Registering class routes.RegistrationRoute
[DerivedLogger.emit] 2026-08-28T23:58:07.450Z [32minfo[39m: Registering class routes.StatusRoute
[DerivedLogger.emit] 2026-08-28T23:58:07.450Z [32minfo[39m: Registering class routes.MetricsRoute
[DerivedLogger.emit] 2026-08-28T23:58:07.451Z [32minfo[39m: Registering class routes.AuthAppleRoute
[DerivedLogger.emit] 2026-08-28T23:58:07.456Z [32minfo[39m: Registering class routes.AppRoute
[DerivedLogger.emit] 2026-08-28T23:58:07.456Z [32minfo[39m: Registering class routes.AuthTOTPRoute
[DerivedLogger.emit] 2026-08-28T23:58:07.457Z [32minfo[39m: Registering class routes.AuthLogoutRoute
[DerivedLogger.emit] 2026-08-28T23:58:07.457Z [32minfo[39m: Registering class routes.OpenAPIRoute
[DerivedLogger.emit] 2026-08-28T23:58:07.457Z [32minfo[39m: Registering class routes.AuthFIDO2Route
[DerivedLogger.emit] 2026-08-28T23:58:07.458Z [32minfo[39m: Registering class routes.UserRoute
[DerivedLogger.emit] 2026-08-28T23:58:07.458Z [32minfo[39m: Registering class routes.AuthOTPRoute
[DerivedLogger.emit] 2026-08-28T23:58:07.458Z [32minfo[39m: Registering class routes.AuthMicrosoftRoute
[DerivedLogger.emit] 2026-08-28T23:58:07.458Z [32minfo[39m: Scanning for data models...
[DerivedLogger.emit] 2026-08-28T23:58:07.460Z [32minfo[39m: Initializing database connection(s)...
[ConnectionManager.emit] 2026-08-28T23:58:07.460Z [32minfo[39m: Connecting to database cache [redis://localhost]...

[ConnectionManager.emit] 2026-08-28T23:58:07.463Z [32minfo[39m: Connecting to database events [redis://localhost]...

[ConnectionManager.emit] 2026-08-28T23:58:07.463Z [32minfo[39m: Connecting to database logs [redis://localhost]...

[ConnectionManager.emit] 2026-08-28T23:58:07.464Z [32minfo[39m: Connecting to database acl [better-sqlite3://localhost/rrst-test-default-accounts-acl]...
[ConnectionManager.emit] 2026-08-28T23:58:07.464Z [32minfo[39m: Connecting to database sql [better-sqlite3://localhost/rrst-test-default-accounts]...

[ConnectionManager.emit] 2026-08-28T23:58:07.702Z [32minfo[39m: Successfully connected to all configured databases.

[DerivedLogger.emit] 2026-08-28T23:58:07.703Z [32minfo[39m: Registering class ACLUtils
[DerivedLogger.emit] 2026-08-28T23:58:07.703Z [34mdebug[39m: Creating new instance of class [ACLUtils] with name [ACLUtils:default]
[DerivedLogger.emit] 2026-08-28T23:58:07.704Z [32minfo[39m: Registering class RedisCache
[DerivedLogger.emit] 2026-08-28T23:58:07.705Z [34mdebug[39m: Creating new instance of class [RedisCache] with name [RedisCache:AccessControlListSQL]

[ACLUtils.emit] 2026-08-28T23:58:07.706Z [32minfo[39m: RBAC system is enabled and ready.

[DerivedLogger.emit] 2026-08-28T23:58:07.710Z [32minfo[39m: Registering class SessionManager
[DerivedLogger.emit] 2026-08-28T23:58:07.711Z [34mdebug[39m: Creating new instance of class [SessionManager] with name [SessionManager:default]

[DerivedLogger.emit] 2026-08-28T23:58:07.711Z [32minfo[39m: Registering class RedisSessionStore
[DerivedLogger.emit] 2026-08-28T23:58:07.712Z [34mdebug[39m: Creating new instance of class [RedisSessionStore] with name [RedisSessionStore:d3cb1b1a-92c2-434d-bc40-db0fc0dd57a6]

[SessionManager.emit] 2026-08-28T23:58:07.713Z [32minfo[39m: Session support enabled (store: redis).

[DerivedLogger.emit] 2026-08-28T23:58:07.713Z [32minfo[39m: Registering class RouteUtils
[DerivedLogger.emit] 2026-08-28T23:58:07.713Z [34mdebug[39m: Creating new instance of class [RouteUtils] with name [RouteUtils:default]
[DerivedLogger.emit] 2026-08-28T23:58:07.714Z [32minfo[39m: Registering class AuthMiddleware
[DerivedLogger.emit] 2026-08-28T23:58:07.714Z [34mdebug[39m: Creating new instance of class [AuthMiddleware] with name [AuthMiddleware:default]
[DerivedLogger.emit] 2026-08-28T23:58:07.715Z [32minfo[39m: Registering class auth.JWTStrategy
[DerivedLogger.emit] 2026-08-28T23:58:07.716Z [34mdebug[39m: Creating new instance of class [auth.JWTStrategy] with name [auth.JWTStrategy:e696d440-c5e2-42bf-a16d-fa554ee1cb06]

[DerivedLogger.emit] 2026-08-28T23:58:07.717Z [32minfo[39m: Starting background services...
[DerivedLogger.emit] 2026-08-28T23:58:07.717Z [32minfo[39m: Registering class BackgroundServiceManager
[DerivedLogger.emit] 2026-08-28T23:58:07.718Z [34mdebug[39m: Creating new instance of class [BackgroundServiceManager] with name [BackgroundServiceManager:default]

[BackgroundServiceManager.emit] 2026-08-28T23:58:07.718Z [32minfo[39m: Starting service DefaultAccountsSQL...
[DerivedLogger.emit] 2026-08-28T23:58:07.719Z [34mdebug[39m: Creating new instance of class [DefaultAccountsSQL] with name [DefaultAccountsSQL:DefaultAccountsSQL]
[DerivedLogger.emit] 2026-08-28T23:58:07.720Z [32minfo[39m: Registering class RepoUtils
[DerivedLogger.emit] 2026-08-28T23:58:07.721Z [34mdebug[39m: Creating new instance of class [RepoUtils] with name [RepoUtils:AliasSQL]
[DerivedLogger.emit] 2026-08-28T23:58:07.722Z [32minfo[39m: Unable to register class undefined for ACLUtils/undefined
[DerivedLogger.emit] 2026-08-28T23:58:07.722Z [32minfo[39m: Registering class NotificationUtils
[DerivedLogger.emit] 2026-08-28T23:58:07.723Z [34mdebug[39m: Creating new instance of class [NotificationUtils] with name [NotificationUtils:default]

[DerivedLogger.emit] 2026-08-28T23:58:07.738Z [34mdebug[39m: Creating new instance of class [RepoUtils] with name [RepoUtils:ProfileSQL]
[DerivedLogger.emit] 2026-08-28T23:58:07.739Z [32minfo[39m: Unable to register class undefined for ACLUtils/undefined

[DerivedLogger.emit] 2026-08-28T23:58:07.745Z [34mdebug[39m: Creating new instance of class [RepoUtils] with name [RepoUtils:SecretSQL]
[DerivedLogger.emit] 2026-08-28T23:58:07.746Z [32minfo[39m: Unable to register class undefined for ACLUtils/undefined

[DerivedLogger.emit] 2026-08-28T23:58:07.753Z [34mdebug[39m: Creating new instance of class [RepoUtils] with name [RepoUtils:UserSQL]
[DerivedLogger.emit] 2026-08-28T23:58:07.754Z [32minfo[39m: Unable to register class undefined for ACLUtils/undefined

[DefaultAccountsSQL.emit] 2026-08-28T23:58:07.833Z [32minfo[39m: ================================================================================
[DefaultAccountsSQL.emit] 2026-08-28T23:58:07.834Z [32minfo[39m: !!!IMPORTANT!!! Write down this information. It won&apos;t be shown again.
[DefaultAccountsSQL.emit] 2026-08-28T23:58:07.834Z [32minfo[39m: ================================================================================
[DefaultAccountsSQL.emit] 2026-08-28T23:58:07.835Z [32minfo[39m: An account has been created with the following details:
[DefaultAccountsSQL.emit] 2026-08-28T23:58:07.835Z [32minfo[39m: ------------------------------
[DefaultAccountsSQL.emit] 2026-08-28T23:58:07.835Z [32minfo[39m: Name: admin
[DefaultAccountsSQL.emit] 2026-08-28T23:58:07.836Z [32minfo[39m: Password: &apos;Go%l6tJoO2@bS%RdQ5$+WLpyX#Y^Rfp8&apos;
[DefaultAccountsSQL.emit] 2026-08-28T23:58:07.837Z [32minfo[39m: Roles: admin
[DefaultAccountsSQL.emit] 2026-08-28T23:58:07.837Z [32minfo[39m: ================================================================================

[DerivedLogger.emit] 2026-08-28T23:58:07.838Z [32minfo[39m: Initializing event manager...
[DerivedLogger.emit] 2026-08-28T23:58:07.838Z [32minfo[39m: Registering class EventListenerManager
[DerivedLogger.emit] 2026-08-28T23:58:07.839Z [34mdebug[39m: Creating new instance of class [EventListenerManager] with name [EventListenerManager:default]

[DerivedLogger.emit] 2026-08-28T23:58:07.840Z [32minfo[39m: Scanning for routes...
[DerivedLogger.emit] 2026-08-28T23:58:07.840Z [34mdebug[39m: Creating new instance of class [routes.AccountRoute] with name [routes.AccountRoute:default]
[DerivedLogger.emit] 2026-08-28T23:58:07.841Z [32minfo[39m: Registering class MessagingUtils
[DerivedLogger.emit] 2026-08-28T23:58:07.841Z [34mdebug[39m: Creating new instance of class [MessagingUtils] with name [MessagingUtils:default]
[DerivedLogger.emit] 2026-08-28T23:58:07.841Z [32minfo[39m: Registering class TokenUtils
[DerivedLogger.emit] 2026-08-28T23:58:07.842Z [34mdebug[39m: Creating new instance of class [TokenUtils] with name [TokenUtils:default]
[DerivedLogger.emit] 2026-08-28T23:58:07.842Z [32minfo[39m: Registering class RateLimiter
[DerivedLogger.emit] 2026-08-28T23:58:07.843Z [34mdebug[39m: Creating new instance of class [RateLimiter] with name [RateLimiter:default]
[DerivedLogger.emit] 2026-08-28T23:58:07.843Z [32minfo[39m: Registering class MemoryStore
[DerivedLogger.emit] 2026-08-28T23:58:07.844Z [34mdebug[39m: Creating new instance of class [MemoryStore] with name [MemoryStore:default]

[RouteUtils.emit] 2026-08-28T23:58:07.845Z [32minfo[39m: Registered Route: DELETE /api/accounts/:id
[RouteUtils.emit] 2026-08-28T23:58:07.847Z [32minfo[39m: Registered Route: GET /api/accounts/:id
[RouteUtils.emit] 2026-08-28T23:58:07.848Z [32minfo[39m: Registered Route: POST /api/accounts/:id/revokeSessions

[DerivedLogger.emit] 2026-08-28T23:58:07.848Z [34mdebug[39m: Creating new instance of class [routes.AuthBasicRoute] with name [routes.AuthBasicRoute:default]

[DerivedLogger.emit] 2026-08-28T23:58:07.849Z [32minfo[39m: Registering class UserUtils
[DerivedLogger.emit] 2026-08-28T23:58:07.850Z [34mdebug[39m: Creating new instance of class [UserUtils] with name [UserUtils:default]

[DerivedLogger.emit] 2026-08-28T23:58:07.850Z [32minfo[39m: Registering class BasicStrategy
[DerivedLogger.emit] 2026-08-28T23:58:07.851Z [34mdebug[39m: Creating new instance of class [BasicStrategy] with name [BasicStrategy:default]

[RouteUtils.emit] 2026-08-28T23:58:07.851Z [32minfo[39m: Registered Route: GET /api/auth/password

[DerivedLogger.emit] 2026-08-28T23:58:07.851Z [34mdebug[39m: Creating new instance of class [routes.AuthFacebookRoute] with name [routes.AuthFacebookRoute:default]

[DerivedLogger.emit] 2026-08-28T23:58:07.852Z [32minfo[39m: Registering class OIDCStrategy
[DerivedLogger.emit] 2026-08-28T23:58:07.853Z [34mdebug[39m: Creating new instance of class [OIDCStrategy] with name [OIDCStrategy:facebook]

[RouteUtils.emit] 2026-08-28T23:58:07.854Z [32minfo[39m: Registered Route: POST /api/auth/facebook
[RouteUtils.emit] 2026-08-28T23:58:07.854Z [32minfo[39m: Registered Route: GET /api/auth/facebook
[RouteUtils.emit] 2026-08-28T23:58:07.854Z [32minfo[39m: Registered Route: GET /api/auth/facebook/authorize

[DerivedLogger.emit] 2026-08-28T23:58:07.855Z [34mdebug[39m: Creating new instance of class [routes.AuthGoogleRoute] with name [routes.AuthGoogleRoute:default]

[DerivedLogger.emit] 2026-08-28T23:58:07.856Z [34mdebug[39m: Creating new instance of class [OIDCStrategy] with name [OIDCStrategy:google]

[RouteUtils.emit] 2026-08-28T23:58:07.856Z [32minfo[39m: Registered Route: POST /api/auth/google
[RouteUtils.emit] 2026-08-28T23:58:07.856Z [32minfo[39m: Registered Route: GET /api/auth/google
[RouteUtils.emit] 2026-08-28T23:58:07.857Z [32minfo[39m: Registered Route: GET /api/auth/google/authorize

[DerivedLogger.emit] 2026-08-28T23:58:07.857Z [34mdebug[39m: Creating new instance of class [routes.AuthMFARoute] with name [routes.AuthMFARoute:default]

[DerivedLogger.emit] 2026-08-28T23:58:07.858Z [32minfo[39m: Registering class MFAStrategy
[DerivedLogger.emit] 2026-08-28T23:58:07.860Z [34mdebug[39m: Creating new instance of class [MFAStrategy] with name [MFAStrategy:default]

[RouteUtils.emit] 2026-08-28T23:58:07.861Z [32minfo[39m: Registered Route: POST /api/auth/mfa
[RouteUtils.emit] 2026-08-28T23:58:07.861Z [32minfo[39m: Registered Route: GET /api/auth/mfa

[DerivedLogger.emit] 2026-08-28T23:58:07.861Z [34mdebug[39m: Creating new instance of class [routes.AdminRoute] with name [routes.AdminRoute:default]

[routes.AdminRoute.emit] 2026-08-28T23:58:07.862Z [32minfo[39m: Cache is enabled and ready.

[RouteUtils.emit] 2026-08-28T23:58:07.863Z [32minfo[39m: Registered Route: GET /api/admin/clear-cache
[RouteUtils.emit] 2026-08-28T23:58:07.864Z [32minfo[39m: Registered Route: WS /api/admin/logs
[RouteUtils.emit] 2026-08-28T23:58:07.864Z [32minfo[39m: Registered Route: GET /api/admin/release-notes
[RouteUtils.emit] 2026-08-28T23:58:07.865Z [32minfo[39m: Registered Route: GET /api/admin/restart

[DerivedLogger.emit] 2026-08-28T23:58:07.865Z [34mdebug[39m: Creating new instance of class [routes.AliasRoute] with name [routes.AliasRoute:default]

[RouteUtils.emit] 2026-08-28T23:58:07.866Z [32minfo[39m: Registered Route: POST /api/aliases
[RouteUtils.emit] 2026-08-28T23:58:07.867Z [32minfo[39m: Registered Route: DELETE /api/aliases/:id
[RouteUtils.emit] 2026-08-28T23:58:07.867Z [32minfo[39m: Registered Route: GET /api/aliases
[RouteUtils.emit] 2026-08-28T23:58:07.868Z [32minfo[39m: Registered Route: GET /api/aliases/:id/sendCode
[RouteUtils.emit] 2026-08-28T23:58:07.869Z [32minfo[39m: Registered Route: PUT /api/aliases/:id
[RouteUtils.emit] 2026-08-28T23:58:07.869Z [32minfo[39m: Registered Route: PUT /api/aliases
[RouteUtils.emit] 2026-08-28T23:58:07.870Z [32minfo[39m: Registered Route: PUT /api/aliases/:id/:property
[RouteUtils.emit] 2026-08-28T23:58:07.870Z [32minfo[39m: Registered Route: POST /api/aliases/:id/verify
[RouteUtils.emit] 2026-08-28T23:58:07.871Z [32minfo[39m: Registered Route: HEAD /api/aliases
[RouteUtils.emit] 2026-08-28T23:58:07.871Z [32minfo[39m: Registered Route: HEAD /api/aliases/:id
[RouteUtils.emit] 2026-08-28T23:58:07.872Z [32minfo[39m: Registered Route: GET /api/aliases/:id
[RouteUtils.emit] 2026-08-28T23:58:07.873Z [32minfo[39m: Registered Route: DELETE /api/aliases

[DerivedLogger.emit] 2026-08-28T23:58:07.873Z [34mdebug[39m: Creating new instance of class [routes.AuthPasskeyRoute] with name [routes.AuthPasskeyRoute:default]

[DerivedLogger.emit] 2026-08-28T23:58:07.874Z [32minfo[39m: Registering class PasskeyStrategy
[DerivedLogger.emit] 2026-08-28T23:58:07.875Z [34mdebug[39m: Creating new instance of class [PasskeyStrategy] with name [PasskeyStrategy:default]

[RouteUtils.emit] 2026-08-28T23:58:07.875Z [32minfo[39m: Registered Route: POST /api/auth/passkey
[RouteUtils.emit] 2026-08-28T23:58:07.876Z [32minfo[39m: Registered Route: GET /api/auth/passkey

[DerivedLogger.emit] 2026-08-28T23:58:07.876Z [34mdebug[39m: Creating new instance of class [routes.AdminConsoleRoute] with name [routes.AdminConsoleRoute:default]
[DerivedLogger.emit] 2026-08-28T23:58:07.877Z [32minfo[39m: Registering class RedisStore
[DerivedLogger.emit] 2026-08-28T23:58:07.877Z [34mdebug[39m: Creating new instance of class [RedisStore] with name [RedisStore:default]
[DerivedLogger.emit] 2026-08-28T23:58:07.878Z [32minfo[39m: Registering class ObjectFactory

[RouteUtils.emit] 2026-08-28T23:58:07.879Z [32minfo[39m: Registered Route: GET /admin/*
[...]
        </testcase>
        <testcase classname="test/apps/admin/_components/RoleScopeEditor.test.tsx" name="RoleScopeEditor &gt; removes a value when its chip&apos;s remove button is clicked" time="0.0633365">
        </testcase>
        <testcase classname="test/apps/admin/_components/RoleScopeEditor.test.tsx" name="RoleScopeEditor &gt; hides the input and remove buttons when disabled" time="0.0019998">
        </testcase>
    </testsuite>
    <testsuite name="test/apps/admin/_components/UserIdentifiersCard.test.tsx" timestamp="2026-08-28T23:59:25.057Z" hostname="Jane" tests="13" failures="0" errors="0" skipped="0" time="1.9031304">
        <testcase classname="test/apps/admin/_components/UserIdentifiersCard.test.tsx" name="UserIdentifiersCard &gt; shows a load error when listing aliases fails" time="0.0483027">
        </testcase>
        <testcase classname="test/apps/admin/_components/UserIdentifiersCard.test.tsx" name="UserIdentifiersCard &gt; shows a generic load error for a non-API failure" time="0.0115787">
        </testcase>
        <testcase classname="test/apps/admin/_components/UserIdentifiersCard.test.tsx" name="UserIdentifiersCard &gt; shows an empty state when there are no identifiers" time="0.0152928">
        </testcase>
        <testcase classname="test/apps/admin/_components/UserIdentifiersCard.test.tsx" name="UserIdentifiersCard &gt; renders a row per identifier with type and verified status" time="0.0198785">
        </testcase>
        <testcase classname="test/apps/admin/_components/UserIdentifiersCard.test.tsx" name="UserIdentifiersCard &gt; does nothing when the add form is submitted with a blank value" time="0.1198742">
        </testcase>
        <testcase classname="test/apps/admin/_components/UserIdentifiersCard.test.tsx" name="UserIdentifiersCard &gt; seeds the list from [] when adding before the initial load has finished" time="0.3121765">
        </testcase>
        <testcase classname="test/apps/admin/_components/UserIdentifiersCard.test.tsx" name="UserIdentifiersCard &gt; adds an identifier and appends it to the list" time="0.2975499">
        </testcase>
        <testcase classname="test/apps/admin/_components/UserIdentifiersCard.test.tsx" name="UserIdentifiersCard &gt; shows an add error when creating the alias fails" time="0.3605711">
        </testcase>
        <testcase classname="test/apps/admin/_components/UserIdentifiersCard.test.tsx" name="UserIdentifiersCard &gt; shows a generic add error for a non-API failure" time="0.3597863">
        </testcase>
        <testcase classname="test/apps/admin/_components/UserIdentifiersCard.test.tsx" name="UserIdentifiersCard &gt; does nothing when removal is declined" time="0.0900166">
        </testcase>
        <testcase classname="test/apps/admin/_components/UserIdentifiersCard.test.tsx" name="UserIdentifiersCard &gt; removes an identifier after confirmation" time="0.0937305">
        </testcase>
        <testcase classname="test/apps/admin/_components/UserIdentifiersCard.test.tsx" name="UserIdentifiersCard &gt; shows an error when removal fails" time="0.0793091">
        </testcase>
        <testcase classname="test/apps/admin/_components/UserIdentifiersCard.test.tsx" name="UserIdentifiersCard &gt; shows a generic error when removal fails with a non-API error" time="0.0926488">
        </testcase>
    </testsuite>
    <testsuite name="test/apps/admin/_components/UserOverviewCard.test.tsx" timestamp="2026-08-28T23:59:25.058Z" hostname="Jane" tests="9" failures="0" errors="0" skipped="0" time="0.6631807">
        <testcase classname="test/apps/admin/_components/UserOverviewCard.test.tsx" name="UserOverviewCard &gt; renders the account&apos;s uid, dates, roles, scopes, verified, and requireMFA state" time="0.0465689">
        </testcase>
        <testcase classname="test/apps/admin/_components/UserOverviewCard.test.tsx" name="UserOverviewCard &gt; saves roles/scopes/verified/requireMFA edits and reports the updated user" time="0.3588215">
        </testcase>
        <testcase classname="test/apps/admin/_components/UserOverviewCard.test.tsx" name="UserOverviewCard &gt; clears the &apos;Saved.&apos; indicator once a field changes again" time="0.1112505">
        </testcase>
        <testcase classname="test/apps/admin/_components/UserOverviewCard.test.tsx" name="UserOverviewCard &gt; shows the ApiRequestError message when saving fails" time="0.0596579">
        </testcase>
        <testcase classname="test/apps/admin/_components/UserOverviewCard.test.tsx" name="UserOverviewCard &gt; shows a generic message when saving fails with a non-API error" time="0.0621743">
        </testcase>
        <testcase classname="test/apps/admin/_components/UserOverviewCard.test.tsx" name="UserOverviewCard &gt; renders an empty date when dateCreated/dateModified are missing" time="0.0041266">
        </testcase>
        <testcase classname="test/apps/admin/_components/UserOverviewCard.test.tsx" name="UserOverviewCard &gt; falls back to the raw ISO string if toLocaleString throws" time="0.0043692">
        </testcase>
        <testcase classname="test/apps/admin/_components/UserOverviewCard.test.tsx" name="UserOverviewCard &gt; tolerates a malformed API response with roles/scopes/verified missing" time="0.0053615">
        </testcase>
        <testcase classname="test/apps/admin/_components/UserOverviewCard.test.tsx" name="UserOverviewCard &gt; reseeds its fields when a different account is loaded" time="0.0088694">
        </testcase>
    </testsuite>
    <testsuite name="test/apps/admin/_components/UserProfileCard.test.tsx" timestamp="2026-08-28T23:59:25.059Z" hostname="Jane" tests="9" failures="0" errors="0" skipped="0" time="1.03432">
        <testcase classname="test/apps/admin/_components/UserProfileCard.test.tsx" name="UserProfileCard &gt; renders nothing until the initial load settles" time="0.0114627">
        </testcase>
        <testcase classname="test/apps/admin/_components/UserProfileCard.test.tsx" name="UserProfileCard &gt; shows a load error when getUserProfile fails" time="0.0234371">
        </testcase>
        <testcase classname="test/apps/admin/_components/UserProfileCard.test.tsx" name="UserProfileCard &gt; shows a generic load error for a non-API failure" time="0.0134224">
        </testcase>
        <testcase classname="test/apps/admin/_components/UserProfileCard.test.tsx" name="UserProfileCard &gt; populates fields from an existing profile, truncating a timestamp birthdate to a date" time="0.0199873">
        </testcase>
        <testcase classname="test/apps/admin/_components/UserProfileCard.test.tsx" name="UserProfileCard &gt; creates a profile (POST) when none existed" time="0.2302412">
        </testcase>
        <testcase classname="test/apps/admin/_components/UserProfileCard.test.tsx" name="UserProfileCard &gt; updates a profile (PUT) with the existing version when one already exists" time="0.2329172">
        </testcase>
        <testcase classname="test/apps/admin/_components/UserProfileCard.test.tsx" name="UserProfileCard &gt; saves an edited birthdate and clears the &apos;Saved.&apos; indicator on further edits" time="0.3448673">
        </testcase>
        <testcase classname="test/apps/admin/_components/UserProfileCard.test.tsx" name="UserProfileCard &gt; shows the ApiRequestError message when saving fails" time="0.0801684">
        </testcase>
        <testcase classname="test/apps/admin/_components/UserProfileCard.test.tsx" name="UserProfileCard &gt; shows a generic message when saving fails with a non-API error" time="0.0756783">
        </testcase>
    </testsuite>
    <testsuite name="test/apps/admin/_components/UserSearchBar.test.tsx" timestamp="2026-08-28T23:59:25.060Z" hostname="Jane" tests="3" failures="0" errors="0" skipped="0" time="0.5214546">
        <testcase classname="test/apps/admin/_components/UserSearchBar.test.tsx" name="UserSearchBar &gt; submits the default filters unchanged" time="0.1410691">
        </testcase>
        <testcase classname="test/apps/admin/_components/UserSearchBar.test.tsx" name="UserSearchBar &gt; submits the entered query, role, and verified filter" time="0.3703108">
        </testcase>
        <testcase classname="test/apps/admin/_components/UserSearchBar.test.tsx" name="UserSearchBar &gt; disables the Search button while searching" time="0.007738">
        </testcase>
    </testsuite>
    <testsuite name="test/apps/admin/_components/UserSecretsCard.test.tsx" timestamp="2026-08-28T23:59:25.060Z" hostname="Jane" tests="17" failures="0" errors="0" skipped="0" time="3.7894517">
        <testcase classname="test/apps/admin/_components/UserSecretsCard.test.tsx" name="UserSecretsCard &gt; shows a load error when listing secrets fails" time="0.0445802">
        </testcase>
        <testcase classname="test/apps/admin/_components/UserSecretsCard.test.tsx" name="UserSecretsCard &gt; shows a generic load error for a non-API failure" time="0.014448">
        </testcase>
        <testcase classname="test/apps/admin/_components/UserSecretsCard.test.tsx" name="UserSecretsCard &gt; shows an empty state with no sign-in methods" time="0.0167125">
        </testcase>
        <testcase classname="test/apps/admin/_components/UserSecretsCard.test.tsx" name="UserSecretsCard &gt; renders a row per secret including its hint" time="0.0301748">
        </testcase>
        <testcase classname="test/apps/admin/_components/UserSecretsCard.test.tsx" name="UserSecretsCard &gt; falls back to the raw ISO string if toLocaleDateString throws" time="0.0163615">
        </testcase>
        <testcase classname="test/apps/admin/_components/UserSecretsCard.test.tsx" name="UserSecretsCard &gt; does nothing to remove a secret when the confirmation is declined" time="0.1225245">
        </testcase>
        <testcase classname="test/apps/admin/_components/UserSecretsCard.test.tsx" name="UserSecretsCard &gt; removes a secret after confirmation" time="0.0928489">
        </testcase>
        <testcase classname="test/apps/admin/_components/UserSecretsCard.test.tsx" name="UserSecretsCard &gt; shows the ApiRequestError message when removal fails" time="0.0786137">
        </testcase>
        <testcase classname="test/apps/admin/_components/UserSecretsCard.test.tsx" name="UserSecretsCard &gt; shows a generic message when removal fails with a non-API error" time="0.0774949">
        </testcase>
        <testcase classname="test/apps/admin/_components/UserSecretsCard.test.tsx" name="UserSecretsCard &gt; Set password modal &gt; rejects a weak password on a force-submit (the Save button is otherwise disabled)" time="0.2056769">
        </testcase>
        <testcase classname="test/apps/admin/_components/UserSecretsCard.test.tsx" name="UserSecretsCard &gt; Set password modal &gt; rejects mismatched passwords on a force-submit" time="0.5061447">
        </testcase>
        <testcase classname="test/apps/admin/_components/UserSecretsCard.test.tsx" name="UserSecretsCard &gt; Set password modal &gt; updates the existing password secret in place, without creating or deleting anything" time="0.5200609">
        </testcase>
        <testcase classname="test/apps/admin/_components/UserSecretsCard.test.tsx" name="UserSecretsCard &gt; Set password modal &gt; creates a new password secret when the account has none yet" time="0.4974395">
        </testcase>
        <testcase classname="test/apps/admin/_components/UserSecretsCard.test.tsx" name="UserSecretsCard &gt; Set password modal &gt; shows the ApiRequestError message when setting the password fails" time="0.4985213">
        </testcase>
        <testcase classname="test/apps/admin/_components/UserSecretsCard.test.tsx" name="UserSecretsCard &gt; Set password modal &gt; shows a generic message when setting the password fails with a non-API error" time="0.5162961">
        </testcase>
        <testcase classname="test/apps/admin/_components/UserSecretsCard.test.tsx" name="UserSecretsCard &gt; Set password modal &gt; sets a password when opened before the secret list has finished loading" time="0.436534">
        </testcase>
        <testcase classname="test/apps/admin/_components/UserSecretsCard.test.tsx" name="UserSecretsCard &gt; Set password modal &gt; closes via the modal&apos;s own close control" time="0.1127897">
        </testcase>
    </testsuite>
    <testsuite name="test/apps/admin/_components/UserStatusBadge.test.tsx" timestamp="2026-08-28T23:59:25.062Z" hostname="Jane" tests="3" failures="0" errors="0" skipped="0" time="0.0226414">
        <testcase classname="test/apps/admin/_components/UserStatusBadge.test.tsx" name="UserStatusBadge &gt; renders &apos;Verified&apos; with the success class when verified" time="0.0180463">
        </testcase>
        <testcase classname="test/apps/admin/_components/UserStatusBadge.test.tsx" name="UserStatusBadge &gt; renders &apos;Unverified&apos; without the success class when not verified" time="0.0015914">
        </testcase>
        <testcase classname="test/apps/admin/_components/UserStatusBadge.test.tsx" name="UserStatusBadge &gt; treats an undefined verified as unverified" time="0.0011699">
        </testcase>
    </testsuite>
    <testsuite name="test/apps/admin/_components/UserTable.test.tsx" timestamp="2026-08-28T23:59:25.062Z" hostname="Jane" tests="7" failures="0" errors="0" skipped="0" time="0.1929125">
        <testcase classname="test/apps/admin/_components/UserTable.test.tsx" name="UserTable &gt; renders an empty state when there are no users" time="0.0182867">
        </testcase>
        <testcase classname="test/apps/admin/_components/UserTable.test.tsx" name="UserTable &gt; renders a row per user with aliases, roles, scopes, status, and a formatted date" time="0.0849251">
        </testcase>
        <testcase classname="test/apps/admin/_components/UserTable.test.tsx" name="UserTable &gt; renders a placeholder when a user has no aliases, roles, or scopes" time="0.003958">
        </testcase>
        <testcase classname="test/apps/admin/_components/UserTable.test.tsx" name="UserTable &gt; tolerates a user record missing roles/scopes entirely (defensive fallback)" time="0.0028417">
        </testcase>
        <testcase classname="test/apps/admin/_components/UserTable.test.tsx" name="UserTable &gt; falls back to the raw ISO string if toLocaleDateString throws" time="0.0041445">
        </testcase>
        <testcase classname="test/apps/admin/_components/UserTable.test.tsx" name="UserTable &gt; renders an empty date cell when dateCreated is missing" time="0.0085735">
        </testcase>
        <testcase classname="test/apps/admin/_components/UserTable.test.tsx" name="UserTable &gt; calls onDelete with the user when Delete is clicked" time="0.0681313">
        </testcase>
    </testsuite>
    <testsuite name="test/apps/admin/_lib/adminApi.test.ts" timestamp="2026-08-28T23:59:25.063Z" hostname="Jane" tests="26" failures="0" errors="0" skipped="0" time="0.0225828">
        <testcase classname="test/apps/admin/_lib/adminApi.test.ts" name="ensureElevated &gt; hits the elevation- and trusted-role-gated release-notes endpoint" time="0.0050858">
        </testcase>
        <testcase classname="test/apps/admin/_lib/adminApi.test.ts" name="listUsers &gt; builds the default query (limit, page, sort)" time="0.000603">
        </testcase>
        <testcase classname="test/apps/admin/_lib/adminApi.test.ts" name="listUsers &gt; includes role, verified, and uid filters when provided" time="0.000509">
        </testcase>
        <testcase classname="test/apps/admin/_lib/adminApi.test.ts" name="listUsers &gt; encodes a false verified filter (distinguishing it from &apos;unset&apos;)" time="0.000251">
        </testcase>
        <testcase classname="test/apps/admin/_lib/adminApi.test.ts" name="getUser / createUser / updateUser / deleteUser &gt; getUser fetches /users/:id" time="0.0002959">
        </testcase>
        <testcase classname="test/apps/admin/_lib/adminApi.test.ts" name="getUser / createUser / updateUser / deleteUser &gt; createUser posts roles/scopes/verified/requireMFA and unwraps the returned AuthResult&apos;s user" time="0.0007858">
        </testcase>
        <testcase classname="test/apps/admin/_lib/adminApi.test.ts" name="getUser / createUser / updateUser / deleteUser &gt; updateUser PUTs to /users/:uid with the input" time="0.0003175">
        </testcase>
        <testcase classname="test/apps/admin/_lib/adminApi.test.ts" name="getUser / createUser / updateUser / deleteUser &gt; updateUser includes requireMFA when provided" time="0.0002995">
        </testcase>
        <testcase classname="test/apps/admin/_lib/adminApi.test.ts" name="getUser / createUser / updateUser / deleteUser &gt; deleteUser sends version and omits purge by default" time="0.0002798">
        </testcase>
        <testcase classname="test/apps/admin/_lib/adminApi.test.ts" name="getUser / createUser / updateUser / deleteUser &gt; deleteUser includes purge=true when requested" time="0.0002052">
        </testcase>
        <testcase classname="test/apps/admin/_lib/adminApi.test.ts" name="searchUsers &gt; delegates to listUsers when the query is blank" time="0.0004765">
        </testcase>
        <testcase classname="test/apps/admin/_lib/adminApi.test.ts" name="searchUsers &gt; merges uid substring matches with alias-resolved accounts, deduplicating by uid" time="0.0005978">
        </testcase>
        <testcase classname="test/apps/admin/_lib/adminApi.test.ts" name="searchUsers &gt; silently drops an alias whose account 404s (deleted between the two lookups)" time="0.0004084">
        </testcase>
        <testcase classname="test/apps/admin/_lib/adminApi.test.ts" name="searchUsers &gt; propagates a non-404 error while resolving an alias&apos;s account" time="0.0013395">
        </testcase>
        <testcase classname="test/apps/admin/_lib/adminApi.test.ts" name="aliases &gt; listUserAliases filters by userUid" time="0.0002719">
        </testcase>
        <testcase classname="test/apps/admin/_lib/adminApi.test.ts" name="aliases &gt; listAliasesForUsers filters by an in() list of userUids" time="0.0002678">
        </testcase>
        <testcase classname="test/apps/admin/_lib/adminApi.test.ts" name="aliases &gt; listAliasesForUsers skips the request entirely for an empty list" time="0.0001603">
        </testcase>
        <testcase classname="test/apps/admin/_lib/adminApi.test.ts" name="aliases &gt; createUserAlias posts type/alias/userUid" time="0.0002615">
        </testcase>
        <testcase classname="test/apps/admin/_lib/adminApi.test.ts" name="secrets &gt; listUserSecrets filters by userUid" time="0.0002304">
        </testcase>
        <testcase classname="test/apps/admin/_lib/adminApi.test.ts" name="secrets &gt; createUserPasswordSecret posts the password with a hint" time="0.0031672">
        </testcase>
        <testcase classname="test/apps/admin/_lib/adminApi.test.ts" name="secrets &gt; createUserPasswordSecret omits hint when not given" time="0.0002373">
        </testcase>
        <testcase classname="test/apps/admin/_lib/adminApi.test.ts" name="profile &gt; getUserProfile returns the profile on success" time="0.0004576">
        </testcase>
        <testcase classname="test/apps/admin/_lib/adminApi.test.ts" name="profile &gt; getUserProfile returns null on 404" time="0.0002699">
        </testcase>
        <testcase classname="test/apps/admin/_lib/adminApi.test.ts" name="profile &gt; getUserProfile rethrows non-404 errors" time="0.0002517">
        </testcase>
        <testcase classname="test/apps/admin/_lib/adminApi.test.ts" name="profile &gt; upsertUserProfile POSTs when there is no existing profile" time="0.0002772">
        </testcase>
        <testcase classname="test/apps/admin/_lib/adminApi.test.ts" name="profile &gt; upsertUserProfile PUTs with the existing version when a profile already exists" time="0.0002329">
        </testcase>
    </testsuite>
</testsuites>
